2023-11-16 15:17:34 [@GS003021]
Interno #1: Executar olaticket
2023-11-16 16:18:53 [2@GS003021]
Interno #1: Executar graph
2023-11-16 16:24:32 [2@GS003021]
Interno #1: Executar temp
2023-11-16 16:38:52 [2@GS003021]
Interno #1: Executar slaticket
2023-11-16 16:44:45 [2@GS003021]
Interno #1: Executar checkdbreplicate
2023-11-16 16:49:51 [2@GS003021]
Interno #1: Executar olaticket
2023-11-16 17:05:07 [2@GS003021]
Interno #1: Executar slaticket
2023-11-16 17:10:15 [2@GS003021]
Interno #1: Executar checkdbreplicate
2023-11-16 17:17:53 [2@GS003021]
Interno #1: Executar olaticket
2023-11-16 17:28:37 [2@GS003021]
Interno #1: Executar slaticket
2023-11-16 17:35:20 [2@GS003021]
Interno #1: Executar checkdbreplicate
2023-11-16 17:41:54 [2@GS003021]
Interno #1: Executar graph
2023-11-16 17:53:22 [2@GS003021]
Interno #1: Executar olaticket
2023-11-16 18:02:15 [2@GS003021]
Interno #1: Executar temp
2023-11-16 18:07:49 [2@GS003021]
Interno #1: Executar slaticket
2023-11-16 18:13:53 [2@GS003021]
Interno #1: Executar checkdbreplicate
2023-11-16 18:19:57 [2@GS003021]
Interno #1: Executar olaticket
2023-11-16 21:50:41 [2@GS003021]
Interno #1: Executar slaticket
2023-11-16 21:57:12 [2@GS003021]
Interno #1: Executar checkdbreplicate
2023-11-16 22:03:59 [2@GS003021]
Interno #1: Executar olaticket
2023-11-16 22:09:39 [2@GS003021]
Interno #1: Executar graph
2023-11-16 22:16:55 [2@GS003021]
Interno #1: Executar temp
2023-11-16 22:23:45 [2@GS003021]
Interno #1: Executar slaticket
2023-11-16 22:46:45 [2@GS003021]
Interno #1: Executar checkdbreplicate
2023-11-16 23:04:22 [2@GS003021]
Interno #1: Executar olaticket
2023-11-16 23:09:27 [2@GS003021]
Interno #1: Executar slaticket
2023-11-16 23:15:28 [2@GS003021]
Interno #1: Executar checkdbreplicate
2023-11-16 23:24:11 [2@GS003021]
Interno #1: Executar alertnotclosed
2023-11-16 23:31:54 [2@GS003021]
Interno #1: Executar graph
2023-11-16 23:38:10 [2@GS003021]
Interno #1: Executar olaticket
2023-11-16 23:48:10 [2@GS003021]
Interno #1: Executar slaticket
2023-11-16 23:56:24 [2@GS003021]
Interno #1: Executar temp
2023-11-17 00:01:42 [2@GS003021]
Interno #1: Executar checkdbreplicate
2023-11-17 00:06:53 [2@GS003021]
Interno #1: Executar olaticket
2023-11-17 00:12:07 [2@GS003021]
Interno #1: Executar closeticket
2023-11-17 08:37:36 [2@GS003021]
Interno #1: Executar slaticket
2023-11-17 08:44:22 [2@GS003021]
Interno #1: Executar checkdbreplicate
2023-11-17 08:53:54 [2@GS003021]
Interno #1: Executar olaticket
2023-11-17 09:04:17 [2@GS003021]
Interno #1: Executar graph
2023-11-17 09:15:59 [2@GS003021]
Interno #1: Executar temp
2023-11-17 09:22:18 [2@GS003021]
Interno #1: Executar slaticket
2023-11-17 09:36:16 [2@GS003021]
Interno #1: Executar checkdbreplicate
2023-11-17 09:41:43 [2@GS003021]
Interno #1: Executar olaticket
2023-11-17 09:47:30 [2@GS003021]
Interno #1: Executar slaticket
2023-11-17 10:04:54 [2@GS003021]
Interno #1: Executar checkdbreplicate
2023-11-17 10:10:39 [2@GS003021]
Interno #1: Executar olaticket
2023-11-17 10:15:50 [2@GS003021]
Interno #1: Executar slaticket
2023-11-17 10:43:34 [2@GS003021]
Interno #1: Executar graph
2023-11-17 10:48:36 [2@GS003021]
Interno #1: Executar checkdbreplicate
2023-11-17 10:55:24 [2@GS003021]
Interno #1: Executar temp
2023-11-17 11:00:36 [2@GS003021]
Interno #1: Executar olaticket
2023-11-17 11:07:13 [2@GS003021]
Interno #1: Executar slaticket
2023-11-17 11:09:53 [@GS003021]
Interno #1: Executar checkdbreplicate
2023-11-17 11:13:18 [2@GS003021]
Interno #1: Executar olaticket
2023-11-17 11:19:24 [2@GS003021]
Interno #1: Executar slaticket
2023-11-17 11:26:17 [2@GS003021]
Interno #1: Executar checkdbreplicate
2023-11-17 11:34:30 [2@GS003021]
Interno #1: Executar olaticket
2023-11-17 11:41:09 [2@GS003021]
Interno #1: Executar alertnotclosed
2023-11-17 11:49:04 [2@GS003021]
Interno #1: Executar slaticket
2023-11-17 11:55:33 [2@GS003021]
Interno #1: Executar checkdbreplicate
2023-11-17 12:04:34 [2@GS003021]
Interno #1: Executar olaticket
2023-11-17 13:07:25 [2@GS003021]
Interno #1: Executar graph
2023-11-17 13:31:37 [2@GS003021]
Interno #1: Executar slaticket
2023-11-17 13:36:49 [2@GS003021]
Interno #1: Executar temp
2023-11-17 13:43:43 [2@GS003021]
Interno #1: Executar watcher
2023-11-17 13:43:46 [2@GS003021]
Erro ao enviar o e-mail<br/>SMTP connect() failed. https://github.com/PHPMailer/PHPMailer/wiki/Troubleshooting
2023-11-17 13:49:46 [2@GS003021]
Interno #1: Executar checkdbreplicate
2023-11-17 13:55:49 [2@GS003021]
Interno #1: Executar olaticket
2023-11-17 14:01:52 [2@GS003021]
Interno #1: Executar session
2023-11-17 14:07:56 [2@GS003021]
Interno #1: Executar closeticket
2023-11-17 14:11:21 [@GS003021]
Interno #1: Executar queuednotificationclean
2023-11-17 14:17:17 [2@GS003021]
Interno #1: Executar contract
2023-11-17 14:53:34 [2@GS003021]
Interno #1: Executar mailgateerror
2023-11-17 14:59:42 [2@GS003021]
Interno #1: Executar slaticket
2023-11-17 15:05:46 [2@GS003021]
Interno #1: Executar checkdbreplicate
2023-11-17 15:11:53 [2@GS003021]
Interno #1: Executar olaticket
2023-11-17 15:18:00 [2@GS003021]
Interno #1: Executar graph
2023-11-17 15:25:03 [2@GS003021]
Interno #1: Executar certificate
2023-11-17 15:31:31 [2@GS003021]
Interno #1: Executar temp
2023-11-17 15:36:34 [2@GS003021]
Interno #1: Executar infocom
2023-11-17 15:42:43 [2@GS003021]
Interno #1: Executar slaticket
2023-11-17 15:48:39 [2@GS003021]
Interno #1: Executar checkdbreplicate
2023-11-17 15:54:35 [2@GS003021]
Interno #1: Executar olaticket
2023-11-17 15:59:47 [2@GS003021]
Interno #1: Executar slaticket
2023-11-17 16:05:50 [2@GS003021]
Interno #1: Executar checkdbreplicate
2023-11-17 16:11:55 [2@GS003021]
Interno #1: Executar olaticket
2023-11-17 16:17:32 [2@GS003021]
Interno #1: Executar slaticket
2023-11-17 16:22:51 [2@GS003021]
Interno #1: Executar checkdbreplicate
2023-11-17 16:23:15 [2@GS003021]
Interno #1: Executar olaticket
2023-11-17 16:29:48 [2@GS003021]
Interno #1: Executar graph
2023-11-17 16:35:55 [2@GS003021]
Interno #1: Executar slaticket
2023-11-17 16:41:58 [2@GS003021]
Interno #1: Executar checkdbreplicate
2023-11-17 16:48:08 [2@GS003021]
Interno #1: Executar olaticket
2023-11-17 16:54:14 [2@GS003021]
Interno #1: Executar temp
2023-11-17 17:22:04 [2@GS003021]
Interno #1: Executar slaticket
2023-11-17 17:28:06 [2@GS003021]
Interno #1: Executar checkdbreplicate
2023-11-17 17:34:12 [2@GS003021]
Interno #1: Executar olaticket
2023-11-17 17:40:19 [2@GS003021]
Interno #1: Executar slaticket
2023-11-17 17:49:16 [2@GS003021]
Interno #1: Executar graph
2023-11-17 18:10:08 [2@GS003021]
Interno #1: Executar checkdbreplicate
2023-11-17 18:15:12 [2@GS003021]
Interno #1: Executar olaticket
2023-11-17 18:36:58 [2@GS003021]
Interno #1: Executar slaticket
2023-11-17 18:43:56 [2@GS003021]
Interno #1: Executar temp
2023-11-17 18:51:58 [2@GS003021]
Interno #1: Executar checkdbreplicate
2023-11-17 18:58:35 [2@GS003021]
Interno #1: Executar olaticket
2023-11-17 19:03:43 [2@GS003021]
Interno #1: Executar slaticket
2023-11-17 19:08:56 [58@GS003021]
Interno #1: Executar graph
2023-11-17 19:12:02 [2@GS003021]
Interno #1: Executar checkdbreplicate
2023-11-17 19:16:15 [58@GS003021]
Interno #1: Executar olaticket
2023-11-17 19:40:22 [58@GS003021]
Interno #1: Executar slaticket
2023-11-17 19:58:46 [58@GS003021]
Interno #1: Executar checkdbreplicate
2023-11-17 19:59:07 [2@GS003021]
Interno #1: Executar olaticket
2023-11-17 19:59:50 [@GS003021]
Interno #1: Executar temp
2023-11-17 20:04:17 [2@GS003021]
Interno #1: Executar slaticket
2023-11-17 21:25:14 [2@GS003021]
Interno #1: Executar checkdbreplicate
2023-11-17 21:44:07 [2@GS003021]
Interno #1: Executar olaticket
2023-11-17 21:49:24 [2@GS003021]
Interno #1: Executar graph
2023-11-17 21:55:24 [2@GS003021]
Interno #1: Executar slaticket
2023-11-17 22:01:33 [2@GS003021]
Interno #1: Executar temp
2023-11-17 22:26:31 [2@GS003021]
Interno #1: Executar checkdbreplicate
2023-11-17 22:44:05 [2@GS003021]
Interno #1: Executar olaticket
2023-11-17 22:49:21 [2@GS003021]
Interno #1: Executar slaticket
2023-11-17 22:55:49 [2@GS003021]
Interno #1: Executar checkdbreplicate
2023-11-17 23:03:38 [2@GS003021]
Interno #1: Executar graph
2023-11-17 23:10:14 [@GS003021]
Interno #1: Executar olaticket
2023-11-17 23:13:49 [@GS003021]
Interno #1: Executar slaticket
2023-11-17 23:16:22 [@GS003021]
Interno #1: Executar checkdbreplicate
2023-11-17 23:16:45 [@GS003021]
Interno #1: Executar temp
2023-11-17 23:16:49 [@GS003021]
Interno #1: Executar olaticket
2023-11-21 06:57:27 [@GS003021]
Interno #1: Executar slaticket
2023-11-21 07:16:41 [2@GS003021]
Interno #1: Executar checkdbreplicate
2023-11-21 07:23:36 [2@GS003021]
Interno #1: Executar olaticket
2023-11-21 07:33:11 [2@GS003021]
Interno #1: Executar alertnotclosed
2023-11-21 07:51:55 [2@GS003021]
Interno #1: Executar graph
2023-11-21 07:58:23 [19@GS003021]
Interno #1: Executar temp
2023-11-21 08:11:07 [19@GS003021]
Interno #1: Executar closeticket
2023-11-21 08:16:08 [19@GS003021]
Interno #1: Executar watcher
2023-11-21 08:16:15 [19@GS003021]
Erro ao enviar o e-mail<br/>SMTP connect() failed. https://github.com/PHPMailer/PHPMailer/wiki/Troubleshooting
2023-11-21 08:28:53 [2@GS003021]
Interno #1: Executar session
2023-11-21 08:35:26 [2@GS003021]
Interno #1: Executar queuednotificationclean
2023-11-21 09:08:03 [2@GS003021]
Interno #1: Executar contract
2023-11-21 09:32:06 [2@GS003021]
Interno #1: Executar mailgateerror
2023-11-21 09:48:21 [2@GS003021]
Interno #1: Executar certificate
2023-11-21 10:03:24 [2@GS003021]
Interno #1: Executar infocom
2023-11-21 10:05:38 [@GS003021]
Interno #1: Executar slaticket
2023-11-21 10:14:07 [54@GS003021]
Interno #1: Executar checkdbreplicate
2023-11-21 10:24:13 [@GS003021]
Interno #1: Executar olaticket
2023-11-21 10:31:04 [2@GS003021]
Interno #1: Executar graph
2023-11-21 10:37:10 [2@GS003021]
Interno #1: Executar temp
2023-11-21 11:09:17 [2@GS003021]
Interno #1: Executar slaticket
2023-11-21 11:23:56 [2@GS003021]
Interno #1: Executar checkdbreplicate
2023-11-21 11:33:28 [2@GS003021]
Interno #1: Executar olaticket
2023-11-21 12:07:09 [2@GS003021]
Interno #1: Executar slaticket
