2023-11-17 11:14:59 [58@GS003021]
Um e-mail para dayse.marques@gruposolutions.com.br foi adicionado à fila: Novo chamado 0001110	
2023-11-17 13:43:44 [2@GS003021]
Um e-mail para glpi@gruposolutions.com.br foi adicionado à fila: Monitoramento de ações automáticas
2023-11-17 14:11:52 [2@GS003021]
Um e-mail para suporte@gruposolutions.com.br foi adicionado à fila: Novo chamado 0001111	
2023-11-17 14:17:36 [2@GS003021]
Um e-mail para glpi@gruposolutions.com.br foi adicionado à fila: NOVA RESPOSTA 0001110 - Estoy testando
2023-11-17 14:17:36 [2@GS003021]
Um e-mail para dayse.marques@gruposolutions.com.br foi adicionado à fila: NOVA RESPOSTA 0001110 - Estoy testando
2023-11-17 16:23:05 [2@GS003021]
Um e-mail para suporte@gruposolutions.com.br foi adicionado à fila: Novo chamado 0001112	
2023-11-17 16:24:09 [58@GS003021]
Um e-mail para dayse.marques@gruposolutions.com.br foi adicionado à fila: Novo chamado 0001113	
2023-11-17 19:06:30 [2@GS003021]
Um e-mail para glpi@gruposolutions.com.br foi adicionado à fila: NOVA RESPOSTA 0001113 - thubilao
2023-11-17 19:06:30 [2@GS003021]
Um e-mail para dayse.marques@gruposolutions.com.br foi adicionado à fila: NOVA RESPOSTA 0001113 - thubilao
2023-11-17 20:04:09 [58@GS003021]
Um e-mail para glpi@gruposolutions.com.br foi adicionado à fila: NOVA RESPOSTA 0001113 - thubilao
2023-11-17 20:04:09 [58@GS003021]
Um e-mail para dayse.marques@gruposolutions.com.br foi adicionado à fila: NOVA RESPOSTA 0001113 - thubilao
2023-11-21 08:16:11 [19@GS003021]
Um e-mail para glpi@gruposolutions.com.br foi adicionado à fila: Monitoramento de ações automáticas
2023-11-21 08:23:01 [54@GS003021]
Um e-mail para andrei.santos@gruposolutions.com.br foi adicionado à fila: Novo chamado 0001114	
2023-11-21 10:14:54 [54@GS003021]
Um e-mail para andrei.santos@gruposolutions.com.br foi adicionado à fila: Novo chamado 0001115	
