2022-11-16 11:48:01 [2@172-104-194-111]
3 - Connection: opening to email-ssl.com.br:465, timeout=300, options=array()2022-11-16 11:48:02 [2@172-104-194-111]
3 - Connection: opened2022-11-16 11:53:02 [2@172-104-194-111]
2 - SERVER -> CLIENT: 2022-11-16 11:53:02 [2@172-104-194-111]
3 - Connection: closing due to error2022-11-16 11:53:02 [2@172-104-194-111]
3 - Connection: closed2022-11-16 11:53:02 [2@172-104-194-111]
3 - SMTP connect() failed. https://github.com/PHPMailer/PHPMailer/wiki/Troubleshooting2022-11-16 11:53:02 [2@172-104-194-111]
3 - Connection: opening to email-ssl.com.br:465, timeout=300, options=array()2022-11-16 11:53:02 [2@172-104-194-111]
3 - Connection: opened2022-11-16 11:58:02 [2@172-104-194-111]
2 - SERVER -> CLIENT: 2022-11-16 11:58:02 [2@172-104-194-111]
3 - Connection: closing due to error2022-11-16 11:58:02 [2@172-104-194-111]
3 - Connection: closed2022-11-16 11:58:02 [2@172-104-194-111]
3 - SMTP connect() failed. https://github.com/PHPMailer/PHPMailer/wiki/Troubleshooting2022-11-16 11:58:02 [2@172-104-194-111]
3 - Connection: opening to email-ssl.com.br:465, timeout=300, options=array()2022-11-16 11:58:02 [2@172-104-194-111]
3 - Connection: opened2022-11-16 12:03:02 [2@172-104-194-111]
2 - SERVER -> CLIENT: 2022-11-16 12:03:02 [2@172-104-194-111]
3 - Connection: closing due to error2022-11-16 12:03:02 [2@172-104-194-111]
3 - Connection: closed2022-11-16 12:03:02 [2@172-104-194-111]
3 - SMTP connect() failed. https://github.com/PHPMailer/PHPMailer/wiki/Troubleshooting2022-11-16 12:03:02 [2@172-104-194-111]
3 - Connection: opening to email-ssl.com.br:465, timeout=300, options=array()2022-11-16 12:03:02 [2@172-104-194-111]
3 - Connection: opened2022-11-16 12:08:02 [2@172-104-194-111]
2 - SERVER -> CLIENT: 2022-11-16 12:08:02 [2@172-104-194-111]
3 - Connection: closing due to error2022-11-16 12:08:02 [2@172-104-194-111]
3 - Connection: closed2022-11-16 12:08:02 [2@172-104-194-111]
3 - SMTP connect() failed. https://github.com/PHPMailer/PHPMailer/wiki/Troubleshooting2022-11-16 14:37:12 [2@172-104-194-111]
3 - Connection: opening to email-ssl.com.br:465, timeout=300, options=array()2022-11-16 14:37:12 [2@172-104-194-111]
3 - Connection: opened2022-11-16 14:42:12 [2@172-104-194-111]
2 - SERVER -> CLIENT: 2022-11-16 14:42:12 [2@172-104-194-111]
3 - Connection: closing due to error2022-11-16 14:42:12 [2@172-104-194-111]
3 - Connection: closed2022-11-16 14:42:12 [2@172-104-194-111]
3 - SMTP connect() failed. https://github.com/PHPMailer/PHPMailer/wiki/Troubleshooting2022-11-16 14:42:12 [2@172-104-194-111]
3 - Connection: opening to email-ssl.com.br:465, timeout=300, options=array()2022-11-16 14:42:12 [2@172-104-194-111]
3 - Connection: opened2022-11-16 14:47:12 [2@172-104-194-111]
2 - SERVER -> CLIENT: 2022-11-16 14:47:12 [2@172-104-194-111]
3 - Connection: closing due to error2022-11-16 14:47:12 [2@172-104-194-111]
3 - Connection: closed2022-11-16 14:47:12 [2@172-104-194-111]
3 - SMTP connect() failed. https://github.com/PHPMailer/PHPMailer/wiki/Troubleshooting2022-11-16 14:47:12 [2@172-104-194-111]
3 - Connection: opening to email-ssl.com.br:465, timeout=300, options=array()2022-11-16 14:47:12 [2@172-104-194-111]
3 - Connection: opened2022-11-16 14:52:13 [2@172-104-194-111]
2 - SERVER -> CLIENT: 2022-11-16 14:52:13 [2@172-104-194-111]
3 - Connection: closing due to error2022-11-16 14:52:13 [2@172-104-194-111]
3 - Connection: closed2022-11-16 14:52:13 [2@172-104-194-111]
3 - SMTP connect() failed. https://github.com/PHPMailer/PHPMailer/wiki/Troubleshooting2022-11-16 14:52:13 [2@172-104-194-111]
3 - Connection: opening to email-ssl.com.br:465, timeout=300, options=array()2022-11-16 14:52:13 [2@172-104-194-111]
3 - Connection: opened2022-11-16 14:57:13 [2@172-104-194-111]
2 - SERVER -> CLIENT: 2022-11-16 14:57:13 [2@172-104-194-111]
3 - Connection: closing due to error2022-11-16 14:57:13 [2@172-104-194-111]
3 - Connection: closed2022-11-16 14:57:13 [2@172-104-194-111]
3 - SMTP connect() failed. https://github.com/PHPMailer/PHPMailer/wiki/Troubleshooting2022-11-16 14:57:13 [2@172-104-194-111]
3 - Connection: opening to email-ssl.com.br:465, timeout=300, options=array()2022-11-16 14:57:13 [2@172-104-194-111]
3 - Connection: opened2022-11-16 15:02:13 [2@172-104-194-111]
2 - SERVER -> CLIENT: 2022-11-16 15:02:13 [2@172-104-194-111]
3 - Connection: closing due to error2022-11-16 15:02:13 [2@172-104-194-111]
3 - Connection: closed2022-11-16 15:02:13 [2@172-104-194-111]
3 - SMTP connect() failed. https://github.com/PHPMailer/PHPMailer/wiki/Troubleshooting