2023-07-05 11:50:57 [2@GS003021]
1 segundo for "Trabalho em progresso..." @ 2023-07-05 11:50:57 [2@GS003021]
0 segundo for "Migração de dados - glpi_displaypreferences" @ 2023-07-05 11:50:57 [2@GS003021]
0 segundo for "Alteração de layout do banco de dados - glpi_contracts" @ 2023-07-05 11:50:57 [2@GS003021]
0 segundo for "Alteração de layout do banco de dados - glpi_domains_items" @ 2023-07-05 11:50:57 [2@GS003021]
0 segundo for "Alteração de layout do banco de dados - glpi_businesscriticities" @ 2023-07-05 11:50:57 [2@GS003021]
0 segundo for "Alteração de layout do banco de dados - glpi_documentcategories" @ 2023-07-05 11:50:57 [2@GS003021]
0 segundo for "Alteração de layout do banco de dados - glpi_entities" @ 2023-07-05 11:50:57 [2@GS003021]
0 segundo for "Alteração de layout do banco de dados - glpi_groups" @ 2023-07-05 11:50:57 [2@GS003021]
0 segundo for "Alteração de layout do banco de dados - glpi_ipnetworks" @ 2023-07-05 11:50:57 [2@GS003021]
0 segundo for "Alteração de layout do banco de dados - glpi_itilcategories" @ 2023-07-05 11:50:57 [2@GS003021]
0 segundo for "Alteração de layout do banco de dados - glpi_knowbaseitemcategories" @ 2023-07-05 11:50:58 [2@GS003021]
1 segundo for "Alteração de layout do banco de dados - glpi_locations" @ 2023-07-05 11:50:58 [2@GS003021]
0 segundo for "Alteração de layout do banco de dados - glpi_softwarecategories" @ 2023-07-05 11:50:58 [2@GS003021]
0 segundo for "Alteração de layout do banco de dados - glpi_softwarelicenses" @ 2023-07-05 11:50:58 [2@GS003021]
0 segundo for "Alteração de layout do banco de dados - glpi_softwarelicensetypes" @ 2023-07-05 11:50:58 [2@GS003021]
0 segundo for "Alteração de layout do banco de dados - glpi_states" @ 2023-07-05 11:50:58 [2@GS003021]
0 segundo for "Alteração de layout do banco de dados - glpi_taskcategories" @ 2023-07-05 11:50:58 [2@GS003021]
0 segundo for "Alteração de layout do banco de dados - glpi_queuednotifications" @ 2023-07-05 11:50:58 [2@GS003021]
0 segundo for "Alteração de layout do banco de dados - glpi_tickets" @ 2023-07-05 11:50:58 [2@GS003021]
0 segundo for "Alteração de layout do banco de dados - glpi_unmanageds" @ 2023-07-05 11:50:58 [2@GS003021]
0 segundo for "Alteração de layout do banco de dados - glpi_items_devicecameras_imageformats" @ 2023-07-05 11:50:59 [2@GS003021]
1 segundo for "Alteração de layout do banco de dados - glpi_items_devicecameras_imageresolutions" @ 2023-07-05 11:50:59 [2@GS003021]
0 segundo for "Valores de configuração adicionados para smtp_oauth_provider, smtp_oauth_client_id, smtp_oauth_client_secret, smtp_oauth_options, smtp_oauth_refresh_token (core)." @ 2023-07-05 11:50:59 [2@GS003021]
0 segundo for "Tarefa concluída." @ 2023-07-05 14:40:36 [19@GS003021]
1 segundo for "Trabalho em progresso..." @ 2023-07-05 14:40:36 [19@GS003021]
0 segundo for "Migração de dados - glpi_displaypreferences" @ 2023-07-05 14:40:36 [19@GS003021]
0 segundo for "Alteração de layout do banco de dados - glpi_contracts" @ 2023-07-05 14:40:36 [19@GS003021]
0 segundo for "Alteração de layout do banco de dados - glpi_domains_items" @ 2023-07-05 14:40:36 [19@GS003021]
0 segundo for "Alteração de layout do banco de dados - glpi_businesscriticities" @ 2023-07-05 14:40:36 [19@GS003021]
0 segundo for "Alteração de layout do banco de dados - glpi_documentcategories" @ 2023-07-05 14:40:37 [19@GS003021]
1 segundo for "Alteração de layout do banco de dados - glpi_entities" @ 2023-07-05 14:40:37 [19@GS003021]
0 segundo for "Alteração de layout do banco de dados - glpi_groups" @ 2023-07-05 14:40:37 [19@GS003021]
0 segundo for "Alteração de layout do banco de dados - glpi_ipnetworks" @ 2023-07-05 14:40:37 [19@GS003021]
0 segundo for "Alteração de layout do banco de dados - glpi_itilcategories" @ 2023-07-05 14:40:37 [19@GS003021]
0 segundo for "Alteração de layout do banco de dados - glpi_knowbaseitemcategories" @ 2023-07-05 14:40:37 [19@GS003021]
0 segundo for "Alteração de layout do banco de dados - glpi_locations" @ 2023-07-05 14:40:37 [19@GS003021]
0 segundo for "Alteração de layout do banco de dados - glpi_softwarecategories" @ 2023-07-05 14:40:37 [19@GS003021]
0 segundo for "Alteração de layout do banco de dados - glpi_softwarelicenses" @ 2023-07-05 14:40:37 [19@GS003021]
0 segundo for "Alteração de layout do banco de dados - glpi_softwarelicensetypes" @ 2023-07-05 14:40:37 [19@GS003021]
0 segundo for "Alteração de layout do banco de dados - glpi_states" @ 2023-07-05 14:40:37 [19@GS003021]
0 segundo for "Alteração de layout do banco de dados - glpi_taskcategories" @ 2023-07-05 14:40:37 [19@GS003021]
0 segundo for "Alteração de layout do banco de dados - glpi_queuednotifications" @ 2023-07-05 14:40:37 [19@GS003021]
0 segundo for "Alteração de layout do banco de dados - glpi_tickets" @ 2023-07-05 14:40:37 [19@GS003021]
0 segundo for "Alteração de layout do banco de dados - glpi_unmanageds" @ 2023-07-05 14:40:37 [19@GS003021]
0 segundo for "Alteração de layout do banco de dados - glpi_items_devicecameras_imageformats" @ 2023-07-05 15:47:09 [25@GS003021]
1 segundo for "Trabalho em progresso..." @ 2023-07-05 15:47:09 [25@GS003021]
0 segundo for "Migração de dados - glpi_displaypreferences" @ 2023-07-05 15:47:09 [25@GS003021]
0 segundo for "Alteração de layout do banco de dados - glpi_contracts" @ 2023-07-05 15:47:09 [25@GS003021]
0 segundo for "Alteração de layout do banco de dados - glpi_domains_items" @ 2023-07-05 15:47:09 [25@GS003021]
0 segundo for "Alteração de layout do banco de dados - glpi_businesscriticities" @ 2023-07-05 15:47:09 [25@GS003021]
0 segundo for "Alteração de layout do banco de dados - glpi_documentcategories" @ 2023-07-05 15:47:09 [25@GS003021]
0 segundo for "Alteração de layout do banco de dados - glpi_entities" @ 2023-07-05 15:47:09 [25@GS003021]
0 segundo for "Alteração de layout do banco de dados - glpi_groups" @ 2023-07-05 15:47:09 [25@GS003021]
0 segundo for "Alteração de layout do banco de dados - glpi_ipnetworks" @ 2023-07-05 15:47:09 [25@GS003021]
0 segundo for "Alteração de layout do banco de dados - glpi_itilcategories" @ 2023-07-05 15:47:09 [25@GS003021]
0 segundo for "Alteração de layout do banco de dados - glpi_knowbaseitemcategories" @ 2023-07-05 15:47:09 [25@GS003021]
0 segundo for "Alteração de layout do banco de dados - glpi_locations" @ 2023-07-05 15:47:09 [25@GS003021]
0 segundo for "Alteração de layout do banco de dados - glpi_softwarecategories" @ 2023-07-05 15:47:09 [25@GS003021]
0 segundo for "Alteração de layout do banco de dados - glpi_softwarelicenses" @ 2023-07-05 15:47:09 [25@GS003021]
0 segundo for "Alteração de layout do banco de dados - glpi_softwarelicensetypes" @ 2023-07-05 15:47:09 [25@GS003021]
0 segundo for "Alteração de layout do banco de dados - glpi_states" @ 2023-07-05 15:47:09 [25@GS003021]
0 segundo for "Alteração de layout do banco de dados - glpi_taskcategories" @ 2023-07-05 15:47:10 [25@GS003021]
1 segundo for "Alteração de layout do banco de dados - glpi_queuednotifications" @ 2023-07-05 15:47:10 [25@GS003021]
0 segundo for "Alteração de layout do banco de dados - glpi_tickets" @ 2023-07-05 15:47:10 [25@GS003021]
0 segundo for "Alteração de layout do banco de dados - glpi_unmanageds" @ 2023-07-05 15:47:10 [25@GS003021]
0 segundo for "Alteração de layout do banco de dados - glpi_items_devicecameras_imageformats" @ 2023-07-05 15:47:46 [25@GS003021]
0 segundo for "Trabalho em progresso..." @ 2023-07-05 15:47:46 [25@GS003021]
0 segundo for "Migração de dados - glpi_displaypreferences" @ 2023-07-05 15:47:46 [25@GS003021]
0 segundo for "Tarefa concluída." @ 2023-07-05 15:48:37 [25@GS003021]
0 segundo for "Trabalho em progresso..." @ 2023-07-05 15:48:37 [25@GS003021]
0 segundo for "Migração de dados - glpi_displaypreferences" @ 2023-07-05 15:48:37 [25@GS003021]
0 segundo for "Tarefa concluída." @ 2023-07-05 15:50:13 [25@GS003021]
0 segundo for "Trabalho em progresso..." @ 2023-07-05 15:50:13 [25@GS003021]
0 segundo for "Migração de dados - glpi_displaypreferences" @ 2023-07-05 15:50:13 [25@GS003021]
0 segundo for "Tarefa concluída." @ 2023-07-05 15:51:42 [25@GS003021]
0 segundo for "Trabalho em progresso..." @ 2023-07-05 15:51:42 [25@GS003021]
0 segundo for "Migração de dados - glpi_displaypreferences" @ 2023-07-05 15:51:42 [25@GS003021]
0 segundo for "Tarefa concluída." @ 2023-07-05 16:12:03 [25@GS003021]
1 segundo for "Trabalho em progresso..." @ 2023-07-05 16:12:03 [25@GS003021]
0 segundo for "Migração de dados - glpi_displaypreferences" @ 2023-07-05 16:12:03 [25@GS003021]
0 segundo for "Alteração de layout do banco de dados - glpi_contracts" @ 2023-07-05 16:12:03 [25@GS003021]
0 segundo for "Alteração de layout do banco de dados - glpi_domains_items" @ 2023-07-05 16:12:03 [25@GS003021]
0 segundo for "Alteração de layout do banco de dados - glpi_businesscriticities" @ 2023-07-05 16:12:03 [25@GS003021]
0 segundo for "Alteração de layout do banco de dados - glpi_documentcategories" @ 2023-07-05 16:12:04 [25@GS003021]
1 segundo for "Alteração de layout do banco de dados - glpi_entities" @ 2023-07-05 16:12:04 [25@GS003021]
0 segundo for "Alteração de layout do banco de dados - glpi_groups" @ 2023-07-05 16:12:04 [25@GS003021]
0 segundo for "Alteração de layout do banco de dados - glpi_ipnetworks" @ 2023-07-05 16:12:04 [25@GS003021]
0 segundo for "Alteração de layout do banco de dados - glpi_itilcategories" @ 2023-07-05 16:12:04 [25@GS003021]
0 segundo for "Alteração de layout do banco de dados - glpi_knowbaseitemcategories" @ 2023-07-05 16:12:04 [25@GS003021]
0 segundo for "Alteração de layout do banco de dados - glpi_locations" @ 2023-07-05 16:12:04 [25@GS003021]
0 segundo for "Alteração de layout do banco de dados - glpi_softwarecategories" @ 2023-07-05 16:12:04 [25@GS003021]
0 segundo for "Alteração de layout do banco de dados - glpi_softwarelicenses" @ 2023-07-05 16:12:04 [25@GS003021]
0 segundo for "Alteração de layout do banco de dados - glpi_softwarelicensetypes" @ 2023-07-05 16:12:04 [25@GS003021]
0 segundo for "Alteração de layout do banco de dados - glpi_states" @ 2023-07-05 16:12:04 [25@GS003021]
0 segundo for "Alteração de layout do banco de dados - glpi_taskcategories" @ 2023-07-05 16:12:04 [25@GS003021]
0 segundo for "Alteração de layout do banco de dados - glpi_queuednotifications" @ 2023-07-05 16:12:04 [25@GS003021]
0 segundo for "Alteração de layout do banco de dados - glpi_tickets" @ 2023-07-05 16:12:05 [25@GS003021]
1 segundo for "Alteração de layout do banco de dados - glpi_unmanageds" @ 2023-07-05 16:12:05 [25@GS003021]
0 segundo for "Alteração de layout do banco de dados - glpi_items_devicecameras_imageformats" @ 2023-07-05 17:39:24 [2@GS003021]
3 segundos for "Trabalho em progresso..." @ 2023-07-05 17:39:24 [2@GS003021]
0 segundo for "Migração de dados - glpi_displaypreferences" @ 2023-07-05 17:39:25 [2@GS003021]
1 segundo for "Alteração de layout do banco de dados - glpi_contracts" @ 2023-07-05 17:39:25 [2@GS003021]
0 segundo for "Alteração de layout do banco de dados - glpi_domains_items" @ 2023-07-05 17:39:25 [2@GS003021]
0 segundo for "Alteração de layout do banco de dados - glpi_businesscriticities" @ 2023-07-05 17:39:25 [2@GS003021]
0 segundo for "Alteração de layout do banco de dados - glpi_documentcategories" @ 2023-07-05 17:39:25 [2@GS003021]
0 segundo for "Alteração de layout do banco de dados - glpi_entities" @ 2023-07-05 17:39:25 [2@GS003021]
0 segundo for "Alteração de layout do banco de dados - glpi_groups" @ 2023-07-05 17:39:25 [2@GS003021]
0 segundo for "Alteração de layout do banco de dados - glpi_ipnetworks" @ 2023-07-05 17:39:25 [2@GS003021]
0 segundo for "Alteração de layout do banco de dados - glpi_itilcategories" @ 2023-07-05 17:39:25 [2@GS003021]
0 segundo for "Alteração de layout do banco de dados - glpi_knowbaseitemcategories" @ 2023-07-05 17:39:25 [2@GS003021]
0 segundo for "Alteração de layout do banco de dados - glpi_locations" @ 2023-07-05 17:39:25 [2@GS003021]
0 segundo for "Alteração de layout do banco de dados - glpi_softwarecategories" @ 2023-07-05 17:39:25 [2@GS003021]
0 segundo for "Alteração de layout do banco de dados - glpi_softwarelicenses" @ 2023-07-05 17:39:25 [2@GS003021]
0 segundo for "Alteração de layout do banco de dados - glpi_softwarelicensetypes" @ 2023-07-05 17:39:25 [2@GS003021]
0 segundo for "Alteração de layout do banco de dados - glpi_states" @ 2023-07-05 17:39:25 [2@GS003021]
0 segundo for "Alteração de layout do banco de dados - glpi_taskcategories" @ 2023-07-05 17:39:25 [2@GS003021]
0 segundo for "Alteração de layout do banco de dados - glpi_queuednotifications" @ 2023-07-05 17:39:25 [2@GS003021]
0 segundo for "Alteração de layout do banco de dados - glpi_tickets" @ 2023-07-05 17:39:26 [2@GS003021]
1 segundo for "Alteração de layout do banco de dados - glpi_unmanageds" @ 2023-07-05 17:39:26 [2@GS003021]
0 segundo for "Alteração de layout do banco de dados - glpi_items_devicecameras_imageformats" @ 2023-07-05 17:40:51 [2@GS003021]
1 segundo for "Trabalho em progresso..." @ 2023-07-05 17:40:51 [2@GS003021]
0 segundo for "Migração de dados - glpi_displaypreferences" @ 2023-07-05 17:40:51 [2@GS003021]
0 segundo for "Tarefa concluída." @ 2023-07-06 14:30:06 [2@GS003021]
1 segundo for "Trabalho em progresso..." @ 2023-07-06 14:30:06 [2@GS003021]
0 segundo for "Migração de dados - glpi_displaypreferences" @ 2023-07-06 14:30:06 [2@GS003021]
0 segundo for "Alteração de layout do banco de dados - glpi_contracts" @ 2023-07-06 14:30:07 [2@GS003021]
1 segundo for "Alteração de layout do banco de dados - glpi_domains_items" @ 2023-07-06 14:30:07 [2@GS003021]
0 segundo for "Alteração de layout do banco de dados - glpi_businesscriticities" @ 2023-07-06 14:30:07 [2@GS003021]
0 segundo for "Alteração de layout do banco de dados - glpi_documentcategories" @ 2023-07-06 14:30:07 [2@GS003021]
0 segundo for "Alteração de layout do banco de dados - glpi_entities" @ 2023-07-06 14:30:07 [2@GS003021]
0 segundo for "Alteração de layout do banco de dados - glpi_groups" @ 2023-07-06 14:30:07 [2@GS003021]
0 segundo for "Alteração de layout do banco de dados - glpi_ipnetworks" @ 2023-07-06 14:30:07 [2@GS003021]
0 segundo for "Alteração de layout do banco de dados - glpi_itilcategories" @ 2023-07-06 14:30:07 [2@GS003021]
0 segundo for "Alteração de layout do banco de dados - glpi_knowbaseitemcategories" @ 2023-07-06 14:30:07 [2@GS003021]
0 segundo for "Alteração de layout do banco de dados - glpi_locations" @ 2023-07-06 14:30:07 [2@GS003021]
0 segundo for "Alteração de layout do banco de dados - glpi_softwarecategories" @ 2023-07-06 14:30:07 [2@GS003021]
0 segundo for "Alteração de layout do banco de dados - glpi_softwarelicenses" @ 2023-07-06 14:30:07 [2@GS003021]
0 segundo for "Alteração de layout do banco de dados - glpi_softwarelicensetypes" @ 2023-07-06 14:30:07 [2@GS003021]
0 segundo for "Alteração de layout do banco de dados - glpi_states" @ 2023-07-06 14:30:07 [2@GS003021]
0 segundo for "Alteração de layout do banco de dados - glpi_taskcategories" @ 2023-07-06 14:30:07 [2@GS003021]
0 segundo for "Alteração de layout do banco de dados - glpi_queuednotifications" @ 2023-07-06 14:30:07 [2@GS003021]
0 segundo for "Alteração de layout do banco de dados - glpi_tickets" @ 2023-07-06 14:30:07 [2@GS003021]
0 segundo for "Alteração de layout do banco de dados - glpi_unmanageds" @ 2023-07-06 14:30:07 [2@GS003021]
0 segundo for "Alteração de layout do banco de dados - glpi_items_devicecameras_imageformats" @ 2023-07-06 14:30:07 [2@GS003021]
0 segundo for "Alteração de layout do banco de dados - glpi_items_devicecameras_imageresolutions" @ 2023-07-06 14:30:07 [2@GS003021]
0 segundo for "Valores de configuração adicionados para smtp_oauth_provider, smtp_oauth_client_id, smtp_oauth_client_secret, smtp_oauth_options, smtp_oauth_refresh_token (core)." @ 2023-07-06 14:30:07 [2@GS003021]
0 segundo for "Tarefa concluída." @ 