2023-06-19 14:55:03 [2@GS003021]
0 segundo for "Migration Classname : Migration" @ 2023-06-19 14:55:03 [2@GS003021]
0 segundo for "Use core capabilities" @ 2023-06-19 14:55:04 [2@GS003021]
1 segundo for "Use core agent" @ 2023-06-19 14:55:04 [2@GS003021]
0 segundo for "Use core SNMP credentials" @ 2023-06-19 14:55:04 [2@GS003021]
0 segundo for "Use core network ports" @ 2023-06-19 14:55:04 [2@GS003021]
0 segundo for "Use core computers" @ 2023-06-19 14:55:04 [2@GS003021]
0 segundo for "Use core network equipments" @ 2023-06-19 14:55:04 [2@GS003021]
0 segundo for "Use core printers" @ 2023-06-19 14:55:04 [2@GS003021]
0 segundo for "Use core printer logs" @ 2023-06-19 14:55:04 [2@GS003021]
0 segundo for "Use core networkports logs" @ 2023-06-19 14:55:04 [2@GS003021]
0 segundo for "Use core network ports types" @ 2023-06-19 14:55:04 [2@GS003021]
0 segundo for "Use core unmanaged equipments" @ 2023-06-19 14:55:04 [2@GS003021]
0 segundo for "Drop ignored equipments" @ 2023-06-19 14:55:04 [2@GS003021]
0 segundo for "Use core rules" @ 2023-06-19 14:55:04 [2@GS003021]
0 segundo for "Use core remote management" @ 2023-06-19 14:55:04 [2@GS003021]
0 segundo for "Use core fields locks" @ 2023-06-19 14:55:04 [2@GS003021]
0 segundo for "Drop dblock tables" @ 2023-06-19 14:55:04 [2@GS003021]
0 segundo for "Use core entities" @ 2023-06-19 14:55:04 [2@GS003021]
0 segundo for "Drop network ports and printers logs tables" @ 2023-06-19 14:55:04 [2@GS003021]
0 segundo for "Drop inventory mapping table" @ 2023-06-19 14:55:06 [2@GS003021]
2 segundos for "Drop blacklists tables" @ 2023-06-19 14:55:07 [2@GS003021]
1 segundo for "Alteração de layout do banco de dados - glpi_plugin_glpiinventory_taskjobs" @ 