2022-07-06 19:18:33 [2@GS001376]
0 segundo for "GLPI Inventory plugin installation" @ 2022-07-06 19:18:33 [2@GS001376]
0 segundo for "Clean data from old installation of the plugin" @ 2022-07-06 19:18:33 [2@GS001376]
0 segundo for "Clean rules from old installation of the plugin" @ 2022-07-06 19:18:33 [2@GS001376]
0 segundo for "Creation tables in database" @ 2022-07-06 19:18:33 [2@GS001376]
0 segundo for "Creation of folders" @ 2022-07-06 19:18:34 [2@GS001376]
1 segundo for "Initialize profiles" @ 2022-07-06 19:18:34 [2@GS001376]
0 segundo for "Initialize configuration" @ 2022-07-06 19:18:34 [2@GS001376]
0 segundo for "Initialize agent TASKS" @ 2022-07-22 16:11:58 [2@GS001376]
0 segundo for "Alteração de layout do banco de dados - glpi_plugin_mydashboard_preferences" @ 2022-07-22 16:11:58 [2@GS001376]
0 segundo for "Alteração de layout do banco de dados - glpi_plugin_mydashboard_configs" @ 2022-08-01 20:16:50 [2@GS001376]
0 segundo for "Alteração de layout do banco de dados - glpi_plugin_mydashboard_preferences" @ 2022-08-01 20:16:50 [2@GS001376]
0 segundo for "Alteração de layout do banco de dados - glpi_plugin_mydashboard_configs" @ 2022-08-23 10:17:17 [2@GS001376]
0 segundo for "GLPI Inventory plugin installation" @ 2022-08-23 10:17:17 [2@GS001376]
0 segundo for "Clean data from old installation of the plugin" @ 2022-08-23 10:17:17 [2@GS001376]
0 segundo for "Clean rules from old installation of the plugin" @ 2022-08-23 10:17:18 [2@GS001376]
1 segundo for "Creation tables in database" @ 2022-08-23 10:17:18 [2@GS001376]
0 segundo for "Creation of folders" @ 2022-08-23 10:17:19 [2@GS001376]
1 segundo for "Initialize profiles" @ 2022-08-23 10:17:19 [2@GS001376]
0 segundo for "Initialize configuration" @ 2022-08-23 10:17:19 [2@GS001376]
0 segundo for "Initialize agent TASKS" @ 2022-08-23 10:17:36 [2@GS001376]
0 segundo for "Alteração de layout do banco de dados - glpi_plugin_mydashboard_preferences" @ 2022-08-23 10:17:36 [2@GS001376]
0 segundo for "Alteração de layout do banco de dados - glpi_plugin_mydashboard_configs" @ 