2023-11-21 07:19:27 [2@GS003021]
1 segundo for "Alteração de layout do banco de dados - glpi_plugin_formcreator_answers" @ 2023-11-21 07:19:29 [2@GS003021]
2 segundos for "Alteração de layout do banco de dados - glpi_plugin_formcreator_formanswers" @ 2023-11-21 07:19:29 [2@GS003021]
0 segundo for "Alteração de layout do banco de dados - glpi_plugin_formcreator_forms_languages" @ 2023-11-21 07:19:30 [2@GS003021]
1 segundo for "Alteração de layout do banco de dados - glpi_plugin_formcreator_forms_profiles" @ 2023-11-21 07:19:30 [2@GS003021]
0 segundo for "Alteração de layout do banco de dados - glpi_plugin_formcreator_forms_validators" @ 2023-11-21 07:19:30 [2@GS003021]
0 segundo for "Alteração de layout do banco de dados - glpi_plugin_formcreator_issues" @ 2023-11-21 07:19:30 [2@GS003021]
0 segundo for "Alteração de layout do banco de dados - glpi_plugin_formcreator_questions" @ 2023-11-21 07:19:30 [2@GS003021]
0 segundo for "Alteração de layout do banco de dados - glpi_plugin_formcreator_questiondependencies" @ 2023-11-21 07:19:31 [2@GS003021]
1 segundo for "Alteração de layout do banco de dados - glpi_plugin_formcreator_sections" @ 2023-11-21 07:19:31 [2@GS003021]
0 segundo for "Alteração de layout do banco de dados - glpi_plugin_formcreator_targetchanges" @ 2023-11-21 07:19:31 [2@GS003021]
0 segundo for "Alteração de layout do banco de dados - glpi_plugin_formcreator_targettickets" @ 2023-11-21 07:19:31 [2@GS003021]
0 segundo for "Alteração de layout do banco de dados - glpi_plugin_formcreator_targets_actors" @ 2023-11-21 07:19:31 [2@GS003021]
0 segundo for "Alteração de layout do banco de dados - glpi_plugin_formcreator_questionregexes" @ 2023-11-21 07:19:32 [2@GS003021]
1 segundo for "Alteração de layout do banco de dados - glpi_plugin_formcreator_questionranges" @ 2023-11-21 07:19:32 [2@GS003021]
0 segundo for "Alteração de layout do banco de dados - glpi_plugin_formcreator_entityconfigs" @ 2023-11-21 07:25:01 [2@GS003021]
0 segundo for "Alteração de layout do banco de dados - glpi_plugin_formcreator_answers" @ 2023-11-21 07:25:01 [2@GS003021]
0 segundo for "Alteração de layout do banco de dados - glpi_plugin_formcreator_formanswers" @ 2023-11-21 07:25:02 [2@GS003021]
1 segundo for "Alteração de layout do banco de dados - glpi_plugin_formcreator_forms_languages" @ 2023-11-21 07:25:02 [2@GS003021]
0 segundo for "Alteração de layout do banco de dados - glpi_plugin_formcreator_forms_profiles" @ 2023-11-21 07:25:02 [2@GS003021]
0 segundo for "Alteração de layout do banco de dados - glpi_plugin_formcreator_forms_validators" @ 2023-11-21 07:25:02 [2@GS003021]
0 segundo for "Alteração de layout do banco de dados - glpi_plugin_formcreator_issues" @ 2023-11-21 07:25:02 [2@GS003021]
0 segundo for "Alteração de layout do banco de dados - glpi_plugin_formcreator_questions" @ 2023-11-21 07:25:02 [2@GS003021]
0 segundo for "Alteração de layout do banco de dados - glpi_plugin_formcreator_questiondependencies" @ 2023-11-21 07:25:03 [2@GS003021]
1 segundo for "Alteração de layout do banco de dados - glpi_plugin_formcreator_sections" @ 2023-11-21 07:25:03 [2@GS003021]
0 segundo for "Alteração de layout do banco de dados - glpi_plugin_formcreator_targetchanges" @ 2023-11-21 07:25:04 [2@GS003021]
1 segundo for "Alteração de layout do banco de dados - glpi_plugin_formcreator_targettickets" @ 2023-11-21 07:25:04 [2@GS003021]
0 segundo for "Alteração de layout do banco de dados - glpi_plugin_formcreator_targets_actors" @ 2023-11-21 07:25:04 [2@GS003021]
0 segundo for "Alteração de layout do banco de dados - glpi_plugin_formcreator_questionregexes" @ 2023-11-21 07:25:04 [2@GS003021]
0 segundo for "Alteração de layout do banco de dados - glpi_plugin_formcreator_questionranges" @ 2023-11-21 07:25:05 [2@GS003021]
1 segundo for "Alteração de layout do banco de dados - glpi_plugin_formcreator_entityconfigs" @ 2023-11-21 07:26:07 [2@GS003021]
0 segundo for "Alteração de layout do banco de dados - glpi_plugin_formcreator_answers" @ 2023-11-21 07:26:08 [2@GS003021]
1 segundo for "Alteração de layout do banco de dados - glpi_plugin_formcreator_formanswers" @ 2023-11-21 07:26:08 [2@GS003021]
0 segundo for "Alteração de layout do banco de dados - glpi_plugin_formcreator_forms_languages" @ 2023-11-21 07:26:08 [2@GS003021]
0 segundo for "Alteração de layout do banco de dados - glpi_plugin_formcreator_forms_profiles" @ 2023-11-21 07:26:08 [2@GS003021]
0 segundo for "Alteração de layout do banco de dados - glpi_plugin_formcreator_forms_validators" @ 2023-11-21 07:26:10 [2@GS003021]
2 segundos for "Alteração de layout do banco de dados - glpi_plugin_formcreator_issues" @ 2023-11-21 07:26:10 [2@GS003021]
0 segundo for "Alteração de layout do banco de dados - glpi_plugin_formcreator_questions" @ 2023-11-21 07:26:10 [2@GS003021]
0 segundo for "Alteração de layout do banco de dados - glpi_plugin_formcreator_questiondependencies" @ 2023-11-21 07:26:10 [2@GS003021]
0 segundo for "Alteração de layout do banco de dados - glpi_plugin_formcreator_sections" @ 2023-11-21 07:26:11 [2@GS003021]
1 segundo for "Alteração de layout do banco de dados - glpi_plugin_formcreator_targetchanges" @ 2023-11-21 07:26:12 [2@GS003021]
1 segundo for "Alteração de layout do banco de dados - glpi_plugin_formcreator_targettickets" @ 2023-11-21 07:26:13 [2@GS003021]
1 segundo for "Alteração de layout do banco de dados - glpi_plugin_formcreator_targets_actors" @ 2023-11-21 07:26:13 [2@GS003021]
0 segundo for "Alteração de layout do banco de dados - glpi_plugin_formcreator_questionregexes" @ 2023-11-21 07:26:13 [2@GS003021]
0 segundo for "Alteração de layout do banco de dados - glpi_plugin_formcreator_questionranges" @ 2023-11-21 07:26:13 [2@GS003021]
0 segundo for "Alteração de layout do banco de dados - glpi_plugin_formcreator_entityconfigs" @ 2023-11-21 07:33:17 [2@GS003021]
1 segundo for "Alteração de layout do banco de dados - glpi_plugin_formcreator_answers" @ 2023-11-21 07:33:17 [2@GS003021]
0 segundo for "Alteração de layout do banco de dados - glpi_plugin_formcreator_formanswers" @ 2023-11-21 07:33:17 [2@GS003021]
0 segundo for "Alteração de layout do banco de dados - glpi_plugin_formcreator_forms_languages" @ 2023-11-21 07:33:17 [2@GS003021]
0 segundo for "Alteração de layout do banco de dados - glpi_plugin_formcreator_forms_profiles" @ 2023-11-21 07:33:18 [2@GS003021]
1 segundo for "Alteração de layout do banco de dados - glpi_plugin_formcreator_forms_validators" @ 2023-11-21 07:33:18 [2@GS003021]
0 segundo for "Alteração de layout do banco de dados - glpi_plugin_formcreator_issues" @ 2023-11-21 07:33:19 [2@GS003021]
1 segundo for "Alteração de layout do banco de dados - glpi_plugin_formcreator_questions" @ 2023-11-21 07:33:20 [2@GS003021]
1 segundo for "Alteração de layout do banco de dados - glpi_plugin_formcreator_questiondependencies" @ 2023-11-21 07:33:20 [2@GS003021]
0 segundo for "Alteração de layout do banco de dados - glpi_plugin_formcreator_sections" @ 2023-11-21 07:33:20 [2@GS003021]
0 segundo for "Alteração de layout do banco de dados - glpi_plugin_formcreator_targetchanges" @ 2023-11-21 07:33:20 [2@GS003021]
0 segundo for "Alteração de layout do banco de dados - glpi_plugin_formcreator_targettickets" @ 2023-11-21 07:33:20 [2@GS003021]
0 segundo for "Alteração de layout do banco de dados - glpi_plugin_formcreator_targets_actors" @ 2023-11-21 07:33:20 [2@GS003021]
0 segundo for "Alteração de layout do banco de dados - glpi_plugin_formcreator_questionregexes" @ 2023-11-21 07:33:20 [2@GS003021]
0 segundo for "Alteração de layout do banco de dados - glpi_plugin_formcreator_questionranges" @ 2023-11-21 07:33:20 [2@GS003021]
0 segundo for "Alteração de layout do banco de dados - glpi_plugin_formcreator_entityconfigs" @ 2023-11-21 07:33:53 [2@GS003021]
0 segundo for "Alteração de layout do banco de dados - glpi_plugin_formcreator_answers" @ 2023-11-21 07:33:53 [2@GS003021]
0 segundo for "Alteração de layout do banco de dados - glpi_plugin_formcreator_formanswers" @ 2023-11-21 07:33:54 [2@GS003021]
1 segundo for "Alteração de layout do banco de dados - glpi_plugin_formcreator_forms_languages" @ 2023-11-21 07:33:55 [2@GS003021]
1 segundo for "Alteração de layout do banco de dados - glpi_plugin_formcreator_forms_profiles" @ 2023-11-21 07:33:55 [2@GS003021]
0 segundo for "Alteração de layout do banco de dados - glpi_plugin_formcreator_forms_validators" @ 2023-11-21 07:33:55 [2@GS003021]
0 segundo for "Alteração de layout do banco de dados - glpi_plugin_formcreator_issues" @ 2023-11-21 07:33:55 [2@GS003021]
0 segundo for "Alteração de layout do banco de dados - glpi_plugin_formcreator_questions" @ 2023-11-21 07:33:56 [2@GS003021]
1 segundo for "Alteração de layout do banco de dados - glpi_plugin_formcreator_questiondependencies" @ 2023-11-21 07:33:56 [2@GS003021]
0 segundo for "Alteração de layout do banco de dados - glpi_plugin_formcreator_sections" @ 2023-11-21 07:33:56 [2@GS003021]
0 segundo for "Alteração de layout do banco de dados - glpi_plugin_formcreator_targetchanges" @ 2023-11-21 07:33:56 [2@GS003021]
0 segundo for "Alteração de layout do banco de dados - glpi_plugin_formcreator_targettickets" @ 2023-11-21 07:33:56 [2@GS003021]
0 segundo for "Alteração de layout do banco de dados - glpi_plugin_formcreator_targets_actors" @ 2023-11-21 07:33:56 [2@GS003021]
0 segundo for "Alteração de layout do banco de dados - glpi_plugin_formcreator_questionregexes" @ 2023-11-21 07:33:56 [2@GS003021]
0 segundo for "Alteração de layout do banco de dados - glpi_plugin_formcreator_questionranges" @ 2023-11-21 07:33:57 [2@GS003021]
1 segundo for "Alteração de layout do banco de dados - glpi_plugin_formcreator_entityconfigs" @ 2023-11-21 07:35:42 [2@GS003021]
0 segundo for "Alteração de layout do banco de dados - glpi_plugin_formcreator_answers" @ 2023-11-21 07:35:42 [2@GS003021]
0 segundo for "Alteração de layout do banco de dados - glpi_plugin_formcreator_formanswers" @ 2023-11-21 07:35:42 [2@GS003021]
0 segundo for "Alteração de layout do banco de dados - glpi_plugin_formcreator_forms_languages" @ 2023-11-21 07:35:42 [2@GS003021]
0 segundo for "Alteração de layout do banco de dados - glpi_plugin_formcreator_forms_profiles" @ 2023-11-21 07:35:43 [2@GS003021]
1 segundo for "Alteração de layout do banco de dados - glpi_plugin_formcreator_forms_validators" @ 2023-11-21 07:35:44 [2@GS003021]
1 segundo for "Alteração de layout do banco de dados - glpi_plugin_formcreator_issues" @ 2023-11-21 07:35:45 [2@GS003021]
1 segundo for "Alteração de layout do banco de dados - glpi_plugin_formcreator_questions" @ 2023-11-21 07:35:45 [2@GS003021]
0 segundo for "Alteração de layout do banco de dados - glpi_plugin_formcreator_questiondependencies" @ 2023-11-21 07:35:45 [2@GS003021]
0 segundo for "Alteração de layout do banco de dados - glpi_plugin_formcreator_sections" @ 2023-11-21 07:35:45 [2@GS003021]
0 segundo for "Alteração de layout do banco de dados - glpi_plugin_formcreator_targetchanges" @ 2023-11-21 07:35:45 [2@GS003021]
0 segundo for "Alteração de layout do banco de dados - glpi_plugin_formcreator_targettickets" @ 2023-11-21 07:35:45 [2@GS003021]
0 segundo for "Alteração de layout do banco de dados - glpi_plugin_formcreator_targets_actors" @ 2023-11-21 07:35:45 [2@GS003021]
0 segundo for "Alteração de layout do banco de dados - glpi_plugin_formcreator_questionregexes" @ 2023-11-21 07:35:45 [2@GS003021]
0 segundo for "Alteração de layout do banco de dados - glpi_plugin_formcreator_questionranges" @ 2023-11-21 07:35:45 [2@GS003021]
0 segundo for "Alteração de layout do banco de dados - glpi_plugin_formcreator_entityconfigs" @ 2023-11-21 07:35:46 [2@GS003021]
1 segundo for "Tarefa concluída." @ 2023-11-21 07:35:46 [2@GS003021]
0 segundo for "Trabalho em progresso..." @ 2023-11-21 07:35:46 [2@GS003021]
0 segundo for "Alteração de layout do banco de dados - glpi_plugin_formcreator_targettickets" @ 2023-11-21 07:35:46 [2@GS003021]
0 segundo for "Tarefa concluída." @ 2023-11-21 07:35:46 [2@GS003021]
0 segundo for "Trabalho em progresso..." @ 2023-11-21 07:35:46 [2@GS003021]
0 segundo for "Tarefa concluída." @ 2023-11-21 07:35:46 [2@GS003021]
0 segundo for "Trabalho em progresso..." @ 2023-11-21 07:35:46 [2@GS003021]
0 segundo for "Alteração de layout do banco de dados - glpi_plugin_formcreator_entityconfigs" @ 2023-11-21 07:35:46 [2@GS003021]
0 segundo for "Alteração de layout do banco de dados - glpi_plugin_formcreator_conditions" @ 2023-11-21 07:35:46 [2@GS003021]
0 segundo for "Tarefa concluída." @ 2023-11-21 07:35:46 [2@GS003021]
0 segundo for "Trabalho em progresso..." @ 2023-11-21 07:35:46 [2@GS003021]
0 segundo for "Tarefa concluída." @ 2023-11-21 07:35:47 [2@GS003021]
1 segundo for "Trabalho em progresso..." @ 2023-11-21 07:35:47 [2@GS003021]
0 segundo for "Tarefa concluída." @ 2023-11-21 07:35:47 [2@GS003021]
0 segundo for "Trabalho em progresso..." @ 2023-11-21 07:35:47 [2@GS003021]
0 segundo for "Tarefa concluída." @ 2023-11-21 07:35:47 [2@GS003021]
0 segundo for "Tarefa concluída." @ 