2022-07-21 17:06:49 [2@GS001376]
0 segundo for "Installing glpi_plugin_order_configs" @ 2022-07-21 17:06:49 [2@GS001376]
0 segundo for "Add default order state workflow" @ 2022-07-21 17:06:49 [2@GS001376]
0 segundo for "Installing glpi_plugin_order_billstates" @ 2022-07-21 17:06:49 [2@GS001376]
0 segundo for "Installing glpi_plugin_order_billtypes" @ 2022-07-21 17:06:49 [2@GS001376]
0 segundo for "Installing glpi_plugin_order_orderstates" @ 2022-07-21 17:06:49 [2@GS001376]
0 segundo for "Installing glpi_plugin_order_orders" @ 2022-07-21 17:06:50 [2@GS001376]
1 segundo for "Installing glpi_plugin_order_orders_items" @ 2022-07-21 17:06:50 [2@GS001376]
0 segundo for "Installing glpi_plugin_order_references" @ 2022-07-21 17:06:50 [2@GS001376]
0 segundo for "Installing glpi_plugin_order_deliverystates" @ 2022-07-21 17:06:50 [2@GS001376]
0 segundo for "Migrate PluginOrderOrder notifications" @ 2022-07-21 17:06:50 [2@GS001376]
0 segundo for "Installing glpi_plugin_order_orders_suppliers" @ 2022-07-21 17:06:50 [2@GS001376]
0 segundo for "Installing glpi_plugin_order_bills" @ 2022-07-21 17:06:50 [2@GS001376]
0 segundo for "Alteração de layout do banco de dados - glpi_plugin_order_orders_suppliers" @ 2022-07-21 17:06:50 [2@GS001376]
0 segundo for "Installing glpi_plugin_order_orderpayments" @ 2022-07-21 17:06:50 [2@GS001376]
0 segundo for "Installing glpi_plugin_order_ordertypes" @ 2022-07-21 17:06:50 [2@GS001376]
0 segundo for "Installing glpi_plugin_order_others" @ 2022-07-21 17:06:50 [2@GS001376]
0 segundo for "Installing glpi_plugin_order_othertypes" @ 2022-07-21 17:06:51 [2@GS001376]
1 segundo for "Installing glpi_plugin_order_preferences" @ 2022-07-21 17:06:51 [2@GS001376]
0 segundo for "Installing glpi_plugin_order_references_suppliers" @ 2022-07-21 17:06:51 [2@GS001376]
0 segundo for "Installing glpi_plugin_order_surveysuppliers" @ 2022-07-21 17:06:51 [2@GS001376]
0 segundo for "Installing glpi_plugin_order_ordertaxes" @ 2022-07-21 17:06:51 [2@GS001376]
0 segundo for "Installing glpi_plugin_order_documentcategories" @ 2022-07-21 17:06:51 [2@GS001376]
0 segundo for "Installing glpi_plugin_order_referencefrees" @ 2022-07-21 17:06:51 [2@GS001376]
0 segundo for "Installing glpi_plugin_order_accountsections" @ 2022-08-23 10:17:38 [2@GS001376]
0 segundo for "Installing glpi_plugin_order_configs" @ 2022-08-23 10:17:38 [2@GS001376]
0 segundo for "Add default order state workflow" @ 2022-08-23 10:17:38 [2@GS001376]
0 segundo for "Installing glpi_plugin_order_billstates" @ 2022-08-23 10:17:38 [2@GS001376]
0 segundo for "Installing glpi_plugin_order_billtypes" @ 2022-08-23 10:17:38 [2@GS001376]
0 segundo for "Installing glpi_plugin_order_orderstates" @ 2022-08-23 10:17:38 [2@GS001376]
0 segundo for "Installing glpi_plugin_order_orders" @ 2022-08-23 10:17:38 [2@GS001376]
0 segundo for "Installing glpi_plugin_order_orders_items" @ 2022-08-23 10:17:38 [2@GS001376]
0 segundo for "Installing glpi_plugin_order_references" @ 2022-08-23 10:17:38 [2@GS001376]
0 segundo for "Installing glpi_plugin_order_deliverystates" @ 2022-08-23 10:17:38 [2@GS001376]
0 segundo for "Migrate PluginOrderOrder notifications" @ 2022-08-23 10:17:38 [2@GS001376]
0 segundo for "Installing glpi_plugin_order_orders_suppliers" @ 2022-08-23 10:17:38 [2@GS001376]
0 segundo for "Installing glpi_plugin_order_bills" @ 2022-08-23 10:17:38 [2@GS001376]
0 segundo for "Alteração de layout do banco de dados - glpi_plugin_order_orders_suppliers" @ 2022-08-23 10:17:38 [2@GS001376]
0 segundo for "Installing glpi_plugin_order_orderpayments" @ 2022-08-23 10:17:38 [2@GS001376]
0 segundo for "Installing glpi_plugin_order_ordertypes" @ 2022-08-23 10:17:38 [2@GS001376]
0 segundo for "Installing glpi_plugin_order_others" @ 2022-08-23 10:17:39 [2@GS001376]
1 segundo for "Installing glpi_plugin_order_othertypes" @ 2022-08-23 10:17:39 [2@GS001376]
0 segundo for "Installing glpi_plugin_order_preferences" @ 2022-08-23 10:17:39 [2@GS001376]
0 segundo for "Installing glpi_plugin_order_references_suppliers" @ 2022-08-23 10:17:39 [2@GS001376]
0 segundo for "Installing glpi_plugin_order_surveysuppliers" @ 2022-08-23 10:17:39 [2@GS001376]
0 segundo for "Installing glpi_plugin_order_ordertaxes" @ 2022-08-23 10:17:39 [2@GS001376]
0 segundo for "Installing glpi_plugin_order_documentcategories" @ 2022-08-23 10:17:39 [2@GS001376]
0 segundo for "Installing glpi_plugin_order_referencefrees" @ 2022-08-23 10:17:39 [2@GS001376]
0 segundo for "Installing glpi_plugin_order_accountsections" @ 