2023-07-06 12:58:21 [2@GS003021]
0 segundo for "Alteração de layout do banco de dados - glpi_plugin_formcreator_answers" @ 2023-07-06 12:58:21 [2@GS003021]
0 segundo for "Alteração de layout do banco de dados - glpi_plugin_formcreator_formanswers" @ 2023-07-06 12:58:21 [2@GS003021]
0 segundo for "Alteração de layout do banco de dados - glpi_plugin_formcreator_forms_languages" @ 2023-07-06 12:58:21 [2@GS003021]
0 segundo for "Alteração de layout do banco de dados - glpi_plugin_formcreator_forms_profiles" @ 2023-07-06 12:58:21 [2@GS003021]
0 segundo for "Alteração de layout do banco de dados - glpi_plugin_formcreator_forms_validators" @ 2023-07-06 12:58:21 [2@GS003021]
0 segundo for "Alteração de layout do banco de dados - glpi_plugin_formcreator_issues" @ 2023-07-06 12:58:21 [2@GS003021]
0 segundo for "Alteração de layout do banco de dados - glpi_plugin_formcreator_questions" @ 2023-07-06 12:58:21 [2@GS003021]
0 segundo for "Alteração de layout do banco de dados - glpi_plugin_formcreator_questiondependencies" @ 2023-07-06 12:58:21 [2@GS003021]
0 segundo for "Alteração de layout do banco de dados - glpi_plugin_formcreator_sections" @ 2023-07-06 12:58:21 [2@GS003021]
0 segundo for "Alteração de layout do banco de dados - glpi_plugin_formcreator_targetchanges" @ 2023-07-06 12:58:21 [2@GS003021]
0 segundo for "Alteração de layout do banco de dados - glpi_plugin_formcreator_targettickets" @ 2023-07-06 12:58:21 [2@GS003021]
0 segundo for "Alteração de layout do banco de dados - glpi_plugin_formcreator_targets_actors" @ 2023-07-06 12:58:21 [2@GS003021]
0 segundo for "Alteração de layout do banco de dados - glpi_plugin_formcreator_questionregexes" @ 2023-07-06 12:58:21 [2@GS003021]
0 segundo for "Alteração de layout do banco de dados - glpi_plugin_formcreator_questionranges" @ 2023-07-06 12:58:21 [2@GS003021]
0 segundo for "Alteração de layout do banco de dados - glpi_plugin_formcreator_entityconfigs" @ 2023-07-06 13:00:24 [2@GS003021]
0 segundo for "Alteração de layout do banco de dados - glpi_plugin_formcreator_answers" @ 2023-07-06 13:00:24 [2@GS003021]
0 segundo for "Alteração de layout do banco de dados - glpi_plugin_formcreator_formanswers" @ 2023-07-06 13:00:24 [2@GS003021]
0 segundo for "Alteração de layout do banco de dados - glpi_plugin_formcreator_forms_languages" @ 2023-07-06 13:00:24 [2@GS003021]
0 segundo for "Alteração de layout do banco de dados - glpi_plugin_formcreator_forms_profiles" @ 2023-07-06 13:00:24 [2@GS003021]
0 segundo for "Alteração de layout do banco de dados - glpi_plugin_formcreator_forms_validators" @ 2023-07-06 13:00:24 [2@GS003021]
0 segundo for "Alteração de layout do banco de dados - glpi_plugin_formcreator_issues" @ 2023-07-06 13:00:24 [2@GS003021]
0 segundo for "Alteração de layout do banco de dados - glpi_plugin_formcreator_questions" @ 2023-07-06 13:00:24 [2@GS003021]
0 segundo for "Alteração de layout do banco de dados - glpi_plugin_formcreator_questiondependencies" @ 2023-07-06 13:00:24 [2@GS003021]
0 segundo for "Alteração de layout do banco de dados - glpi_plugin_formcreator_sections" @ 2023-07-06 13:00:24 [2@GS003021]
0 segundo for "Alteração de layout do banco de dados - glpi_plugin_formcreator_targetchanges" @ 2023-07-06 13:00:24 [2@GS003021]
0 segundo for "Alteração de layout do banco de dados - glpi_plugin_formcreator_targettickets" @ 2023-07-06 13:00:24 [2@GS003021]
0 segundo for "Alteração de layout do banco de dados - glpi_plugin_formcreator_targets_actors" @ 2023-07-06 13:00:24 [2@GS003021]
0 segundo for "Alteração de layout do banco de dados - glpi_plugin_formcreator_questionregexes" @ 2023-07-06 13:00:24 [2@GS003021]
0 segundo for "Alteração de layout do banco de dados - glpi_plugin_formcreator_questionranges" @ 2023-07-06 13:00:24 [2@GS003021]
0 segundo for "Alteração de layout do banco de dados - glpi_plugin_formcreator_entityconfigs" @ 