2023-07-05 11:50:59 [2@GS003021]
0 segundo for "Trabalho em progresso..." @ 2023-07-05 11:50:59 [2@GS003021]
0 segundo for "Add new configurations / user preferences" @ 2023-07-05 11:50:59 [2@GS003021]
0 segundo for "Alteração de layout do banco de dados - glpi_computervirtualmachines" @ 2023-07-05 11:50:59 [2@GS003021]
0 segundo for "Alteração de layout do banco de dados - glpi_networkequipments" @ 2023-07-05 11:50:59 [2@GS003021]
0 segundo for "Migração de dados - glpi_displaypreferences" @ 2023-07-05 11:50:59 [2@GS003021]
0 segundo for "Alteração de layout do banco de dados - glpi_changes" @ 2023-07-05 11:50:59 [2@GS003021]
0 segundo for "Alteração de layout do banco de dados - glpi_users" @ 2023-07-05 11:50:59 [2@GS003021]
0 segundo for "Alteração de layout do banco de dados - glpi_networkportfiberchannels" @ 2023-07-05 11:51:00 [2@GS003021]
1 segundo for "Alteração de layout do banco de dados - glpi_problems" @ 2023-07-05 11:51:00 [2@GS003021]
0 segundo for "Alteração de layout do banco de dados - glpi_computervirtualmachines" @ 2023-07-05 11:51:17 [2@GS003021]
17 segundos for "Alteração de layout do banco de dados - glpi_networkequipments" @ 2023-07-05 11:51:17 [2@GS003021]
0 segundo for "Valores de configuração adicionados para use_flat_dropdowntree_on_search_result (core)." @ 2023-07-05 11:51:17 [2@GS003021]
0 segundo for "Tarefa concluída." @ 2023-07-05 15:47:46 [25@GS003021]
0 segundo for "Trabalho em progresso..." @ 2023-07-05 15:47:46 [25@GS003021]
0 segundo for "Add new configurations / user preferences" @ 2023-07-05 15:47:46 [25@GS003021]
0 segundo for "Alteração de layout do banco de dados - glpi_computervirtualmachines" @ 2023-07-05 15:47:46 [25@GS003021]
0 segundo for "Alteração de layout do banco de dados - glpi_networkequipments" @ 2023-07-05 15:47:46 [25@GS003021]
0 segundo for "Migração de dados - glpi_displaypreferences" @ 2023-07-05 15:47:46 [25@GS003021]
0 segundo for "Alteração de layout do banco de dados - glpi_changes" @ 2023-07-05 15:47:46 [25@GS003021]
0 segundo for "Alteração de layout do banco de dados - glpi_users" @ 2023-07-05 15:47:46 [25@GS003021]
0 segundo for "Alteração de layout do banco de dados - glpi_networkportfiberchannels" @ 2023-07-05 15:47:46 [25@GS003021]
0 segundo for "Alteração de layout do banco de dados - glpi_problems" @ 2023-07-05 15:47:47 [25@GS003021]
1 segundo for "Alteração de layout do banco de dados - glpi_computervirtualmachines" @ 2023-07-05 15:48:37 [25@GS003021]
0 segundo for "Trabalho em progresso..." @ 2023-07-05 15:48:37 [25@GS003021]
0 segundo for "Add new configurations / user preferences" @ 2023-07-05 15:48:37 [25@GS003021]
0 segundo for "Alteração de layout do banco de dados - glpi_computervirtualmachines" @ 2023-07-05 15:48:38 [25@GS003021]
1 segundo for "Alteração de layout do banco de dados - glpi_networkequipments" @ 2023-07-05 15:48:38 [25@GS003021]
0 segundo for "Migração de dados - glpi_displaypreferences" @ 2023-07-05 15:48:38 [25@GS003021]
0 segundo for "Alteração de layout do banco de dados - glpi_networkportfiberchannels" @ 2023-07-05 15:48:38 [25@GS003021]
0 segundo for "Alteração de layout do banco de dados - glpi_computervirtualmachines" @ 2023-07-05 15:48:45 [25@GS003021]
7 segundos for "Alteração de layout do banco de dados - glpi_networkequipments" @ 2023-07-05 15:48:45 [25@GS003021]
0 segundo for "Tarefa concluída." @ 2023-07-05 15:50:13 [25@GS003021]
0 segundo for "Trabalho em progresso..." @ 2023-07-05 15:50:13 [25@GS003021]
0 segundo for "Add new configurations / user preferences" @ 2023-07-05 15:50:13 [25@GS003021]
0 segundo for "Alteração de layout do banco de dados - glpi_computervirtualmachines" @ 2023-07-05 15:50:14 [25@GS003021]
1 segundo for "Alteração de layout do banco de dados - glpi_networkequipments" @ 2023-07-05 15:50:14 [25@GS003021]
0 segundo for "Migração de dados - glpi_displaypreferences" @ 2023-07-05 15:50:14 [25@GS003021]
0 segundo for "Alteração de layout do banco de dados - glpi_networkportfiberchannels" @ 2023-07-05 15:50:14 [25@GS003021]
0 segundo for "Alteração de layout do banco de dados - glpi_computervirtualmachines" @ 2023-07-05 15:50:20 [25@GS003021]
6 segundos for "Alteração de layout do banco de dados - glpi_networkequipments" @ 2023-07-05 15:50:20 [25@GS003021]
0 segundo for "Tarefa concluída." @ 2023-07-05 15:51:42 [25@GS003021]
0 segundo for "Trabalho em progresso..." @ 2023-07-05 15:51:42 [25@GS003021]
0 segundo for "Add new configurations / user preferences" @ 2023-07-05 15:51:42 [25@GS003021]
0 segundo for "Alteração de layout do banco de dados - glpi_computervirtualmachines" @ 2023-07-05 15:51:42 [25@GS003021]
0 segundo for "Alteração de layout do banco de dados - glpi_networkequipments" @ 2023-07-05 15:51:42 [25@GS003021]
0 segundo for "Migração de dados - glpi_displaypreferences" @ 2023-07-05 15:51:42 [25@GS003021]
0 segundo for "Alteração de layout do banco de dados - glpi_networkportfiberchannels" @ 2023-07-05 15:51:42 [25@GS003021]
0 segundo for "Alteração de layout do banco de dados - glpi_computervirtualmachines" @ 2023-07-05 15:51:50 [25@GS003021]
8 segundos for "Alteração de layout do banco de dados - glpi_networkequipments" @ 2023-07-05 15:51:50 [25@GS003021]
0 segundo for "Tarefa concluída." @ 2023-07-05 17:40:51 [2@GS003021]
0 segundo for "Trabalho em progresso..." @ 2023-07-05 17:40:51 [2@GS003021]
0 segundo for "Add new configurations / user preferences" @ 2023-07-05 17:40:52 [2@GS003021]
1 segundo for "Alteração de layout do banco de dados - glpi_computervirtualmachines" @ 2023-07-05 17:40:52 [2@GS003021]
0 segundo for "Alteração de layout do banco de dados - glpi_networkequipments" @ 2023-07-05 17:40:52 [2@GS003021]
0 segundo for "Migração de dados - glpi_displaypreferences" @ 2023-07-05 17:40:53 [2@GS003021]
1 segundo for "Alteração de layout do banco de dados - glpi_changes" @ 2023-07-05 17:40:53 [2@GS003021]
0 segundo for "Alteração de layout do banco de dados - glpi_users" @ 2023-07-05 17:40:53 [2@GS003021]
0 segundo for "Alteração de layout do banco de dados - glpi_networkportfiberchannels" @ 2023-07-05 17:40:53 [2@GS003021]
0 segundo for "Alteração de layout do banco de dados - glpi_problems" @ 2023-07-05 17:40:54 [2@GS003021]
1 segundo for "Alteração de layout do banco de dados - glpi_computervirtualmachines" @ 2023-07-05 17:41:20 [2@GS003021]
26 segundos for "Alteração de layout do banco de dados - glpi_networkequipments" @ 2023-07-05 17:41:20 [2@GS003021]
0 segundo for "Valores de configuração adicionados para use_flat_dropdowntree_on_search_result (core)." @ 2023-07-05 17:41:20 [2@GS003021]
0 segundo for "Tarefa concluída." @ 2023-07-06 14:30:08 [2@GS003021]
1 segundo for "Trabalho em progresso..." @ 2023-07-06 14:30:08 [2@GS003021]
0 segundo for "Add new configurations / user preferences" @ 2023-07-06 14:30:08 [2@GS003021]
0 segundo for "Alteração de layout do banco de dados - glpi_computervirtualmachines" @ 2023-07-06 14:30:08 [2@GS003021]
0 segundo for "Alteração de layout do banco de dados - glpi_networkequipments" @ 2023-07-06 14:30:08 [2@GS003021]
0 segundo for "Migração de dados - glpi_displaypreferences" @ 2023-07-06 14:30:08 [2@GS003021]
0 segundo for "Alteração de layout do banco de dados - glpi_changes" @ 2023-07-06 14:30:08 [2@GS003021]
0 segundo for "Alteração de layout do banco de dados - glpi_users" @ 2023-07-06 14:30:08 [2@GS003021]
0 segundo for "Alteração de layout do banco de dados - glpi_networkportfiberchannels" @ 2023-07-06 14:30:08 [2@GS003021]
0 segundo for "Alteração de layout do banco de dados - glpi_problems" @ 2023-07-06 14:30:08 [2@GS003021]
0 segundo for "Alteração de layout do banco de dados - glpi_computervirtualmachines" @ 2023-07-06 14:30:16 [2@GS003021]
8 segundos for "Alteração de layout do banco de dados - glpi_networkequipments" @ 2023-07-06 14:30:16 [2@GS003021]
0 segundo for "Valores de configuração adicionados para use_flat_dropdowntree_on_search_result (core)." @ 2023-07-06 14:30:16 [2@GS003021]
0 segundo for "Tarefa concluída." @ 