2023-02-02 15:51:19 [2@GS003021]
Uma notificação do navegador para 134 foi adicionada a fila: [GLPI #0000280] Você possui uma nova resposta
2023-02-07 08:25:24 [124@localhost]
Uma notificação do navegador para 135 foi adicionada a fila: [GLPI #0000299] Você possui uma nova resposta
2023-02-07 08:56:24 [124@localhost]
Uma notificação do navegador para 22 foi adicionada a fila: [GLPI #0000300] Você possui uma nova resposta
2023-02-07 09:09:45 [135@localhost]
Uma notificação do navegador para 135 foi adicionada a fila: [GLPI #0000301] CHAMADO ABERTO 0000301
2023-02-07 09:09:45 [135@localhost]
Uma notificação do navegador para 2 foi adicionada a fila: [GLPI #0000301] CHAMADO ABERTO 0000301
2023-02-07 09:09:45 [135@localhost]
Uma notificação do navegador para 124 foi adicionada a fila: [GLPI #0000301] CHAMADO ABERTO 0000301
2023-02-07 09:09:45 [135@localhost]
Uma notificação do navegador para 142 foi adicionada a fila: [GLPI #0000301] CHAMADO ABERTO 0000301
2023-02-07 09:38:53 [124@localhost]
Uma notificação do navegador para 135 foi adicionada a fila: [GLPI #0000301] Você possui uma nova resposta
2023-02-07 09:40:27 [124@localhost]
Uma notificação do navegador para 124 foi adicionada a fila: [GLPI #0000276] Você possui uma nova resposta
2023-02-07 12:47:23 [132@localhost]
Uma notificação do navegador para 132 foi adicionada a fila: [GLPI #0000302] CHAMADO ABERTO 0000302
2023-02-07 12:47:23 [132@localhost]
Uma notificação do navegador para 2 foi adicionada a fila: [GLPI #0000302] CHAMADO ABERTO 0000302
2023-02-07 12:47:23 [132@localhost]
Uma notificação do navegador para 124 foi adicionada a fila: [GLPI #0000302] CHAMADO ABERTO 0000302
2023-02-07 12:47:23 [132@localhost]
Uma notificação do navegador para 142 foi adicionada a fila: [GLPI #0000302] CHAMADO ABERTO 0000302
2023-02-07 14:52:20 [124@localhost]
Uma notificação do navegador para 132 foi adicionada a fila: [GLPI #0000302] Você possui uma nova resposta
2023-02-07 16:47:58 [22@localhost]
Uma notificação do navegador para 22 foi adicionada a fila: [GLPI #0000300] Você possui uma nova resposta
2023-02-08 09:17:12 [135@localhost]
Uma notificação do navegador para 135 foi adicionada a fila: [GLPI #0000303] CHAMADO ABERTO 0000303
2023-02-08 09:17:12 [135@localhost]
Uma notificação do navegador para 2 foi adicionada a fila: [GLPI #0000303] CHAMADO ABERTO 0000303
2023-02-08 09:17:12 [135@localhost]
Uma notificação do navegador para 124 foi adicionada a fila: [GLPI #0000303] CHAMADO ABERTO 0000303
2023-02-08 09:17:12 [135@localhost]
Uma notificação do navegador para 142 foi adicionada a fila: [GLPI #0000303] CHAMADO ABERTO 0000303
2023-02-08 09:56:55 [140@localhost]
Uma notificação do navegador para 140 foi adicionada a fila: [GLPI #0000304] CHAMADO ABERTO 0000304
2023-02-08 09:56:55 [140@localhost]
Uma notificação do navegador para 2 foi adicionada a fila: [GLPI #0000304] CHAMADO ABERTO 0000304
2023-02-08 09:56:55 [140@localhost]
Uma notificação do navegador para 124 foi adicionada a fila: [GLPI #0000304] CHAMADO ABERTO 0000304
2023-02-08 09:56:55 [140@localhost]
Uma notificação do navegador para 142 foi adicionada a fila: [GLPI #0000304] CHAMADO ABERTO 0000304
2023-02-08 09:58:32 [140@localhost]
Uma notificação do navegador para 140 foi adicionada a fila: [GLPI #0000305] CHAMADO ABERTO 0000305
2023-02-08 09:58:32 [140@localhost]
Uma notificação do navegador para 2 foi adicionada a fila: [GLPI #0000305] CHAMADO ABERTO 0000305
2023-02-08 09:58:32 [140@localhost]
Uma notificação do navegador para 124 foi adicionada a fila: [GLPI #0000305] CHAMADO ABERTO 0000305
2023-02-08 09:58:32 [140@localhost]
Uma notificação do navegador para 142 foi adicionada a fila: [GLPI #0000305] CHAMADO ABERTO 0000305
2023-02-08 11:57:08 [124@localhost]
Uma notificação do navegador para 135 foi adicionada a fila: [GLPI #0000303] Você possui uma nova resposta
2023-02-08 11:57:47 [124@localhost]
Uma notificação do navegador para 140 foi adicionada a fila: [GLPI #0000304] Você possui uma nova resposta
2023-02-08 12:15:51 [132@localhost]
Uma notificação do navegador para 132 foi adicionada a fila: [GLPI #0000306] CHAMADO ABERTO 0000306
2023-02-08 12:15:51 [132@localhost]
Uma notificação do navegador para 2 foi adicionada a fila: [GLPI #0000306] CHAMADO ABERTO 0000306
2023-02-08 12:15:51 [132@localhost]
Uma notificação do navegador para 124 foi adicionada a fila: [GLPI #0000306] CHAMADO ABERTO 0000306
2023-02-08 12:15:51 [132@localhost]
Uma notificação do navegador para 142 foi adicionada a fila: [GLPI #0000306] CHAMADO ABERTO 0000306
2023-02-08 12:21:20 [124@localhost]
Uma notificação do navegador para 132 foi adicionada a fila: [GLPI #0000306] Você possui uma nova resposta
2023-02-08 12:33:14 [124@localhost]
Uma notificação do navegador para 140 foi adicionada a fila: [GLPI #0000305] Você possui uma nova resposta
2023-02-08 13:07:51 [124@localhost]
Uma notificação do navegador para 132 foi adicionada a fila: [GLPI #0000306] Você possui uma nova resposta
2023-02-09 08:22:22 [136@localhost]
Uma notificação do navegador para 136 foi adicionada a fila: [GLPI #0000307] CHAMADO ABERTO 0000307
2023-02-09 08:22:22 [136@localhost]
Uma notificação do navegador para 2 foi adicionada a fila: [GLPI #0000307] CHAMADO ABERTO 0000307
2023-02-09 08:22:22 [136@localhost]
Uma notificação do navegador para 124 foi adicionada a fila: [GLPI #0000307] CHAMADO ABERTO 0000307
2023-02-09 08:22:22 [136@localhost]
Uma notificação do navegador para 142 foi adicionada a fila: [GLPI #0000307] CHAMADO ABERTO 0000307
2023-02-09 08:25:42 [124@localhost]
Uma notificação do navegador para 136 foi adicionada a fila: [GLPI #0000307] Você possui uma nova resposta
2023-02-09 10:23:10 [134@localhost]
Uma notificação do navegador para 134 foi adicionada a fila: [GLPI #0000308] CHAMADO ABERTO 0000308
2023-02-09 10:23:10 [134@localhost]
Uma notificação do navegador para 2 foi adicionada a fila: [GLPI #0000308] CHAMADO ABERTO 0000308
2023-02-09 10:23:10 [134@localhost]
Uma notificação do navegador para 124 foi adicionada a fila: [GLPI #0000308] CHAMADO ABERTO 0000308
2023-02-09 10:23:10 [134@localhost]
Uma notificação do navegador para 142 foi adicionada a fila: [GLPI #0000308] CHAMADO ABERTO 0000308
2023-02-09 10:50:04 [124@localhost]
Uma notificação do navegador para 134 foi adicionada a fila: [GLPI #0000308] Você possui uma nova resposta
2023-02-10 11:28:09 [135@localhost]
Uma notificação do navegador para 135 foi adicionada a fila: [GLPI #0000309] CHAMADO ABERTO 0000309
2023-02-10 11:28:09 [135@localhost]
Uma notificação do navegador para 2 foi adicionada a fila: [GLPI #0000309] CHAMADO ABERTO 0000309
2023-02-10 11:28:09 [135@localhost]
Uma notificação do navegador para 124 foi adicionada a fila: [GLPI #0000309] CHAMADO ABERTO 0000309
2023-02-10 11:28:09 [135@localhost]
Uma notificação do navegador para 142 foi adicionada a fila: [GLPI #0000309] CHAMADO ABERTO 0000309
2023-02-10 11:48:50 [54@localhost]
Uma notificação do navegador para 54 foi adicionada a fila: [GLPI #0000310] CHAMADO ABERTO 0000310
2023-02-10 11:48:50 [54@localhost]
Uma notificação do navegador para 10 foi adicionada a fila: [GLPI #0000310] CHAMADO ABERTO 0000310
2023-02-10 11:48:50 [54@localhost]
Uma notificação do navegador para 15 foi adicionada a fila: [GLPI #0000310] CHAMADO ABERTO 0000310
2023-02-10 11:48:50 [54@localhost]
Uma notificação do navegador para 40 foi adicionada a fila: [GLPI #0000310] CHAMADO ABERTO 0000310
2023-02-10 11:48:50 [54@localhost]
Uma notificação do navegador para 42 foi adicionada a fila: [GLPI #0000310] CHAMADO ABERTO 0000310
2023-02-10 11:48:50 [54@localhost]
Uma notificação do navegador para 17 foi adicionada a fila: [GLPI #0000310] CHAMADO ABERTO 0000310
2023-02-10 11:48:50 [54@localhost]
Uma notificação do navegador para 54 foi adicionada a fila: [GLPI #0000310] Você possui uma nova resposta
2023-02-10 11:50:01 [54@localhost]
Uma notificação do navegador para 54 foi adicionada a fila: [GLPI #0000311] CHAMADO ABERTO 0000311
2023-02-10 11:50:01 [54@localhost]
Uma notificação do navegador para 10 foi adicionada a fila: [GLPI #0000311] CHAMADO ABERTO 0000311
2023-02-10 11:50:01 [54@localhost]
Uma notificação do navegador para 15 foi adicionada a fila: [GLPI #0000311] CHAMADO ABERTO 0000311
2023-02-10 11:50:01 [54@localhost]
Uma notificação do navegador para 40 foi adicionada a fila: [GLPI #0000311] CHAMADO ABERTO 0000311
2023-02-10 11:50:01 [54@localhost]
Uma notificação do navegador para 42 foi adicionada a fila: [GLPI #0000311] CHAMADO ABERTO 0000311
2023-02-10 11:50:01 [54@localhost]
Uma notificação do navegador para 17 foi adicionada a fila: [GLPI #0000311] CHAMADO ABERTO 0000311
2023-02-10 11:50:01 [54@localhost]
Uma notificação do navegador para 54 foi adicionada a fila: [GLPI #0000311] Você possui uma nova resposta
2023-02-10 12:20:22 [15@localhost]
Uma notificação do navegador para 54 foi adicionada a fila: [GLPI #0000310] Você possui uma nova resposta
2023-02-10 12:20:22 [15@localhost]
Uma notificação do navegador para 54 foi adicionada a fila: [GLPI #0000311] Você possui uma nova resposta
2023-02-10 12:31:34 [2@localhost]
Uma notificação do navegador para 80 foi adicionada a fila: [GLPI #0000310] Você possui uma nova resposta
2023-02-10 12:31:35 [2@localhost]
Uma notificação do navegador para 80 foi adicionada a fila: [GLPI #0000310] Você possui uma nova resposta
2023-02-10 12:35:30 [15@localhost]
Uma notificação do navegador para 80 foi adicionada a fila: [GLPI #0000311] Você possui uma nova resposta
2023-02-10 15:01:51 [15@localhost]
Uma notificação do navegador para 80 foi adicionada a fila: [GLPI #0000310] Você possui uma nova resposta
2023-02-10 16:45:21 [135@localhost]
Uma notificação do navegador para 135 foi adicionada a fila: [GLPI #0000312] CHAMADO ABERTO 0000312
2023-02-10 16:45:21 [135@localhost]
Uma notificação do navegador para 2 foi adicionada a fila: [GLPI #0000312] CHAMADO ABERTO 0000312
2023-02-10 16:45:21 [135@localhost]
Uma notificação do navegador para 124 foi adicionada a fila: [GLPI #0000312] CHAMADO ABERTO 0000312
2023-02-10 16:45:21 [135@localhost]
Uma notificação do navegador para 142 foi adicionada a fila: [GLPI #0000312] CHAMADO ABERTO 0000312
2023-02-13 09:44:57 [60@localhost]
Uma notificação do navegador para 87 foi adicionada a fila: [GLPI #0000313] CHAMADO ABERTO 0000313
2023-02-13 09:44:57 [60@localhost]
Uma notificação do navegador para 10 foi adicionada a fila: [GLPI #0000313] CHAMADO ABERTO 0000313
2023-02-13 09:44:57 [60@localhost]
Uma notificação do navegador para 15 foi adicionada a fila: [GLPI #0000313] CHAMADO ABERTO 0000313
2023-02-13 09:44:57 [60@localhost]
Uma notificação do navegador para 40 foi adicionada a fila: [GLPI #0000313] CHAMADO ABERTO 0000313
2023-02-13 09:44:57 [60@localhost]
Uma notificação do navegador para 42 foi adicionada a fila: [GLPI #0000313] CHAMADO ABERTO 0000313
2023-02-13 09:44:57 [60@localhost]
Uma notificação do navegador para 17 foi adicionada a fila: [GLPI #0000313] CHAMADO ABERTO 0000313
2023-02-13 09:44:58 [60@localhost]
Uma notificação do navegador para 87 foi adicionada a fila: [GLPI #0000313] Você possui uma nova resposta
2023-02-13 09:54:07 [15@localhost]
Uma notificação do navegador para 80 foi adicionada a fila: [GLPI #0000310] Você possui uma nova resposta
2023-02-13 10:30:16 [124@localhost]
Uma notificação do navegador para 132 foi adicionada a fila: [GLPI #0000306] Você possui uma nova resposta
2023-02-13 11:34:18 [17@localhost]
Uma notificação do navegador para 87 foi adicionada a fila: [GLPI #0000313] Você possui uma nova resposta
2023-02-13 11:51:11 [17@localhost]
Uma notificação do navegador para 87 foi adicionada a fila: [GLPI #0000313] Você possui uma nova resposta
2023-02-13 13:26:26 [60@localhost]
Uma notificação do navegador para 75 foi adicionada a fila: [GLPI #0000314] CHAMADO ABERTO 0000314
2023-02-13 13:26:26 [60@localhost]
Uma notificação do navegador para 10 foi adicionada a fila: [GLPI #0000314] CHAMADO ABERTO 0000314
2023-02-13 13:26:26 [60@localhost]
Uma notificação do navegador para 15 foi adicionada a fila: [GLPI #0000314] CHAMADO ABERTO 0000314
2023-02-13 13:26:26 [60@localhost]
Uma notificação do navegador para 40 foi adicionada a fila: [GLPI #0000314] CHAMADO ABERTO 0000314
2023-02-13 13:26:26 [60@localhost]
Uma notificação do navegador para 42 foi adicionada a fila: [GLPI #0000314] CHAMADO ABERTO 0000314
2023-02-13 13:26:26 [60@localhost]
Uma notificação do navegador para 17 foi adicionada a fila: [GLPI #0000314] CHAMADO ABERTO 0000314
2023-02-13 13:26:26 [60@localhost]
Uma notificação do navegador para 75 foi adicionada a fila: [GLPI #0000314] Você possui uma nova resposta
2023-02-13 13:30:52 [60@localhost]
Uma notificação do navegador para 87 foi adicionada a fila: [GLPI #0000315] CHAMADO ABERTO 0000315
2023-02-13 13:30:52 [60@localhost]
Uma notificação do navegador para 10 foi adicionada a fila: [GLPI #0000315] CHAMADO ABERTO 0000315
2023-02-13 13:30:52 [60@localhost]
Uma notificação do navegador para 15 foi adicionada a fila: [GLPI #0000315] CHAMADO ABERTO 0000315
2023-02-13 13:30:52 [60@localhost]
Uma notificação do navegador para 40 foi adicionada a fila: [GLPI #0000315] CHAMADO ABERTO 0000315
2023-02-13 13:30:52 [60@localhost]
Uma notificação do navegador para 42 foi adicionada a fila: [GLPI #0000315] CHAMADO ABERTO 0000315
2023-02-13 13:30:52 [60@localhost]
Uma notificação do navegador para 17 foi adicionada a fila: [GLPI #0000315] CHAMADO ABERTO 0000315
2023-02-13 13:30:52 [60@localhost]
Uma notificação do navegador para 87 foi adicionada a fila: [GLPI #0000315] Você possui uma nova resposta
2023-02-13 15:26:21 [124@localhost]
Uma notificação do navegador para 135 foi adicionada a fila: [GLPI #0000309] Você possui uma nova resposta
2023-02-14 08:53:49 [124@localhost]
Uma notificação do navegador para 135 foi adicionada a fila: [GLPI #0000312] Você possui uma nova resposta
2023-02-14 08:56:46 [124@localhost]
Uma notificação do navegador para 135 foi adicionada a fila: [GLPI #0000312] Você possui uma nova resposta
2023-02-14 09:58:53 [27@localhost]
Uma notificação do navegador para 87 foi adicionada a fila: [GLPI #0000316] CHAMADO ABERTO 0000316
2023-02-14 09:58:53 [27@localhost]
Uma notificação do navegador para 10 foi adicionada a fila: [GLPI #0000316] CHAMADO ABERTO 0000316
2023-02-14 09:58:53 [27@localhost]
Uma notificação do navegador para 15 foi adicionada a fila: [GLPI #0000316] CHAMADO ABERTO 0000316
2023-02-14 09:58:53 [27@localhost]
Uma notificação do navegador para 40 foi adicionada a fila: [GLPI #0000316] CHAMADO ABERTO 0000316
2023-02-14 09:58:53 [27@localhost]
Uma notificação do navegador para 42 foi adicionada a fila: [GLPI #0000316] CHAMADO ABERTO 0000316
2023-02-14 09:58:53 [27@localhost]
Uma notificação do navegador para 17 foi adicionada a fila: [GLPI #0000316] CHAMADO ABERTO 0000316
2023-02-14 09:58:53 [27@localhost]
Uma notificação do navegador para 87 foi adicionada a fila: [GLPI #0000316] Você possui uma nova resposta
2023-02-14 12:35:35 [132@localhost]
Uma notificação do navegador para 132 foi adicionada a fila: [GLPI #0000317] CHAMADO ABERTO 0000317
2023-02-14 12:35:35 [132@localhost]
Uma notificação do navegador para 2 foi adicionada a fila: [GLPI #0000317] CHAMADO ABERTO 0000317
2023-02-14 12:35:35 [132@localhost]
Uma notificação do navegador para 124 foi adicionada a fila: [GLPI #0000317] CHAMADO ABERTO 0000317
2023-02-14 12:35:35 [132@localhost]
Uma notificação do navegador para 142 foi adicionada a fila: [GLPI #0000317] CHAMADO ABERTO 0000317
2023-02-14 13:26:57 [27@localhost]
Uma notificação do navegador para 27 foi adicionada a fila: [GLPI #0000318] CHAMADO ABERTO 0000318
2023-02-14 13:26:57 [27@localhost]
Uma notificação do navegador para 10 foi adicionada a fila: [GLPI #0000318] CHAMADO ABERTO 0000318
2023-02-14 13:26:57 [27@localhost]
Uma notificação do navegador para 15 foi adicionada a fila: [GLPI #0000318] CHAMADO ABERTO 0000318
2023-02-14 13:26:57 [27@localhost]
Uma notificação do navegador para 40 foi adicionada a fila: [GLPI #0000318] CHAMADO ABERTO 0000318
2023-02-14 13:26:57 [27@localhost]
Uma notificação do navegador para 42 foi adicionada a fila: [GLPI #0000318] CHAMADO ABERTO 0000318
2023-02-14 13:26:57 [27@localhost]
Uma notificação do navegador para 17 foi adicionada a fila: [GLPI #0000318] CHAMADO ABERTO 0000318
2023-02-14 13:26:57 [27@localhost]
Uma notificação do navegador para 27 foi adicionada a fila: [GLPI #0000318] Você possui uma nova resposta
2023-02-14 13:51:57 [27@localhost]
Uma notificação do navegador para 27 foi adicionada a fila: [GLPI #0000319] CHAMADO ABERTO 0000319
2023-02-14 13:51:57 [27@localhost]
Uma notificação do navegador para 10 foi adicionada a fila: [GLPI #0000319] CHAMADO ABERTO 0000319
2023-02-14 13:51:57 [27@localhost]
Uma notificação do navegador para 15 foi adicionada a fila: [GLPI #0000319] CHAMADO ABERTO 0000319
2023-02-14 13:51:57 [27@localhost]
Uma notificação do navegador para 40 foi adicionada a fila: [GLPI #0000319] CHAMADO ABERTO 0000319
2023-02-14 13:51:57 [27@localhost]
Uma notificação do navegador para 42 foi adicionada a fila: [GLPI #0000319] CHAMADO ABERTO 0000319
2023-02-14 13:51:57 [27@localhost]
Uma notificação do navegador para 17 foi adicionada a fila: [GLPI #0000319] CHAMADO ABERTO 0000319
2023-02-14 13:51:57 [27@localhost]
Uma notificação do navegador para 27 foi adicionada a fila: [GLPI #0000319] Você possui uma nova resposta
2023-02-14 14:22:27 [17@localhost]
Uma notificação do navegador para 27 foi adicionada a fila: [GLPI #0000318] Você possui uma nova resposta
2023-02-14 14:24:41 [17@localhost]
Uma notificação do navegador para 27 foi adicionada a fila: [GLPI #0000319] Você possui uma nova resposta
2023-02-14 14:27:25 [15@localhost]
Uma notificação do navegador para 75 foi adicionada a fila: [GLPI #0000314] Você possui uma nova resposta
2023-02-14 14:27:57 [10@localhost]
Uma notificação do navegador para 87 foi adicionada a fila: [GLPI #0000316] Você possui uma nova resposta
2023-02-14 14:41:55 [15@localhost]
Uma notificação do navegador para 15 foi adicionada a fila: [GLPI #0000320] CHAMADO ABERTO 0000320
2023-02-14 14:42:49 [134@localhost]
Uma notificação do navegador para 134 foi adicionada a fila: [GLPI #0000321] CHAMADO ABERTO 0000321
2023-02-14 14:42:49 [134@localhost]
Uma notificação do navegador para 2 foi adicionada a fila: [GLPI #0000321] CHAMADO ABERTO 0000321
2023-02-14 14:42:49 [134@localhost]
Uma notificação do navegador para 124 foi adicionada a fila: [GLPI #0000321] CHAMADO ABERTO 0000321
2023-02-14 14:42:49 [134@localhost]
Uma notificação do navegador para 142 foi adicionada a fila: [GLPI #0000321] CHAMADO ABERTO 0000321
2023-02-14 14:46:33 [2@localhost]
Uma notificação do navegador para 15 foi adicionada a fila: [GLPI #0000320] Você possui uma nova resposta
2023-02-14 14:53:43 [124@localhost]
Uma notificação do navegador para 132 foi adicionada a fila: [GLPI #0000317] Você possui uma nova resposta
2023-02-14 15:05:04 [124@localhost]
Uma notificação do navegador para 134 foi adicionada a fila: [GLPI #0000321] Você possui uma nova resposta
2023-02-14 15:13:39 [124@localhost]
Uma notificação do navegador para 137 foi adicionada a fila: [GLPI #0000267] Você possui uma nova resposta
2023-02-14 15:14:33 [124@localhost]
Uma notificação do navegador para 137 foi adicionada a fila: [GLPI #0000267] Você possui uma nova resposta
2023-02-14 15:14:50 [124@localhost]
Uma notificação do navegador para 137 foi adicionada a fila: [GLPI #0000267] Você possui uma nova resposta
2023-02-14 15:21:42 [136@localhost]
Uma notificação do navegador para 136 foi adicionada a fila: [GLPI #0000322] CHAMADO ABERTO 0000322
2023-02-14 15:21:42 [136@localhost]
Uma notificação do navegador para 2 foi adicionada a fila: [GLPI #0000322] CHAMADO ABERTO 0000322
2023-02-14 15:21:42 [136@localhost]
Uma notificação do navegador para 124 foi adicionada a fila: [GLPI #0000322] CHAMADO ABERTO 0000322
2023-02-14 15:21:42 [136@localhost]
Uma notificação do navegador para 142 foi adicionada a fila: [GLPI #0000322] CHAMADO ABERTO 0000322
2023-02-14 15:55:51 [124@localhost]
Uma notificação do navegador para 136 foi adicionada a fila: [GLPI #0000322] Você possui uma nova resposta
2023-02-15 08:20:15 [142@localhost]
Uma notificação do navegador para 22 foi adicionada a fila: [GLPI #0000266] Você possui uma nova resposta
2023-02-15 10:16:37 [137@localhost]
Uma notificação do navegador para 137 foi adicionada a fila: [GLPI #0000323] CHAMADO ABERTO 0000323
2023-02-15 10:16:37 [137@localhost]
Uma notificação do navegador para 2 foi adicionada a fila: [GLPI #0000323] CHAMADO ABERTO 0000323
2023-02-15 10:16:37 [137@localhost]
Uma notificação do navegador para 124 foi adicionada a fila: [GLPI #0000323] CHAMADO ABERTO 0000323
2023-02-15 10:16:37 [137@localhost]
Uma notificação do navegador para 142 foi adicionada a fila: [GLPI #0000323] CHAMADO ABERTO 0000323
2023-02-15 11:05:11 [124@localhost]
Uma notificação do navegador para 137 foi adicionada a fila: [GLPI #0000323] Você possui uma nova resposta
2023-02-15 12:45:52 [124@localhost]
Uma notificação do navegador para 136 foi adicionada a fila: [GLPI #0000322] Você possui uma nova resposta
2023-02-15 13:31:29 [135@localhost]
Uma notificação do navegador para 135 foi adicionada a fila: [GLPI #0000324] CHAMADO ABERTO 0000324
2023-02-15 13:31:29 [135@localhost]
Uma notificação do navegador para 2 foi adicionada a fila: [GLPI #0000324] CHAMADO ABERTO 0000324
2023-02-15 13:31:29 [135@localhost]
Uma notificação do navegador para 124 foi adicionada a fila: [GLPI #0000324] CHAMADO ABERTO 0000324
2023-02-15 13:31:29 [135@localhost]
Uma notificação do navegador para 142 foi adicionada a fila: [GLPI #0000324] CHAMADO ABERTO 0000324
2023-02-15 14:06:15 [135@localhost]
Uma notificação do navegador para 135 foi adicionada a fila: [GLPI #0000312] Você possui uma nova resposta
2023-02-15 15:17:12 [124@localhost]
Uma notificação do navegador para 135 foi adicionada a fila: [GLPI #0000312] Você possui uma nova resposta
2023-02-15 16:01:28 [124@localhost]
Uma notificação do navegador para 135 foi adicionada a fila: [GLPI #0000324] Você possui uma nova resposta
2023-02-15 16:01:41 [124@localhost]
Uma notificação do navegador para 135 foi adicionada a fila: [GLPI #0000324] Você possui uma nova resposta
2023-02-16 10:09:30 [137@localhost]
Uma notificação do navegador para 137 foi adicionada a fila: [GLPI #0000325] CHAMADO ABERTO 0000325
2023-02-16 10:09:30 [137@localhost]
Uma notificação do navegador para 2 foi adicionada a fila: [GLPI #0000325] CHAMADO ABERTO 0000325
2023-02-16 10:09:30 [137@localhost]
Uma notificação do navegador para 124 foi adicionada a fila: [GLPI #0000325] CHAMADO ABERTO 0000325
2023-02-16 10:09:30 [137@localhost]
Uma notificação do navegador para 142 foi adicionada a fila: [GLPI #0000325] CHAMADO ABERTO 0000325
2023-02-16 10:30:44 [124@localhost]
Uma notificação do navegador para 137 foi adicionada a fila: [GLPI #0000325] Você possui uma nova resposta
2023-02-16 10:57:51 [139@localhost]
Uma notificação do navegador para 139 foi adicionada a fila: [GLPI #0000326] CHAMADO ABERTO 0000326
2023-02-16 10:57:51 [139@localhost]
Uma notificação do navegador para 2 foi adicionada a fila: [GLPI #0000326] CHAMADO ABERTO 0000326
2023-02-16 10:57:51 [139@localhost]
Uma notificação do navegador para 124 foi adicionada a fila: [GLPI #0000326] CHAMADO ABERTO 0000326
2023-02-16 10:57:51 [139@localhost]
Uma notificação do navegador para 142 foi adicionada a fila: [GLPI #0000326] CHAMADO ABERTO 0000326
2023-02-16 11:12:24 [124@localhost]
Uma notificação do navegador para 139 foi adicionada a fila: [GLPI #0000326] Você possui uma nova resposta
2023-02-16 11:53:05 [136@localhost]
Uma notificação do navegador para 136 foi adicionada a fila: [GLPI #0000327] CHAMADO ABERTO 0000327
2023-02-16 11:53:05 [136@localhost]
Uma notificação do navegador para 2 foi adicionada a fila: [GLPI #0000327] CHAMADO ABERTO 0000327
2023-02-16 11:53:05 [136@localhost]
Uma notificação do navegador para 124 foi adicionada a fila: [GLPI #0000327] CHAMADO ABERTO 0000327
2023-02-16 11:53:05 [136@localhost]
Uma notificação do navegador para 142 foi adicionada a fila: [GLPI #0000327] CHAMADO ABERTO 0000327
2023-02-16 12:26:14 [124@localhost]
Uma notificação do navegador para 136 foi adicionada a fila: [GLPI #0000327] Você possui uma nova resposta
2023-02-16 12:48:26 [134@localhost]
Uma notificação do navegador para 134 foi adicionada a fila: [GLPI #0000328] CHAMADO ABERTO 0000328
2023-02-16 12:48:26 [134@localhost]
Uma notificação do navegador para 2 foi adicionada a fila: [GLPI #0000328] CHAMADO ABERTO 0000328
2023-02-16 12:48:26 [134@localhost]
Uma notificação do navegador para 124 foi adicionada a fila: [GLPI #0000328] CHAMADO ABERTO 0000328
2023-02-16 12:48:26 [134@localhost]
Uma notificação do navegador para 142 foi adicionada a fila: [GLPI #0000328] CHAMADO ABERTO 0000328
2023-02-16 14:29:38 [132@localhost]
Uma notificação do navegador para 132 foi adicionada a fila: [GLPI #0000329] CHAMADO ABERTO 0000329
2023-02-16 14:29:38 [132@localhost]
Uma notificação do navegador para 2 foi adicionada a fila: [GLPI #0000329] CHAMADO ABERTO 0000329
2023-02-16 14:29:38 [132@localhost]
Uma notificação do navegador para 124 foi adicionada a fila: [GLPI #0000329] CHAMADO ABERTO 0000329
2023-02-16 14:29:38 [132@localhost]
Uma notificação do navegador para 142 foi adicionada a fila: [GLPI #0000329] CHAMADO ABERTO 0000329
2023-02-16 14:51:40 [124@localhost]
Uma notificação do navegador para 134 foi adicionada a fila: [GLPI #0000328] Você possui uma nova resposta
2023-02-16 15:15:32 [124@localhost]
Uma notificação do navegador para 132 foi adicionada a fila: [GLPI #0000329] Você possui uma nova resposta
2023-02-16 16:01:14 [124@localhost]
Uma notificação do navegador para 22 foi adicionada a fila: [GLPI #0000298] Você possui uma nova resposta
2023-02-16 16:01:43 [124@localhost]
Uma notificação do navegador para 22 foi adicionada a fila: [GLPI #0000298] Você possui uma nova resposta
2023-02-17 11:06:36 [135@localhost]
Uma notificação do navegador para 135 foi adicionada a fila: [GLPI #0000330] CHAMADO ABERTO 0000330
2023-02-17 11:06:36 [135@localhost]
Uma notificação do navegador para 2 foi adicionada a fila: [GLPI #0000330] CHAMADO ABERTO 0000330
2023-02-17 11:06:36 [135@localhost]
Uma notificação do navegador para 124 foi adicionada a fila: [GLPI #0000330] CHAMADO ABERTO 0000330
2023-02-17 11:06:36 [135@localhost]
Uma notificação do navegador para 142 foi adicionada a fila: [GLPI #0000330] CHAMADO ABERTO 0000330
2023-02-17 17:26:47 [124@localhost]
Uma notificação do navegador para 135 foi adicionada a fila: [GLPI #0000324] Você possui uma nova resposta
2023-02-22 08:00:27 [136@localhost]
Uma notificação do navegador para 136 foi adicionada a fila: [GLPI #0000331] CHAMADO ABERTO 0000331
2023-02-22 08:00:27 [136@localhost]
Uma notificação do navegador para 2 foi adicionada a fila: [GLPI #0000331] CHAMADO ABERTO 0000331
2023-02-22 08:00:27 [136@localhost]
Uma notificação do navegador para 124 foi adicionada a fila: [GLPI #0000331] CHAMADO ABERTO 0000331
2023-02-22 08:00:28 [136@localhost]
Uma notificação do navegador para 142 foi adicionada a fila: [GLPI #0000331] CHAMADO ABERTO 0000331
2023-02-22 12:00:25 [124@localhost]
Uma notificação do navegador para 136 foi adicionada a fila: [GLPI #0000331] Você possui uma nova resposta
2023-02-22 12:08:22 [124@localhost]
Uma notificação do navegador para 135 foi adicionada a fila: [GLPI #0000330] Você possui uma nova resposta
2023-02-22 15:53:11 [22@localhost]
Uma notificação do navegador para 22 foi adicionada a fila: [GLPI #0000332] CHAMADO ABERTO 0000332
2023-02-22 15:53:11 [22@localhost]
Uma notificação do navegador para 2 foi adicionada a fila: [GLPI #0000332] CHAMADO ABERTO 0000332
2023-02-22 15:53:11 [22@localhost]
Uma notificação do navegador para 124 foi adicionada a fila: [GLPI #0000332] CHAMADO ABERTO 0000332
2023-02-22 15:53:11 [22@localhost]
Uma notificação do navegador para 142 foi adicionada a fila: [GLPI #0000332] CHAMADO ABERTO 0000332
2023-02-22 15:55:15 [124@localhost]
Uma notificação do navegador para 22 foi adicionada a fila: [GLPI #0000332] Você possui uma nova resposta
2023-02-23 09:45:47 [135@localhost]
Uma notificação do navegador para 135 foi adicionada a fila: [GLPI #0000333] CHAMADO ABERTO 0000333
2023-02-23 09:45:47 [135@localhost]
Uma notificação do navegador para 2 foi adicionada a fila: [GLPI #0000333] CHAMADO ABERTO 0000333
2023-02-23 09:45:47 [135@localhost]
Uma notificação do navegador para 124 foi adicionada a fila: [GLPI #0000333] CHAMADO ABERTO 0000333
2023-02-23 09:45:47 [135@localhost]
Uma notificação do navegador para 142 foi adicionada a fila: [GLPI #0000333] CHAMADO ABERTO 0000333
2023-02-23 09:46:40 [135@localhost]
Uma notificação do navegador para 135 foi adicionada a fila: [GLPI #0000312] Você possui uma nova resposta
2023-02-23 09:51:08 [124@localhost]
Uma notificação do navegador para 135 foi adicionada a fila: [GLPI #0000312] Você possui uma nova resposta
2023-02-23 09:59:08 [124@localhost]
Uma notificação do navegador para 135 foi adicionada a fila: [GLPI #0000333] Você possui uma nova resposta
2023-02-23 09:59:59 [124@localhost]
Uma notificação do navegador para 135 foi adicionada a fila: [GLPI #0000333] Você possui uma nova resposta
2023-02-23 10:03:12 [124@localhost]
Uma notificação do navegador para 22 foi adicionada a fila: [GLPI #0000332] Você possui uma nova resposta
2023-02-23 10:37:23 [135@localhost]
Uma notificação do navegador para 135 foi adicionada a fila: [GLPI #0000333] Você possui uma nova resposta
2023-02-23 12:18:07 [132@localhost]
Uma notificação do navegador para 132 foi adicionada a fila: [GLPI #0000334] CHAMADO ABERTO 0000334
2023-02-23 12:18:07 [132@localhost]
Uma notificação do navegador para 2 foi adicionada a fila: [GLPI #0000334] CHAMADO ABERTO 0000334
2023-02-23 12:18:07 [132@localhost]
Uma notificação do navegador para 124 foi adicionada a fila: [GLPI #0000334] CHAMADO ABERTO 0000334
2023-02-23 12:18:07 [132@localhost]
Uma notificação do navegador para 142 foi adicionada a fila: [GLPI #0000334] CHAMADO ABERTO 0000334
2023-02-23 12:36:45 [137@localhost]
Uma notificação do navegador para 137 foi adicionada a fila: [GLPI #0000335] CHAMADO ABERTO 0000335
2023-02-23 12:36:45 [137@localhost]
Uma notificação do navegador para 2 foi adicionada a fila: [GLPI #0000335] CHAMADO ABERTO 0000335
2023-02-23 12:36:45 [137@localhost]
Uma notificação do navegador para 124 foi adicionada a fila: [GLPI #0000335] CHAMADO ABERTO 0000335
2023-02-23 12:36:45 [137@localhost]
Uma notificação do navegador para 142 foi adicionada a fila: [GLPI #0000335] CHAMADO ABERTO 0000335
2023-02-23 12:56:09 [138@localhost]
Uma notificação do navegador para 138 foi adicionada a fila: [GLPI #0000336] CHAMADO ABERTO 0000336
2023-02-23 12:56:09 [138@localhost]
Uma notificação do navegador para 2 foi adicionada a fila: [GLPI #0000336] CHAMADO ABERTO 0000336
2023-02-23 12:56:09 [138@localhost]
Uma notificação do navegador para 124 foi adicionada a fila: [GLPI #0000336] CHAMADO ABERTO 0000336
2023-02-23 12:56:09 [138@localhost]
Uma notificação do navegador para 142 foi adicionada a fila: [GLPI #0000336] CHAMADO ABERTO 0000336
2023-02-23 13:18:31 [139@localhost]
Uma notificação do navegador para 139 foi adicionada a fila: [GLPI #0000337] CHAMADO ABERTO 0000337
2023-02-23 13:18:31 [139@localhost]
Uma notificação do navegador para 2 foi adicionada a fila: [GLPI #0000337] CHAMADO ABERTO 0000337
2023-02-23 13:18:31 [139@localhost]
Uma notificação do navegador para 124 foi adicionada a fila: [GLPI #0000337] CHAMADO ABERTO 0000337
2023-02-23 13:18:31 [139@localhost]
Uma notificação do navegador para 142 foi adicionada a fila: [GLPI #0000337] CHAMADO ABERTO 0000337
2023-02-23 13:32:34 [124@localhost]
Uma notificação do navegador para 139 foi adicionada a fila: [GLPI #0000337] Você possui uma nova resposta
2023-02-23 13:32:43 [124@localhost]
Uma notificação do navegador para 139 foi adicionada a fila: [GLPI #0000337] Você possui uma nova resposta
2023-02-23 15:03:54 [124@localhost]
Uma notificação do navegador para 137 foi adicionada a fila: [GLPI #0000335] Você possui uma nova resposta
2023-02-23 15:05:37 [124@localhost]
Uma notificação do navegador para 132 foi adicionada a fila: [GLPI #0000334] Você possui uma nova resposta
2023-02-23 15:07:53 [124@localhost]
Uma notificação do navegador para 135 foi adicionada a fila: [GLPI #0000333] Você possui uma nova resposta
2023-02-23 15:15:05 [124@localhost]
Uma notificação do navegador para 138 foi adicionada a fila: [GLPI #0000336] Você possui uma nova resposta
2023-02-23 16:48:27 [135@localhost]
Uma notificação do navegador para 135 foi adicionada a fila: [GLPI #0000333] Você possui uma nova resposta
2023-02-24 09:01:29 [124@localhost]
Uma notificação do navegador para 135 foi adicionada a fila: [GLPI #0000333] Você possui uma nova resposta
2023-02-24 09:37:41 [135@localhost]
Uma notificação do navegador para 135 foi adicionada a fila: [GLPI #0000338] CHAMADO ABERTO 0000338
2023-02-24 09:37:41 [135@localhost]
Uma notificação do navegador para 2 foi adicionada a fila: [GLPI #0000338] CHAMADO ABERTO 0000338
2023-02-24 09:37:41 [135@localhost]
Uma notificação do navegador para 124 foi adicionada a fila: [GLPI #0000338] CHAMADO ABERTO 0000338
2023-02-24 09:37:41 [135@localhost]
Uma notificação do navegador para 142 foi adicionada a fila: [GLPI #0000338] CHAMADO ABERTO 0000338
2023-02-24 12:03:58 [135@localhost]
Uma notificação do navegador para 135 foi adicionada a fila: [GLPI #0000339] CHAMADO ABERTO 0000339
2023-02-24 12:03:58 [135@localhost]
Uma notificação do navegador para 2 foi adicionada a fila: [GLPI #0000339] CHAMADO ABERTO 0000339
2023-02-24 12:03:58 [135@localhost]
Uma notificação do navegador para 124 foi adicionada a fila: [GLPI #0000339] CHAMADO ABERTO 0000339
2023-02-24 12:03:58 [135@localhost]
Uma notificação do navegador para 142 foi adicionada a fila: [GLPI #0000339] CHAMADO ABERTO 0000339
2023-02-24 12:16:00 [22@localhost]
Uma notificação do navegador para 22 foi adicionada a fila: [GLPI #0000332] Você possui uma nova resposta
2023-02-24 13:19:05 [60@localhost]
Uma notificação do navegador para 60 foi adicionada a fila: [GLPI #0000340] CHAMADO ABERTO 0000340
2023-02-24 13:19:05 [60@localhost]
Uma notificação do navegador para 10 foi adicionada a fila: [GLPI #0000340] CHAMADO ABERTO 0000340
2023-02-24 13:19:05 [60@localhost]
Uma notificação do navegador para 15 foi adicionada a fila: [GLPI #0000340] CHAMADO ABERTO 0000340
2023-02-24 13:19:05 [60@localhost]
Uma notificação do navegador para 40 foi adicionada a fila: [GLPI #0000340] CHAMADO ABERTO 0000340
2023-02-24 13:19:05 [60@localhost]
Uma notificação do navegador para 42 foi adicionada a fila: [GLPI #0000340] CHAMADO ABERTO 0000340
2023-02-24 13:19:05 [60@localhost]
Uma notificação do navegador para 17 foi adicionada a fila: [GLPI #0000340] CHAMADO ABERTO 0000340
2023-02-24 13:19:05 [60@localhost]
Uma notificação do navegador para 60 foi adicionada a fila: [GLPI #0000340] Você possui uma nova resposta
2023-02-24 13:57:01 [2@localhost]
Uma notificação do navegador para 135 foi adicionada a fila: [GLPI #0000339] Você possui uma nova resposta
2023-02-24 13:57:29 [2@localhost]
Uma notificação do navegador para 135 foi adicionada a fila: [GLPI #0000338] Você possui uma nova resposta
2023-02-24 14:16:56 [60@localhost]
Uma notificação do navegador para 56 foi adicionada a fila: [GLPI #0000341] CHAMADO ABERTO 0000341
2023-02-24 14:16:56 [60@localhost]
Uma notificação do navegador para 10 foi adicionada a fila: [GLPI #0000341] CHAMADO ABERTO 0000341
2023-02-24 14:16:56 [60@localhost]
Uma notificação do navegador para 15 foi adicionada a fila: [GLPI #0000341] CHAMADO ABERTO 0000341
2023-02-24 14:16:56 [60@localhost]
Uma notificação do navegador para 40 foi adicionada a fila: [GLPI #0000341] CHAMADO ABERTO 0000341
2023-02-24 14:16:56 [60@localhost]
Uma notificação do navegador para 42 foi adicionada a fila: [GLPI #0000341] CHAMADO ABERTO 0000341
2023-02-24 14:16:56 [60@localhost]
Uma notificação do navegador para 17 foi adicionada a fila: [GLPI #0000341] CHAMADO ABERTO 0000341
2023-02-24 14:16:56 [60@localhost]
Uma notificação do navegador para 56 foi adicionada a fila: [GLPI #0000341] Você possui uma nova resposta
2023-02-24 14:17:25 [60@localhost]
Uma notificação do navegador para 82 foi adicionada a fila: [GLPI #0000342] CHAMADO ABERTO 0000342
2023-02-24 14:17:25 [60@localhost]
Uma notificação do navegador para 10 foi adicionada a fila: [GLPI #0000342] CHAMADO ABERTO 0000342
2023-02-24 14:17:25 [60@localhost]
Uma notificação do navegador para 15 foi adicionada a fila: [GLPI #0000342] CHAMADO ABERTO 0000342
2023-02-24 14:17:25 [60@localhost]
Uma notificação do navegador para 40 foi adicionada a fila: [GLPI #0000342] CHAMADO ABERTO 0000342
2023-02-24 14:17:25 [60@localhost]
Uma notificação do navegador para 42 foi adicionada a fila: [GLPI #0000342] CHAMADO ABERTO 0000342
2023-02-24 14:17:25 [60@localhost]
Uma notificação do navegador para 17 foi adicionada a fila: [GLPI #0000342] CHAMADO ABERTO 0000342
2023-02-24 14:17:25 [60@localhost]
Uma notificação do navegador para 82 foi adicionada a fila: [GLPI #0000342] Você possui uma nova resposta
2023-02-24 14:17:58 [60@localhost]
Uma notificação do navegador para 82 foi adicionada a fila: [GLPI #0000343] CHAMADO ABERTO 0000343
2023-02-24 14:17:58 [60@localhost]
Uma notificação do navegador para 10 foi adicionada a fila: [GLPI #0000343] CHAMADO ABERTO 0000343
2023-02-24 14:17:58 [60@localhost]
Uma notificação do navegador para 15 foi adicionada a fila: [GLPI #0000343] CHAMADO ABERTO 0000343
2023-02-24 14:17:58 [60@localhost]
Uma notificação do navegador para 40 foi adicionada a fila: [GLPI #0000343] CHAMADO ABERTO 0000343
2023-02-24 14:17:58 [60@localhost]
Uma notificação do navegador para 42 foi adicionada a fila: [GLPI #0000343] CHAMADO ABERTO 0000343
2023-02-24 14:17:58 [60@localhost]
Uma notificação do navegador para 17 foi adicionada a fila: [GLPI #0000343] CHAMADO ABERTO 0000343
2023-02-24 14:17:58 [60@localhost]
Uma notificação do navegador para 82 foi adicionada a fila: [GLPI #0000343] Você possui uma nova resposta
2023-02-24 14:29:53 [60@localhost]
Uma notificação do navegador para 56 foi adicionada a fila: [GLPI #0000344] CHAMADO ABERTO 0000344
2023-02-24 14:29:53 [60@localhost]
Uma notificação do navegador para 10 foi adicionada a fila: [GLPI #0000344] CHAMADO ABERTO 0000344
2023-02-24 14:29:53 [60@localhost]
Uma notificação do navegador para 15 foi adicionada a fila: [GLPI #0000344] CHAMADO ABERTO 0000344
2023-02-24 14:29:53 [60@localhost]
Uma notificação do navegador para 40 foi adicionada a fila: [GLPI #0000344] CHAMADO ABERTO 0000344
2023-02-24 14:29:53 [60@localhost]
Uma notificação do navegador para 42 foi adicionada a fila: [GLPI #0000344] CHAMADO ABERTO 0000344
2023-02-24 14:29:53 [60@localhost]
Uma notificação do navegador para 17 foi adicionada a fila: [GLPI #0000344] CHAMADO ABERTO 0000344
2023-02-24 14:29:53 [60@localhost]
Uma notificação do navegador para 56 foi adicionada a fila: [GLPI #0000344] Você possui uma nova resposta
2023-02-24 14:34:27 [60@localhost]
Uma notificação do navegador para 20 foi adicionada a fila: [GLPI #0000345] CHAMADO ABERTO 0000345
2023-02-24 14:34:27 [60@localhost]
Uma notificação do navegador para 10 foi adicionada a fila: [GLPI #0000345] CHAMADO ABERTO 0000345
2023-02-24 14:34:27 [60@localhost]
Uma notificação do navegador para 15 foi adicionada a fila: [GLPI #0000345] CHAMADO ABERTO 0000345
2023-02-24 14:34:27 [60@localhost]
Uma notificação do navegador para 40 foi adicionada a fila: [GLPI #0000345] CHAMADO ABERTO 0000345
2023-02-24 14:34:27 [60@localhost]
Uma notificação do navegador para 42 foi adicionada a fila: [GLPI #0000345] CHAMADO ABERTO 0000345
2023-02-24 14:34:27 [60@localhost]
Uma notificação do navegador para 17 foi adicionada a fila: [GLPI #0000345] CHAMADO ABERTO 0000345
2023-02-24 14:34:27 [60@localhost]
Uma notificação do navegador para 20 foi adicionada a fila: [GLPI #0000345] Você possui uma nova resposta
2023-02-24 14:38:15 [60@localhost]
Uma notificação do navegador para 20 foi adicionada a fila: [GLPI #0000346] CHAMADO ABERTO 0000346
2023-02-24 14:38:15 [60@localhost]
Uma notificação do navegador para 10 foi adicionada a fila: [GLPI #0000346] CHAMADO ABERTO 0000346
2023-02-24 14:38:15 [60@localhost]
Uma notificação do navegador para 15 foi adicionada a fila: [GLPI #0000346] CHAMADO ABERTO 0000346
2023-02-24 14:38:15 [60@localhost]
Uma notificação do navegador para 40 foi adicionada a fila: [GLPI #0000346] CHAMADO ABERTO 0000346
2023-02-24 14:38:15 [60@localhost]
Uma notificação do navegador para 42 foi adicionada a fila: [GLPI #0000346] CHAMADO ABERTO 0000346
2023-02-24 14:38:15 [60@localhost]
Uma notificação do navegador para 17 foi adicionada a fila: [GLPI #0000346] CHAMADO ABERTO 0000346
2023-02-24 14:38:15 [60@localhost]
Uma notificação do navegador para 20 foi adicionada a fila: [GLPI #0000346] Você possui uma nova resposta
2023-02-24 14:47:23 [60@localhost]
Uma notificação do navegador para 20 foi adicionada a fila: [GLPI #0000347] CHAMADO ABERTO 0000347
2023-02-24 14:47:23 [60@localhost]
Uma notificação do navegador para 10 foi adicionada a fila: [GLPI #0000347] CHAMADO ABERTO 0000347
2023-02-24 14:47:23 [60@localhost]
Uma notificação do navegador para 15 foi adicionada a fila: [GLPI #0000347] CHAMADO ABERTO 0000347
2023-02-24 14:47:23 [60@localhost]
Uma notificação do navegador para 40 foi adicionada a fila: [GLPI #0000347] CHAMADO ABERTO 0000347
2023-02-24 14:47:23 [60@localhost]
Uma notificação do navegador para 42 foi adicionada a fila: [GLPI #0000347] CHAMADO ABERTO 0000347
2023-02-24 14:47:23 [60@localhost]
Uma notificação do navegador para 17 foi adicionada a fila: [GLPI #0000347] CHAMADO ABERTO 0000347
2023-02-24 14:47:23 [60@localhost]
Uma notificação do navegador para 20 foi adicionada a fila: [GLPI #0000347] Você possui uma nova resposta
2023-02-24 14:48:14 [60@localhost]
Uma notificação do navegador para 30 foi adicionada a fila: [GLPI #0000348] CHAMADO ABERTO 0000348
2023-02-24 14:48:14 [60@localhost]
Uma notificação do navegador para 10 foi adicionada a fila: [GLPI #0000348] CHAMADO ABERTO 0000348
2023-02-24 14:48:14 [60@localhost]
Uma notificação do navegador para 15 foi adicionada a fila: [GLPI #0000348] CHAMADO ABERTO 0000348
2023-02-24 14:48:14 [60@localhost]
Uma notificação do navegador para 40 foi adicionada a fila: [GLPI #0000348] CHAMADO ABERTO 0000348
2023-02-24 14:48:14 [60@localhost]
Uma notificação do navegador para 42 foi adicionada a fila: [GLPI #0000348] CHAMADO ABERTO 0000348
2023-02-24 14:48:14 [60@localhost]
Uma notificação do navegador para 17 foi adicionada a fila: [GLPI #0000348] CHAMADO ABERTO 0000348
2023-02-24 14:48:14 [60@localhost]
Uma notificação do navegador para 30 foi adicionada a fila: [GLPI #0000348] Você possui uma nova resposta
2023-02-24 14:53:56 [60@localhost]
Uma notificação do navegador para 57 foi adicionada a fila: [GLPI #0000349] CHAMADO ABERTO 0000349
2023-02-24 14:53:56 [60@localhost]
Uma notificação do navegador para 10 foi adicionada a fila: [GLPI #0000349] CHAMADO ABERTO 0000349
2023-02-24 14:53:56 [60@localhost]
Uma notificação do navegador para 15 foi adicionada a fila: [GLPI #0000349] CHAMADO ABERTO 0000349
2023-02-24 14:53:56 [60@localhost]
Uma notificação do navegador para 40 foi adicionada a fila: [GLPI #0000349] CHAMADO ABERTO 0000349
2023-02-24 14:53:56 [60@localhost]
Uma notificação do navegador para 42 foi adicionada a fila: [GLPI #0000349] CHAMADO ABERTO 0000349
2023-02-24 14:53:56 [60@localhost]
Uma notificação do navegador para 17 foi adicionada a fila: [GLPI #0000349] CHAMADO ABERTO 0000349
2023-02-24 14:53:56 [60@localhost]
Uma notificação do navegador para 57 foi adicionada a fila: [GLPI #0000349] Você possui uma nova resposta
2023-02-24 14:54:28 [60@localhost]
Uma notificação do navegador para 57 foi adicionada a fila: [GLPI #0000350] CHAMADO ABERTO 0000350
2023-02-24 14:54:28 [60@localhost]
Uma notificação do navegador para 10 foi adicionada a fila: [GLPI #0000350] CHAMADO ABERTO 0000350
2023-02-24 14:54:28 [60@localhost]
Uma notificação do navegador para 15 foi adicionada a fila: [GLPI #0000350] CHAMADO ABERTO 0000350
2023-02-24 14:54:28 [60@localhost]
Uma notificação do navegador para 40 foi adicionada a fila: [GLPI #0000350] CHAMADO ABERTO 0000350
2023-02-24 14:54:28 [60@localhost]
Uma notificação do navegador para 42 foi adicionada a fila: [GLPI #0000350] CHAMADO ABERTO 0000350
2023-02-24 14:54:28 [60@localhost]
Uma notificação do navegador para 17 foi adicionada a fila: [GLPI #0000350] CHAMADO ABERTO 0000350
2023-02-24 14:54:28 [60@localhost]
Uma notificação do navegador para 57 foi adicionada a fila: [GLPI #0000350] Você possui uma nova resposta
2023-02-24 15:18:12 [60@localhost]
Uma notificação do navegador para 125 foi adicionada a fila: [GLPI #0000351] CHAMADO ABERTO 0000351
2023-02-24 15:18:12 [60@localhost]
Uma notificação do navegador para 10 foi adicionada a fila: [GLPI #0000351] CHAMADO ABERTO 0000351
2023-02-24 15:18:12 [60@localhost]
Uma notificação do navegador para 15 foi adicionada a fila: [GLPI #0000351] CHAMADO ABERTO 0000351
2023-02-24 15:18:12 [60@localhost]
Uma notificação do navegador para 40 foi adicionada a fila: [GLPI #0000351] CHAMADO ABERTO 0000351
2023-02-24 15:18:12 [60@localhost]
Uma notificação do navegador para 42 foi adicionada a fila: [GLPI #0000351] CHAMADO ABERTO 0000351
2023-02-24 15:18:12 [60@localhost]
Uma notificação do navegador para 17 foi adicionada a fila: [GLPI #0000351] CHAMADO ABERTO 0000351
2023-02-24 15:18:12 [60@localhost]
Uma notificação do navegador para 125 foi adicionada a fila: [GLPI #0000351] Você possui uma nova resposta
2023-02-24 15:18:36 [60@localhost]
Uma notificação do navegador para 125 foi adicionada a fila: [GLPI #0000352] CHAMADO ABERTO 0000352
2023-02-24 15:18:36 [60@localhost]
Uma notificação do navegador para 10 foi adicionada a fila: [GLPI #0000352] CHAMADO ABERTO 0000352
2023-02-24 15:18:36 [60@localhost]
Uma notificação do navegador para 15 foi adicionada a fila: [GLPI #0000352] CHAMADO ABERTO 0000352
2023-02-24 15:18:36 [60@localhost]
Uma notificação do navegador para 40 foi adicionada a fila: [GLPI #0000352] CHAMADO ABERTO 0000352
2023-02-24 15:18:36 [60@localhost]
Uma notificação do navegador para 42 foi adicionada a fila: [GLPI #0000352] CHAMADO ABERTO 0000352
2023-02-24 15:18:36 [60@localhost]
Uma notificação do navegador para 17 foi adicionada a fila: [GLPI #0000352] CHAMADO ABERTO 0000352
2023-02-24 15:18:36 [60@localhost]
Uma notificação do navegador para 125 foi adicionada a fila: [GLPI #0000352] Você possui uma nova resposta
2023-02-24 15:32:47 [60@localhost]
Uma notificação do navegador para 33 foi adicionada a fila: [GLPI #0000353] CHAMADO ABERTO 0000353
2023-02-24 15:32:47 [60@localhost]
Uma notificação do navegador para 10 foi adicionada a fila: [GLPI #0000353] CHAMADO ABERTO 0000353
2023-02-24 15:32:47 [60@localhost]
Uma notificação do navegador para 15 foi adicionada a fila: [GLPI #0000353] CHAMADO ABERTO 0000353
2023-02-24 15:32:47 [60@localhost]
Uma notificação do navegador para 40 foi adicionada a fila: [GLPI #0000353] CHAMADO ABERTO 0000353
2023-02-24 15:32:47 [60@localhost]
Uma notificação do navegador para 42 foi adicionada a fila: [GLPI #0000353] CHAMADO ABERTO 0000353
2023-02-24 15:32:47 [60@localhost]
Uma notificação do navegador para 17 foi adicionada a fila: [GLPI #0000353] CHAMADO ABERTO 0000353
2023-02-24 15:32:47 [60@localhost]
Uma notificação do navegador para 33 foi adicionada a fila: [GLPI #0000353] Você possui uma nova resposta
2023-02-24 15:35:35 [60@localhost]
Uma notificação do navegador para 33 foi adicionada a fila: [GLPI #0000354] CHAMADO ABERTO 0000354
2023-02-24 15:35:35 [60@localhost]
Uma notificação do navegador para 10 foi adicionada a fila: [GLPI #0000354] CHAMADO ABERTO 0000354
2023-02-24 15:35:35 [60@localhost]
Uma notificação do navegador para 15 foi adicionada a fila: [GLPI #0000354] CHAMADO ABERTO 0000354
2023-02-24 15:35:35 [60@localhost]
Uma notificação do navegador para 40 foi adicionada a fila: [GLPI #0000354] CHAMADO ABERTO 0000354
2023-02-24 15:35:35 [60@localhost]
Uma notificação do navegador para 42 foi adicionada a fila: [GLPI #0000354] CHAMADO ABERTO 0000354
2023-02-24 15:35:35 [60@localhost]
Uma notificação do navegador para 17 foi adicionada a fila: [GLPI #0000354] CHAMADO ABERTO 0000354
2023-02-24 15:35:35 [60@localhost]
Uma notificação do navegador para 33 foi adicionada a fila: [GLPI #0000354] Você possui uma nova resposta
2023-02-24 15:40:44 [60@localhost]
Uma notificação do navegador para 82 foi adicionada a fila: [GLPI #0000355] CHAMADO ABERTO 0000355
2023-02-24 15:40:44 [60@localhost]
Uma notificação do navegador para 10 foi adicionada a fila: [GLPI #0000355] CHAMADO ABERTO 0000355
2023-02-24 15:40:44 [60@localhost]
Uma notificação do navegador para 15 foi adicionada a fila: [GLPI #0000355] CHAMADO ABERTO 0000355
2023-02-24 15:40:44 [60@localhost]
Uma notificação do navegador para 40 foi adicionada a fila: [GLPI #0000355] CHAMADO ABERTO 0000355
2023-02-24 15:40:44 [60@localhost]
Uma notificação do navegador para 42 foi adicionada a fila: [GLPI #0000355] CHAMADO ABERTO 0000355
2023-02-24 15:40:44 [60@localhost]
Uma notificação do navegador para 17 foi adicionada a fila: [GLPI #0000355] CHAMADO ABERTO 0000355
2023-02-24 15:40:44 [60@localhost]
Uma notificação do navegador para 82 foi adicionada a fila: [GLPI #0000355] Você possui uma nova resposta
2023-02-24 15:48:51 [60@localhost]
Uma notificação do navegador para 33 foi adicionada a fila: [GLPI #0000356] CHAMADO ABERTO 0000356
2023-02-24 15:48:51 [60@localhost]
Uma notificação do navegador para 10 foi adicionada a fila: [GLPI #0000356] CHAMADO ABERTO 0000356
2023-02-24 15:48:51 [60@localhost]
Uma notificação do navegador para 15 foi adicionada a fila: [GLPI #0000356] CHAMADO ABERTO 0000356
2023-02-24 15:48:51 [60@localhost]
Uma notificação do navegador para 40 foi adicionada a fila: [GLPI #0000356] CHAMADO ABERTO 0000356
2023-02-24 15:48:51 [60@localhost]
Uma notificação do navegador para 42 foi adicionada a fila: [GLPI #0000356] CHAMADO ABERTO 0000356
2023-02-24 15:48:51 [60@localhost]
Uma notificação do navegador para 17 foi adicionada a fila: [GLPI #0000356] CHAMADO ABERTO 0000356
2023-02-24 15:48:51 [60@localhost]
Uma notificação do navegador para 33 foi adicionada a fila: [GLPI #0000356] Você possui uma nova resposta
2023-02-24 16:51:02 [15@localhost]
Uma notificação do navegador para 33 foi adicionada a fila: [GLPI #0000356] Você possui uma nova resposta
2023-02-24 16:53:16 [60@localhost]
Uma notificação do navegador para 84 foi adicionada a fila: [GLPI #0000357] CHAMADO ABERTO 0000357
2023-02-24 16:53:16 [60@localhost]
Uma notificação do navegador para 10 foi adicionada a fila: [GLPI #0000357] CHAMADO ABERTO 0000357
2023-02-24 16:53:16 [60@localhost]
Uma notificação do navegador para 15 foi adicionada a fila: [GLPI #0000357] CHAMADO ABERTO 0000357
2023-02-24 16:53:16 [60@localhost]
Uma notificação do navegador para 40 foi adicionada a fila: [GLPI #0000357] CHAMADO ABERTO 0000357
2023-02-24 16:53:16 [60@localhost]
Uma notificação do navegador para 42 foi adicionada a fila: [GLPI #0000357] CHAMADO ABERTO 0000357
2023-02-24 16:53:16 [60@localhost]
Uma notificação do navegador para 17 foi adicionada a fila: [GLPI #0000357] CHAMADO ABERTO 0000357
2023-02-24 16:53:16 [60@localhost]
Uma notificação do navegador para 84 foi adicionada a fila: [GLPI #0000357] Você possui uma nova resposta
2023-02-24 16:53:43 [60@localhost]
Uma notificação do navegador para 84 foi adicionada a fila: [GLPI #0000358] CHAMADO ABERTO 0000358
2023-02-24 16:53:43 [60@localhost]
Uma notificação do navegador para 10 foi adicionada a fila: [GLPI #0000358] CHAMADO ABERTO 0000358
2023-02-24 16:53:43 [60@localhost]
Uma notificação do navegador para 15 foi adicionada a fila: [GLPI #0000358] CHAMADO ABERTO 0000358
2023-02-24 16:53:43 [60@localhost]
Uma notificação do navegador para 40 foi adicionada a fila: [GLPI #0000358] CHAMADO ABERTO 0000358
2023-02-24 16:53:43 [60@localhost]
Uma notificação do navegador para 42 foi adicionada a fila: [GLPI #0000358] CHAMADO ABERTO 0000358
2023-02-24 16:53:43 [60@localhost]
Uma notificação do navegador para 17 foi adicionada a fila: [GLPI #0000358] CHAMADO ABERTO 0000358
2023-02-24 16:53:43 [60@localhost]
Uma notificação do navegador para 84 foi adicionada a fila: [GLPI #0000358] Você possui uma nova resposta
2023-02-24 16:54:38 [60@localhost]
Uma notificação do navegador para 33 foi adicionada a fila: [GLPI #0000359] CHAMADO ABERTO 0000359
2023-02-24 16:54:38 [60@localhost]
Uma notificação do navegador para 10 foi adicionada a fila: [GLPI #0000359] CHAMADO ABERTO 0000359
2023-02-24 16:54:38 [60@localhost]
Uma notificação do navegador para 15 foi adicionada a fila: [GLPI #0000359] CHAMADO ABERTO 0000359
2023-02-24 16:54:38 [60@localhost]
Uma notificação do navegador para 40 foi adicionada a fila: [GLPI #0000359] CHAMADO ABERTO 0000359
2023-02-24 16:54:38 [60@localhost]
Uma notificação do navegador para 42 foi adicionada a fila: [GLPI #0000359] CHAMADO ABERTO 0000359
2023-02-24 16:54:38 [60@localhost]
Uma notificação do navegador para 17 foi adicionada a fila: [GLPI #0000359] CHAMADO ABERTO 0000359
2023-02-24 16:54:38 [60@localhost]
Uma notificação do navegador para 33 foi adicionada a fila: [GLPI #0000359] Você possui uma nova resposta
2023-02-24 16:54:49 [15@localhost]
Uma notificação do navegador para 82 foi adicionada a fila: [GLPI #0000355] Você possui uma nova resposta
2023-02-24 16:57:59 [60@localhost]
Uma notificação do navegador para 83 foi adicionada a fila: [GLPI #0000360] CHAMADO ABERTO 0000360
2023-02-24 16:57:59 [60@localhost]
Uma notificação do navegador para 10 foi adicionada a fila: [GLPI #0000360] CHAMADO ABERTO 0000360
2023-02-24 16:57:59 [60@localhost]
Uma notificação do navegador para 15 foi adicionada a fila: [GLPI #0000360] CHAMADO ABERTO 0000360
2023-02-24 16:57:59 [60@localhost]
Uma notificação do navegador para 40 foi adicionada a fila: [GLPI #0000360] CHAMADO ABERTO 0000360
2023-02-24 16:57:59 [60@localhost]
Uma notificação do navegador para 42 foi adicionada a fila: [GLPI #0000360] CHAMADO ABERTO 0000360
2023-02-24 16:57:59 [60@localhost]
Uma notificação do navegador para 17 foi adicionada a fila: [GLPI #0000360] CHAMADO ABERTO 0000360
2023-02-24 16:57:59 [60@localhost]
Uma notificação do navegador para 83 foi adicionada a fila: [GLPI #0000360] Você possui uma nova resposta
2023-02-24 17:18:03 [60@localhost]
Uma notificação do navegador para 83 foi adicionada a fila: [GLPI #0000361] CHAMADO ABERTO 0000361
2023-02-24 17:18:04 [60@localhost]
Uma notificação do navegador para 10 foi adicionada a fila: [GLPI #0000361] CHAMADO ABERTO 0000361
2023-02-24 17:18:04 [60@localhost]
Uma notificação do navegador para 15 foi adicionada a fila: [GLPI #0000361] CHAMADO ABERTO 0000361
2023-02-24 17:18:04 [60@localhost]
Uma notificação do navegador para 40 foi adicionada a fila: [GLPI #0000361] CHAMADO ABERTO 0000361
2023-02-24 17:18:04 [60@localhost]
Uma notificação do navegador para 42 foi adicionada a fila: [GLPI #0000361] CHAMADO ABERTO 0000361
2023-02-24 17:18:04 [60@localhost]
Uma notificação do navegador para 17 foi adicionada a fila: [GLPI #0000361] CHAMADO ABERTO 0000361
2023-02-24 17:18:04 [60@localhost]
Uma notificação do navegador para 83 foi adicionada a fila: [GLPI #0000361] Você possui uma nova resposta
2023-02-27 08:25:18 [60@localhost]
Uma notificação do navegador para 60 foi adicionada a fila: [GLPI #0000362] CHAMADO ABERTO 0000362
2023-02-27 08:25:18 [60@localhost]
Uma notificação do navegador para 10 foi adicionada a fila: [GLPI #0000362] CHAMADO ABERTO 0000362
2023-02-27 08:25:18 [60@localhost]
Uma notificação do navegador para 15 foi adicionada a fila: [GLPI #0000362] CHAMADO ABERTO 0000362
2023-02-27 08:25:18 [60@localhost]
Uma notificação do navegador para 40 foi adicionada a fila: [GLPI #0000362] CHAMADO ABERTO 0000362
2023-02-27 08:25:18 [60@localhost]
Uma notificação do navegador para 42 foi adicionada a fila: [GLPI #0000362] CHAMADO ABERTO 0000362
2023-02-27 08:25:18 [60@localhost]
Uma notificação do navegador para 17 foi adicionada a fila: [GLPI #0000362] CHAMADO ABERTO 0000362
2023-02-27 08:25:18 [60@localhost]
Uma notificação do navegador para 60 foi adicionada a fila: [GLPI #0000362] Você possui uma nova resposta
2023-02-27 08:32:32 [136@localhost]
Uma notificação do navegador para 136 foi adicionada a fila: [GLPI #0000363] CHAMADO ABERTO 0000363
2023-02-27 08:32:32 [136@localhost]
Uma notificação do navegador para 2 foi adicionada a fila: [GLPI #0000363] CHAMADO ABERTO 0000363
2023-02-27 08:32:32 [136@localhost]
Uma notificação do navegador para 124 foi adicionada a fila: [GLPI #0000363] CHAMADO ABERTO 0000363
2023-02-27 08:32:32 [136@localhost]
Uma notificação do navegador para 142 foi adicionada a fila: [GLPI #0000363] CHAMADO ABERTO 0000363
2023-02-27 08:51:40 [54@localhost]
Uma notificação do navegador para 70 foi adicionada a fila: [GLPI #0000364] CHAMADO ABERTO 0000364
2023-02-27 08:51:40 [54@localhost]
Uma notificação do navegador para 10 foi adicionada a fila: [GLPI #0000364] CHAMADO ABERTO 0000364
2023-02-27 08:51:40 [54@localhost]
Uma notificação do navegador para 15 foi adicionada a fila: [GLPI #0000364] CHAMADO ABERTO 0000364
2023-02-27 08:51:40 [54@localhost]
Uma notificação do navegador para 40 foi adicionada a fila: [GLPI #0000364] CHAMADO ABERTO 0000364
2023-02-27 08:51:41 [54@localhost]
Uma notificação do navegador para 42 foi adicionada a fila: [GLPI #0000364] CHAMADO ABERTO 0000364
2023-02-27 08:51:41 [54@localhost]
Uma notificação do navegador para 17 foi adicionada a fila: [GLPI #0000364] CHAMADO ABERTO 0000364
2023-02-27 08:51:41 [54@localhost]
Uma notificação do navegador para 70 foi adicionada a fila: [GLPI #0000364] Você possui uma nova resposta
2023-02-27 08:52:48 [54@localhost]
Uma notificação do navegador para 19 foi adicionada a fila: [GLPI #0000365] CHAMADO ABERTO 0000365
2023-02-27 08:52:48 [54@localhost]
Uma notificação do navegador para 10 foi adicionada a fila: [GLPI #0000365] CHAMADO ABERTO 0000365
2023-02-27 08:52:48 [54@localhost]
Uma notificação do navegador para 15 foi adicionada a fila: [GLPI #0000365] CHAMADO ABERTO 0000365
2023-02-27 08:52:48 [54@localhost]
Uma notificação do navegador para 40 foi adicionada a fila: [GLPI #0000365] CHAMADO ABERTO 0000365
2023-02-27 08:52:48 [54@localhost]
Uma notificação do navegador para 42 foi adicionada a fila: [GLPI #0000365] CHAMADO ABERTO 0000365
2023-02-27 08:52:48 [54@localhost]
Uma notificação do navegador para 17 foi adicionada a fila: [GLPI #0000365] CHAMADO ABERTO 0000365
2023-02-27 08:52:48 [54@localhost]
Uma notificação do navegador para 19 foi adicionada a fila: [GLPI #0000365] Você possui uma nova resposta
2023-02-27 09:05:01 [54@localhost]
Uma notificação do navegador para 19 foi adicionada a fila: [GLPI #0000366] CHAMADO ABERTO 0000366
2023-02-27 09:05:01 [54@localhost]
Uma notificação do navegador para 10 foi adicionada a fila: [GLPI #0000366] CHAMADO ABERTO 0000366
2023-02-27 09:05:01 [54@localhost]
Uma notificação do navegador para 15 foi adicionada a fila: [GLPI #0000366] CHAMADO ABERTO 0000366
2023-02-27 09:05:01 [54@localhost]
Uma notificação do navegador para 40 foi adicionada a fila: [GLPI #0000366] CHAMADO ABERTO 0000366
2023-02-27 09:05:01 [54@localhost]
Uma notificação do navegador para 42 foi adicionada a fila: [GLPI #0000366] CHAMADO ABERTO 0000366
2023-02-27 09:05:01 [54@localhost]
Uma notificação do navegador para 17 foi adicionada a fila: [GLPI #0000366] CHAMADO ABERTO 0000366
2023-02-27 09:05:01 [54@localhost]
Uma notificação do navegador para 19 foi adicionada a fila: [GLPI #0000366] Você possui uma nova resposta
2023-02-27 09:06:05 [54@localhost]
Uma notificação do navegador para 72 foi adicionada a fila: [GLPI #0000367] CHAMADO ABERTO 0000367
2023-02-27 09:06:05 [54@localhost]
Uma notificação do navegador para 10 foi adicionada a fila: [GLPI #0000367] CHAMADO ABERTO 0000367
2023-02-27 09:06:05 [54@localhost]
Uma notificação do navegador para 15 foi adicionada a fila: [GLPI #0000367] CHAMADO ABERTO 0000367
2023-02-27 09:06:05 [54@localhost]
Uma notificação do navegador para 40 foi adicionada a fila: [GLPI #0000367] CHAMADO ABERTO 0000367
2023-02-27 09:06:05 [54@localhost]
Uma notificação do navegador para 42 foi adicionada a fila: [GLPI #0000367] CHAMADO ABERTO 0000367
2023-02-27 09:06:05 [54@localhost]
Uma notificação do navegador para 17 foi adicionada a fila: [GLPI #0000367] CHAMADO ABERTO 0000367
2023-02-27 09:06:05 [54@localhost]
Uma notificação do navegador para 72 foi adicionada a fila: [GLPI #0000367] Você possui uma nova resposta
2023-02-27 09:06:19 [54@localhost]
Uma notificação do navegador para 72 foi adicionada a fila: [GLPI #0000368] CHAMADO ABERTO 0000368
2023-02-27 09:06:19 [54@localhost]
Uma notificação do navegador para 10 foi adicionada a fila: [GLPI #0000368] CHAMADO ABERTO 0000368
2023-02-27 09:06:19 [54@localhost]
Uma notificação do navegador para 15 foi adicionada a fila: [GLPI #0000368] CHAMADO ABERTO 0000368
2023-02-27 09:06:19 [54@localhost]
Uma notificação do navegador para 40 foi adicionada a fila: [GLPI #0000368] CHAMADO ABERTO 0000368
2023-02-27 09:06:19 [54@localhost]
Uma notificação do navegador para 42 foi adicionada a fila: [GLPI #0000368] CHAMADO ABERTO 0000368
2023-02-27 09:06:19 [54@localhost]
Uma notificação do navegador para 17 foi adicionada a fila: [GLPI #0000368] CHAMADO ABERTO 0000368
2023-02-27 09:06:19 [54@localhost]
Uma notificação do navegador para 72 foi adicionada a fila: [GLPI #0000368] Você possui uma nova resposta
2023-02-27 09:27:13 [124@localhost]
Uma notificação do navegador para 136 foi adicionada a fila: [GLPI #0000363] Você possui uma nova resposta
2023-02-27 09:41:34 [54@localhost]
Uma notificação do navegador para 82 foi adicionada a fila: [GLPI #0000369] CHAMADO ABERTO 0000369
2023-02-27 09:41:34 [54@localhost]
Uma notificação do navegador para 10 foi adicionada a fila: [GLPI #0000369] CHAMADO ABERTO 0000369
2023-02-27 09:41:34 [54@localhost]
Uma notificação do navegador para 15 foi adicionada a fila: [GLPI #0000369] CHAMADO ABERTO 0000369
2023-02-27 09:41:34 [54@localhost]
Uma notificação do navegador para 40 foi adicionada a fila: [GLPI #0000369] CHAMADO ABERTO 0000369
2023-02-27 09:41:34 [54@localhost]
Uma notificação do navegador para 42 foi adicionada a fila: [GLPI #0000369] CHAMADO ABERTO 0000369
2023-02-27 09:41:34 [54@localhost]
Uma notificação do navegador para 17 foi adicionada a fila: [GLPI #0000369] CHAMADO ABERTO 0000369
2023-02-27 09:41:35 [54@localhost]
Uma notificação do navegador para 82 foi adicionada a fila: [GLPI #0000369] Você possui uma nova resposta
2023-02-27 09:56:24 [54@localhost]
Uma notificação do navegador para 87 foi adicionada a fila: [GLPI #0000370] CHAMADO ABERTO 0000370
2023-02-27 09:56:24 [54@localhost]
Uma notificação do navegador para 10 foi adicionada a fila: [GLPI #0000370] CHAMADO ABERTO 0000370
2023-02-27 09:56:24 [54@localhost]
Uma notificação do navegador para 15 foi adicionada a fila: [GLPI #0000370] CHAMADO ABERTO 0000370
2023-02-27 09:56:24 [54@localhost]
Uma notificação do navegador para 40 foi adicionada a fila: [GLPI #0000370] CHAMADO ABERTO 0000370
2023-02-27 09:56:24 [54@localhost]
Uma notificação do navegador para 42 foi adicionada a fila: [GLPI #0000370] CHAMADO ABERTO 0000370
2023-02-27 09:56:24 [54@localhost]
Uma notificação do navegador para 17 foi adicionada a fila: [GLPI #0000370] CHAMADO ABERTO 0000370
2023-02-27 09:56:24 [54@localhost]
Uma notificação do navegador para 87 foi adicionada a fila: [GLPI #0000370] Você possui uma nova resposta
2023-02-27 09:57:38 [54@localhost]
Uma notificação do navegador para 76 foi adicionada a fila: [GLPI #0000371] CHAMADO ABERTO 0000371
2023-02-27 09:57:38 [54@localhost]
Uma notificação do navegador para 10 foi adicionada a fila: [GLPI #0000371] CHAMADO ABERTO 0000371
2023-02-27 09:57:38 [54@localhost]
Uma notificação do navegador para 15 foi adicionada a fila: [GLPI #0000371] CHAMADO ABERTO 0000371
2023-02-27 09:57:38 [54@localhost]
Uma notificação do navegador para 40 foi adicionada a fila: [GLPI #0000371] CHAMADO ABERTO 0000371
2023-02-27 09:57:38 [54@localhost]
Uma notificação do navegador para 42 foi adicionada a fila: [GLPI #0000371] CHAMADO ABERTO 0000371
2023-02-27 09:57:38 [54@localhost]
Uma notificação do navegador para 17 foi adicionada a fila: [GLPI #0000371] CHAMADO ABERTO 0000371
2023-02-27 09:57:38 [54@localhost]
Uma notificação do navegador para 76 foi adicionada a fila: [GLPI #0000371] Você possui uma nova resposta
2023-02-27 10:11:37 [134@localhost]
Uma notificação do navegador para 134 foi adicionada a fila: [GLPI #0000372] CHAMADO ABERTO 0000372
2023-02-27 10:11:37 [134@localhost]
Uma notificação do navegador para 2 foi adicionada a fila: [GLPI #0000372] CHAMADO ABERTO 0000372
2023-02-27 10:11:37 [134@localhost]
Uma notificação do navegador para 124 foi adicionada a fila: [GLPI #0000372] CHAMADO ABERTO 0000372
2023-02-27 10:11:37 [134@localhost]
Uma notificação do navegador para 142 foi adicionada a fila: [GLPI #0000372] CHAMADO ABERTO 0000372
2023-02-27 10:20:19 [54@localhost]
Uma notificação do navegador para 87 foi adicionada a fila: [GLPI #0000373] CHAMADO ABERTO 0000373
2023-02-27 10:20:19 [54@localhost]
Uma notificação do navegador para 10 foi adicionada a fila: [GLPI #0000373] CHAMADO ABERTO 0000373
2023-02-27 10:20:19 [54@localhost]
Uma notificação do navegador para 15 foi adicionada a fila: [GLPI #0000373] CHAMADO ABERTO 0000373
2023-02-27 10:20:19 [54@localhost]
Uma notificação do navegador para 40 foi adicionada a fila: [GLPI #0000373] CHAMADO ABERTO 0000373
2023-02-27 10:20:19 [54@localhost]
Uma notificação do navegador para 42 foi adicionada a fila: [GLPI #0000373] CHAMADO ABERTO 0000373
2023-02-27 10:20:19 [54@localhost]
Uma notificação do navegador para 17 foi adicionada a fila: [GLPI #0000373] CHAMADO ABERTO 0000373
2023-02-27 10:20:19 [54@localhost]
Uma notificação do navegador para 87 foi adicionada a fila: [GLPI #0000373] Você possui uma nova resposta
2023-02-27 10:39:36 [124@localhost]
Uma notificação do navegador para 134 foi adicionada a fila: [GLPI #0000372] Você possui uma nova resposta
2023-02-27 11:02:12 [136@localhost]
Uma notificação do navegador para 136 foi adicionada a fila: [GLPI #0000374] CHAMADO ABERTO 0000374
2023-02-27 11:02:13 [136@localhost]
Uma notificação do navegador para 2 foi adicionada a fila: [GLPI #0000374] CHAMADO ABERTO 0000374
2023-02-27 11:02:13 [136@localhost]
Uma notificação do navegador para 124 foi adicionada a fila: [GLPI #0000374] CHAMADO ABERTO 0000374
2023-02-27 11:02:13 [136@localhost]
Uma notificação do navegador para 142 foi adicionada a fila: [GLPI #0000374] CHAMADO ABERTO 0000374
2023-02-27 11:16:18 [124@localhost]
Uma notificação do navegador para 136 foi adicionada a fila: [GLPI #0000374] Você possui uma nova resposta
2023-02-27 11:16:42 [54@localhost]
Uma notificação do navegador para 76 foi adicionada a fila: [GLPI #0000375] CHAMADO ABERTO 0000375
2023-02-27 11:16:42 [54@localhost]
Uma notificação do navegador para 10 foi adicionada a fila: [GLPI #0000375] CHAMADO ABERTO 0000375
2023-02-27 11:16:42 [54@localhost]
Uma notificação do navegador para 15 foi adicionada a fila: [GLPI #0000375] CHAMADO ABERTO 0000375
2023-02-27 11:16:42 [54@localhost]
Uma notificação do navegador para 40 foi adicionada a fila: [GLPI #0000375] CHAMADO ABERTO 0000375
2023-02-27 11:16:42 [54@localhost]
Uma notificação do navegador para 42 foi adicionada a fila: [GLPI #0000375] CHAMADO ABERTO 0000375
2023-02-27 11:16:42 [54@localhost]
Uma notificação do navegador para 17 foi adicionada a fila: [GLPI #0000375] CHAMADO ABERTO 0000375
2023-02-27 11:16:42 [54@localhost]
Uma notificação do navegador para 76 foi adicionada a fila: [GLPI #0000375] Você possui uma nova resposta
2023-02-27 11:16:58 [54@localhost]
Uma notificação do navegador para 29 foi adicionada a fila: [GLPI #0000376] CHAMADO ABERTO 0000376
2023-02-27 11:16:58 [54@localhost]
Uma notificação do navegador para 10 foi adicionada a fila: [GLPI #0000376] CHAMADO ABERTO 0000376
2023-02-27 11:16:58 [54@localhost]
Uma notificação do navegador para 15 foi adicionada a fila: [GLPI #0000376] CHAMADO ABERTO 0000376
2023-02-27 11:16:58 [54@localhost]
Uma notificação do navegador para 40 foi adicionada a fila: [GLPI #0000376] CHAMADO ABERTO 0000376
2023-02-27 11:16:58 [54@localhost]
Uma notificação do navegador para 42 foi adicionada a fila: [GLPI #0000376] CHAMADO ABERTO 0000376
2023-02-27 11:16:58 [54@localhost]
Uma notificação do navegador para 17 foi adicionada a fila: [GLPI #0000376] CHAMADO ABERTO 0000376
2023-02-27 11:16:58 [54@localhost]
Uma notificação do navegador para 29 foi adicionada a fila: [GLPI #0000376] Você possui uma nova resposta
2023-02-27 11:17:16 [54@localhost]
Uma notificação do navegador para 29 foi adicionada a fila: [GLPI #0000377] CHAMADO ABERTO 0000377
2023-02-27 11:17:16 [54@localhost]
Uma notificação do navegador para 10 foi adicionada a fila: [GLPI #0000377] CHAMADO ABERTO 0000377
2023-02-27 11:17:16 [54@localhost]
Uma notificação do navegador para 15 foi adicionada a fila: [GLPI #0000377] CHAMADO ABERTO 0000377
2023-02-27 11:17:16 [54@localhost]
Uma notificação do navegador para 40 foi adicionada a fila: [GLPI #0000377] CHAMADO ABERTO 0000377
2023-02-27 11:17:16 [54@localhost]
Uma notificação do navegador para 42 foi adicionada a fila: [GLPI #0000377] CHAMADO ABERTO 0000377
2023-02-27 11:17:16 [54@localhost]
Uma notificação do navegador para 17 foi adicionada a fila: [GLPI #0000377] CHAMADO ABERTO 0000377
2023-02-27 11:17:17 [54@localhost]
Uma notificação do navegador para 29 foi adicionada a fila: [GLPI #0000377] Você possui uma nova resposta
2023-02-27 11:25:24 [136@localhost]
Uma notificação do navegador para 136 foi adicionada a fila: [GLPI #0000378] CHAMADO ABERTO 0000378
2023-02-27 11:25:24 [136@localhost]
Uma notificação do navegador para 2 foi adicionada a fila: [GLPI #0000378] CHAMADO ABERTO 0000378
2023-02-27 11:25:24 [136@localhost]
Uma notificação do navegador para 124 foi adicionada a fila: [GLPI #0000378] CHAMADO ABERTO 0000378
2023-02-27 11:25:24 [136@localhost]
Uma notificação do navegador para 142 foi adicionada a fila: [GLPI #0000378] CHAMADO ABERTO 0000378
2023-02-27 11:44:11 [54@localhost]
Uma notificação do navegador para 76 foi adicionada a fila: [GLPI #0000379] CHAMADO ABERTO 0000379
2023-02-27 11:44:11 [54@localhost]
Uma notificação do navegador para 10 foi adicionada a fila: [GLPI #0000379] CHAMADO ABERTO 0000379
2023-02-27 11:44:11 [54@localhost]
Uma notificação do navegador para 15 foi adicionada a fila: [GLPI #0000379] CHAMADO ABERTO 0000379
2023-02-27 11:44:11 [54@localhost]
Uma notificação do navegador para 40 foi adicionada a fila: [GLPI #0000379] CHAMADO ABERTO 0000379
2023-02-27 11:44:11 [54@localhost]
Uma notificação do navegador para 42 foi adicionada a fila: [GLPI #0000379] CHAMADO ABERTO 0000379
2023-02-27 11:44:11 [54@localhost]
Uma notificação do navegador para 17 foi adicionada a fila: [GLPI #0000379] CHAMADO ABERTO 0000379
2023-02-27 11:44:11 [54@localhost]
Uma notificação do navegador para 76 foi adicionada a fila: [GLPI #0000379] Você possui uma nova resposta
2023-02-27 11:44:23 [54@localhost]
Uma notificação do navegador para 95 foi adicionada a fila: [GLPI #0000380] CHAMADO ABERTO 0000380
2023-02-27 11:44:23 [54@localhost]
Uma notificação do navegador para 10 foi adicionada a fila: [GLPI #0000380] CHAMADO ABERTO 0000380
2023-02-27 11:44:23 [54@localhost]
Uma notificação do navegador para 15 foi adicionada a fila: [GLPI #0000380] CHAMADO ABERTO 0000380
2023-02-27 11:44:23 [54@localhost]
Uma notificação do navegador para 40 foi adicionada a fila: [GLPI #0000380] CHAMADO ABERTO 0000380
2023-02-27 11:44:23 [54@localhost]
Uma notificação do navegador para 42 foi adicionada a fila: [GLPI #0000380] CHAMADO ABERTO 0000380
2023-02-27 11:44:23 [54@localhost]
Uma notificação do navegador para 17 foi adicionada a fila: [GLPI #0000380] CHAMADO ABERTO 0000380
2023-02-27 11:44:23 [54@localhost]
Uma notificação do navegador para 95 foi adicionada a fila: [GLPI #0000380] Você possui uma nova resposta
2023-02-27 11:49:24 [60@localhost]
Uma notificação do navegador para 60 foi adicionada a fila: [GLPI #0000381] CHAMADO ABERTO 0000381
2023-02-27 11:49:24 [60@localhost]
Uma notificação do navegador para 10 foi adicionada a fila: [GLPI #0000381] CHAMADO ABERTO 0000381
2023-02-27 11:49:24 [60@localhost]
Uma notificação do navegador para 15 foi adicionada a fila: [GLPI #0000381] CHAMADO ABERTO 0000381
2023-02-27 11:49:24 [60@localhost]
Uma notificação do navegador para 40 foi adicionada a fila: [GLPI #0000381] CHAMADO ABERTO 0000381
2023-02-27 11:49:24 [60@localhost]
Uma notificação do navegador para 42 foi adicionada a fila: [GLPI #0000381] CHAMADO ABERTO 0000381
2023-02-27 11:49:24 [60@localhost]
Uma notificação do navegador para 17 foi adicionada a fila: [GLPI #0000381] CHAMADO ABERTO 0000381
2023-02-27 11:49:24 [60@localhost]
Uma notificação do navegador para 60 foi adicionada a fila: [GLPI #0000381] Você possui uma nova resposta
2023-02-27 13:21:41 [132@localhost]
Uma notificação do navegador para 132 foi adicionada a fila: [GLPI #0000382] CHAMADO ABERTO 0000382
2023-02-27 13:21:41 [132@localhost]
Uma notificação do navegador para 2 foi adicionada a fila: [GLPI #0000382] CHAMADO ABERTO 0000382
2023-02-27 13:21:41 [132@localhost]
Uma notificação do navegador para 124 foi adicionada a fila: [GLPI #0000382] CHAMADO ABERTO 0000382
2023-02-27 13:21:41 [132@localhost]
Uma notificação do navegador para 142 foi adicionada a fila: [GLPI #0000382] CHAMADO ABERTO 0000382
2023-02-27 14:35:16 [124@localhost]
Uma notificação do navegador para 132 foi adicionada a fila: [GLPI #0000382] Você possui uma nova resposta
2023-02-27 14:40:46 [124@localhost]
Uma notificação do navegador para 135 foi adicionada a fila: [GLPI #0000339] Você possui uma nova resposta
2023-02-27 14:41:15 [124@localhost]
Uma notificação do navegador para 135 foi adicionada a fila: [GLPI #0000339] Você possui uma nova resposta
2023-02-27 14:41:55 [124@localhost]
Uma notificação do navegador para 135 foi adicionada a fila: [GLPI #0000339] Você possui uma nova resposta
2023-02-27 14:42:19 [124@localhost]
Uma notificação do navegador para 135 foi adicionada a fila: [GLPI #0000339] Você possui uma nova resposta
2023-02-27 15:06:30 [135@localhost]
Uma notificação do navegador para 135 foi adicionada a fila: [GLPI #0000339] Você possui uma nova resposta
2023-02-27 15:54:25 [124@localhost]
Uma notificação do navegador para 136 foi adicionada a fila: [GLPI #0000378] Você possui uma nova resposta
2023-02-28 08:04:40 [22@localhost]
Uma notificação do navegador para 22 foi adicionada a fila: [GLPI #0000383] CHAMADO ABERTO 0000383
2023-02-28 08:04:40 [22@localhost]
Uma notificação do navegador para 2 foi adicionada a fila: [GLPI #0000383] CHAMADO ABERTO 0000383
2023-02-28 08:04:40 [22@localhost]
Uma notificação do navegador para 124 foi adicionada a fila: [GLPI #0000383] CHAMADO ABERTO 0000383
2023-02-28 08:04:41 [22@localhost]
Uma notificação do navegador para 142 foi adicionada a fila: [GLPI #0000383] CHAMADO ABERTO 0000383
2023-02-28 08:20:53 [22@localhost]
Uma notificação do navegador para 22 foi adicionada a fila: [GLPI #0000383] Você possui uma nova resposta
2023-02-28 08:43:03 [124@localhost]
Uma notificação do navegador para 22 foi adicionada a fila: [GLPI #0000383] Você possui uma nova resposta
2023-02-28 08:56:51 [17@localhost]
Uma notificação do navegador para 19 foi adicionada a fila: [GLPI #0000365] Você possui uma nova resposta
2023-02-28 08:57:13 [17@localhost]
Uma notificação do navegador para 19 foi adicionada a fila: [GLPI #0000365] Você possui uma nova resposta
2023-02-28 08:58:59 [17@localhost]
Uma notificação do navegador para 17 foi adicionada a fila: [GLPI #0000365] Você possui uma nova resposta
2023-02-28 08:58:59 [17@localhost]
Uma notificação do navegador para 19 foi adicionada a fila: [GLPI #0000365] Você possui uma nova resposta
2023-02-28 09:00:26 [17@localhost]
Uma notificação do navegador para 17 foi adicionada a fila: [GLPI #0000365] Você possui uma nova resposta
2023-02-28 09:00:26 [17@localhost]
Uma notificação do navegador para 19 foi adicionada a fila: [GLPI #0000365] Você possui uma nova resposta
2023-02-28 09:00:54 [17@localhost]
Uma notificação do navegador para 19 foi adicionada a fila: [GLPI #0000365] Você possui uma nova resposta
2023-02-28 09:05:24 [136@localhost]
Uma notificação do navegador para 136 foi adicionada a fila: [GLPI #0000384] CHAMADO ABERTO 0000384
2023-02-28 09:05:24 [136@localhost]
Uma notificação do navegador para 2 foi adicionada a fila: [GLPI #0000384] CHAMADO ABERTO 0000384
2023-02-28 09:05:24 [136@localhost]
Uma notificação do navegador para 124 foi adicionada a fila: [GLPI #0000384] CHAMADO ABERTO 0000384
2023-02-28 09:05:24 [136@localhost]
Uma notificação do navegador para 142 foi adicionada a fila: [GLPI #0000384] CHAMADO ABERTO 0000384
2023-02-28 09:05:29 [124@localhost]
Uma notificação do navegador para 139 foi adicionada a fila: [GLPI #0000337] Você possui uma nova resposta
2023-02-28 09:11:49 [124@localhost]
Uma notificação do navegador para 135 foi adicionada a fila: [GLPI #0000333] Você possui uma nova resposta
2023-02-28 09:49:55 [132@localhost]
Uma notificação do navegador para 132 foi adicionada a fila: [GLPI #0000385] CHAMADO ABERTO 0000385
2023-02-28 11:04:28 [124@localhost]
Uma notificação do navegador para 136 foi adicionada a fila: [GLPI #0000384] Você possui uma nova resposta
2023-02-28 11:43:16 [54@localhost]
Uma notificação do navegador para 76 foi adicionada a fila: [GLPI #0000386] CHAMADO ABERTO 0000386
2023-02-28 11:43:16 [54@localhost]
Uma notificação do navegador para 10 foi adicionada a fila: [GLPI #0000386] CHAMADO ABERTO 0000386
2023-02-28 11:43:16 [54@localhost]
Uma notificação do navegador para 15 foi adicionada a fila: [GLPI #0000386] CHAMADO ABERTO 0000386
2023-02-28 11:43:16 [54@localhost]
Uma notificação do navegador para 40 foi adicionada a fila: [GLPI #0000386] CHAMADO ABERTO 0000386
2023-02-28 11:43:16 [54@localhost]
Uma notificação do navegador para 42 foi adicionada a fila: [GLPI #0000386] CHAMADO ABERTO 0000386
2023-02-28 11:43:16 [54@localhost]
Uma notificação do navegador para 17 foi adicionada a fila: [GLPI #0000386] CHAMADO ABERTO 0000386
2023-02-28 11:43:17 [54@localhost]
Uma notificação do navegador para 76 foi adicionada a fila: [GLPI #0000386] Você possui uma nova resposta
2023-02-28 12:40:55 [135@localhost]
Uma notificação do navegador para 135 foi adicionada a fila: [GLPI #0000387] CHAMADO ABERTO 0000387
2023-02-28 12:40:55 [135@localhost]
Uma notificação do navegador para 2 foi adicionada a fila: [GLPI #0000387] CHAMADO ABERTO 0000387
2023-02-28 12:40:55 [135@localhost]
Uma notificação do navegador para 124 foi adicionada a fila: [GLPI #0000387] CHAMADO ABERTO 0000387
2023-02-28 12:40:55 [135@localhost]
Uma notificação do navegador para 142 foi adicionada a fila: [GLPI #0000387] CHAMADO ABERTO 0000387
2023-02-28 13:56:37 [54@localhost]
Uma notificação do navegador para 31 foi adicionada a fila: [GLPI #0000388] CHAMADO ABERTO 0000388
2023-02-28 13:56:37 [54@localhost]
Uma notificação do navegador para 10 foi adicionada a fila: [GLPI #0000388] CHAMADO ABERTO 0000388
2023-02-28 13:56:37 [54@localhost]
Uma notificação do navegador para 15 foi adicionada a fila: [GLPI #0000388] CHAMADO ABERTO 0000388
2023-02-28 13:56:37 [54@localhost]
Uma notificação do navegador para 40 foi adicionada a fila: [GLPI #0000388] CHAMADO ABERTO 0000388
2023-02-28 13:56:37 [54@localhost]
Uma notificação do navegador para 42 foi adicionada a fila: [GLPI #0000388] CHAMADO ABERTO 0000388
2023-02-28 13:56:37 [54@localhost]
Uma notificação do navegador para 17 foi adicionada a fila: [GLPI #0000388] CHAMADO ABERTO 0000388
2023-02-28 13:56:37 [54@localhost]
Uma notificação do navegador para 31 foi adicionada a fila: [GLPI #0000388] Você possui uma nova resposta
2023-02-28 13:57:00 [54@localhost]
Uma notificação do navegador para 31 foi adicionada a fila: [GLPI #0000389] CHAMADO ABERTO 0000389
2023-02-28 13:57:00 [54@localhost]
Uma notificação do navegador para 10 foi adicionada a fila: [GLPI #0000389] CHAMADO ABERTO 0000389
2023-02-28 13:57:00 [54@localhost]
Uma notificação do navegador para 15 foi adicionada a fila: [GLPI #0000389] CHAMADO ABERTO 0000389
2023-02-28 13:57:00 [54@localhost]
Uma notificação do navegador para 40 foi adicionada a fila: [GLPI #0000389] CHAMADO ABERTO 0000389
2023-02-28 13:57:00 [54@localhost]
Uma notificação do navegador para 42 foi adicionada a fila: [GLPI #0000389] CHAMADO ABERTO 0000389
2023-02-28 13:57:00 [54@localhost]
Uma notificação do navegador para 17 foi adicionada a fila: [GLPI #0000389] CHAMADO ABERTO 0000389
2023-02-28 13:57:00 [54@localhost]
Uma notificação do navegador para 31 foi adicionada a fila: [GLPI #0000389] Você possui uma nova resposta
2023-02-28 13:57:21 [54@localhost]
Uma notificação do navegador para 31 foi adicionada a fila: [GLPI #0000390] CHAMADO ABERTO 0000390
2023-02-28 13:57:21 [54@localhost]
Uma notificação do navegador para 10 foi adicionada a fila: [GLPI #0000390] CHAMADO ABERTO 0000390
2023-02-28 13:57:21 [54@localhost]
Uma notificação do navegador para 15 foi adicionada a fila: [GLPI #0000390] CHAMADO ABERTO 0000390
2023-02-28 13:57:21 [54@localhost]
Uma notificação do navegador para 40 foi adicionada a fila: [GLPI #0000390] CHAMADO ABERTO 0000390
2023-02-28 13:57:21 [54@localhost]
Uma notificação do navegador para 42 foi adicionada a fila: [GLPI #0000390] CHAMADO ABERTO 0000390
2023-02-28 13:57:21 [54@localhost]
Uma notificação do navegador para 17 foi adicionada a fila: [GLPI #0000390] CHAMADO ABERTO 0000390
2023-02-28 13:57:21 [54@localhost]
Uma notificação do navegador para 31 foi adicionada a fila: [GLPI #0000390] Você possui uma nova resposta
2023-02-28 14:48:28 [124@localhost]
Uma notificação do navegador para 135 foi adicionada a fila: [GLPI #0000387] Você possui uma nova resposta
2023-02-28 15:32:08 [133@localhost]
Uma notificação do navegador para 55 foi adicionada a fila: [GLPI #0000391] CHAMADO ABERTO 0000391
2023-02-28 15:32:08 [133@localhost]
Uma notificação do navegador para 10 foi adicionada a fila: [GLPI #0000391] CHAMADO ABERTO 0000391
2023-02-28 15:32:08 [133@localhost]
Uma notificação do navegador para 15 foi adicionada a fila: [GLPI #0000391] CHAMADO ABERTO 0000391
2023-02-28 15:32:08 [133@localhost]
Uma notificação do navegador para 40 foi adicionada a fila: [GLPI #0000391] CHAMADO ABERTO 0000391
2023-02-28 15:32:08 [133@localhost]
Uma notificação do navegador para 42 foi adicionada a fila: [GLPI #0000391] CHAMADO ABERTO 0000391
2023-02-28 15:32:08 [133@localhost]
Uma notificação do navegador para 17 foi adicionada a fila: [GLPI #0000391] CHAMADO ABERTO 0000391
2023-02-28 15:32:08 [133@localhost]
Uma notificação do navegador para 55 foi adicionada a fila: [GLPI #0000391] Você possui uma nova resposta
2023-02-28 15:33:35 [133@localhost]
Uma notificação do navegador para 55 foi adicionada a fila: [GLPI #0000392] CHAMADO ABERTO 0000392
2023-02-28 15:33:36 [133@localhost]
Uma notificação do navegador para 10 foi adicionada a fila: [GLPI #0000392] CHAMADO ABERTO 0000392
2023-02-28 15:33:36 [133@localhost]
Uma notificação do navegador para 15 foi adicionada a fila: [GLPI #0000392] CHAMADO ABERTO 0000392
2023-02-28 15:33:36 [133@localhost]
Uma notificação do navegador para 40 foi adicionada a fila: [GLPI #0000392] CHAMADO ABERTO 0000392
2023-02-28 15:33:36 [133@localhost]
Uma notificação do navegador para 42 foi adicionada a fila: [GLPI #0000392] CHAMADO ABERTO 0000392
2023-02-28 15:33:36 [133@localhost]
Uma notificação do navegador para 17 foi adicionada a fila: [GLPI #0000392] CHAMADO ABERTO 0000392
2023-02-28 15:33:36 [133@localhost]
Uma notificação do navegador para 55 foi adicionada a fila: [GLPI #0000392] Você possui uma nova resposta
2023-02-28 15:39:12 [60@localhost]
Uma notificação do navegador para 60 foi adicionada a fila: [GLPI #0000393] CHAMADO ABERTO 0000393
2023-02-28 15:39:12 [60@localhost]
Uma notificação do navegador para 10 foi adicionada a fila: [GLPI #0000393] CHAMADO ABERTO 0000393
2023-02-28 15:39:12 [60@localhost]
Uma notificação do navegador para 15 foi adicionada a fila: [GLPI #0000393] CHAMADO ABERTO 0000393
2023-02-28 15:39:12 [60@localhost]
Uma notificação do navegador para 40 foi adicionada a fila: [GLPI #0000393] CHAMADO ABERTO 0000393
2023-02-28 15:39:12 [60@localhost]
Uma notificação do navegador para 42 foi adicionada a fila: [GLPI #0000393] CHAMADO ABERTO 0000393
2023-02-28 15:39:12 [60@localhost]
Uma notificação do navegador para 17 foi adicionada a fila: [GLPI #0000393] CHAMADO ABERTO 0000393
2023-02-28 15:39:12 [60@localhost]
Uma notificação do navegador para 60 foi adicionada a fila: [GLPI #0000393] Você possui uma nova resposta
2023-02-28 17:22:05 [133@localhost]
Uma notificação do navegador para 25 foi adicionada a fila: [GLPI #0000394] CHAMADO ABERTO 0000394
2023-02-28 17:22:05 [133@localhost]
Uma notificação do navegador para 10 foi adicionada a fila: [GLPI #0000394] CHAMADO ABERTO 0000394
2023-02-28 17:22:06 [133@localhost]
Uma notificação do navegador para 15 foi adicionada a fila: [GLPI #0000394] CHAMADO ABERTO 0000394
2023-02-28 17:22:06 [133@localhost]
Uma notificação do navegador para 40 foi adicionada a fila: [GLPI #0000394] CHAMADO ABERTO 0000394
2023-02-28 17:22:06 [133@localhost]
Uma notificação do navegador para 42 foi adicionada a fila: [GLPI #0000394] CHAMADO ABERTO 0000394
2023-02-28 17:22:06 [133@localhost]
Uma notificação do navegador para 17 foi adicionada a fila: [GLPI #0000394] CHAMADO ABERTO 0000394
2023-02-28 17:22:06 [133@localhost]
Uma notificação do navegador para 25 foi adicionada a fila: [GLPI #0000394] Você possui uma nova resposta
2023-03-01 09:32:44 [134@localhost]
Uma notificação do navegador para 134 foi adicionada a fila: [GLPI #0000395] CHAMADO ABERTO 0000395
2023-03-01 09:32:44 [134@localhost]
Uma notificação do navegador para 2 foi adicionada a fila: [GLPI #0000395] CHAMADO ABERTO 0000395
2023-03-01 09:32:44 [134@localhost]
Uma notificação do navegador para 124 foi adicionada a fila: [GLPI #0000395] CHAMADO ABERTO 0000395
2023-03-01 09:32:44 [134@localhost]
Uma notificação do navegador para 142 foi adicionada a fila: [GLPI #0000395] CHAMADO ABERTO 0000395
2023-03-01 13:07:37 [134@localhost]
Uma notificação do navegador para 134 foi adicionada a fila: [GLPI #0000396] CHAMADO ABERTO 0000396
2023-03-01 13:07:37 [134@localhost]
Uma notificação do navegador para 2 foi adicionada a fila: [GLPI #0000396] CHAMADO ABERTO 0000396
2023-03-01 13:07:37 [134@localhost]
Uma notificação do navegador para 124 foi adicionada a fila: [GLPI #0000396] CHAMADO ABERTO 0000396
2023-03-01 13:07:37 [134@localhost]
Uma notificação do navegador para 142 foi adicionada a fila: [GLPI #0000396] CHAMADO ABERTO 0000396
2023-03-01 17:03:45 [132@localhost]
Uma notificação do navegador para 132 foi adicionada a fila: [GLPI #0000397] CHAMADO ABERTO 0000397
2023-03-01 17:03:45 [132@localhost]
Uma notificação do navegador para 2 foi adicionada a fila: [GLPI #0000397] CHAMADO ABERTO 0000397
2023-03-01 17:03:45 [132@localhost]
Uma notificação do navegador para 124 foi adicionada a fila: [GLPI #0000397] CHAMADO ABERTO 0000397
2023-03-01 17:03:45 [132@localhost]
Uma notificação do navegador para 142 foi adicionada a fila: [GLPI #0000397] CHAMADO ABERTO 0000397
2023-03-01 17:39:58 [124@localhost]
Uma notificação do navegador para 134 foi adicionada a fila: [GLPI #0000395] Você possui uma nova resposta
2023-03-01 17:41:03 [124@localhost]
Uma notificação do navegador para 134 foi adicionada a fila: [GLPI #0000396] Você possui uma nova resposta
2023-03-01 17:42:14 [124@localhost]
Uma notificação do navegador para 132 foi adicionada a fila: [GLPI #0000397] Você possui uma nova resposta
2023-03-02 11:12:26 [138@localhost]
Uma notificação do navegador para 138 foi adicionada a fila: [GLPI #0000398] CHAMADO ABERTO 0000398
2023-03-02 11:12:26 [138@localhost]
Uma notificação do navegador para 2 foi adicionada a fila: [GLPI #0000398] CHAMADO ABERTO 0000398
2023-03-02 11:12:26 [138@localhost]
Uma notificação do navegador para 124 foi adicionada a fila: [GLPI #0000398] CHAMADO ABERTO 0000398
2023-03-02 11:12:26 [138@localhost]
Uma notificação do navegador para 142 foi adicionada a fila: [GLPI #0000398] CHAMADO ABERTO 0000398
2023-03-02 12:02:44 [124@localhost]
Uma notificação do navegador para 138 foi adicionada a fila: [GLPI #0000398] Você possui uma nova resposta
2023-03-02 12:49:28 [136@localhost]
Uma notificação do navegador para 136 foi adicionada a fila: [GLPI #0000399] CHAMADO ABERTO 0000399
2023-03-02 12:49:28 [136@localhost]
Uma notificação do navegador para 2 foi adicionada a fila: [GLPI #0000399] CHAMADO ABERTO 0000399
2023-03-02 12:49:28 [136@localhost]
Uma notificação do navegador para 124 foi adicionada a fila: [GLPI #0000399] CHAMADO ABERTO 0000399
2023-03-02 12:49:28 [136@localhost]
Uma notificação do navegador para 142 foi adicionada a fila: [GLPI #0000399] CHAMADO ABERTO 0000399
2023-03-02 17:02:26 [132@localhost]
Uma notificação do navegador para 132 foi adicionada a fila: [GLPI #0000400] CHAMADO ABERTO 0000400
2023-03-02 17:02:26 [132@localhost]
Uma notificação do navegador para 2 foi adicionada a fila: [GLPI #0000400] CHAMADO ABERTO 0000400
2023-03-02 17:02:26 [132@localhost]
Uma notificação do navegador para 124 foi adicionada a fila: [GLPI #0000400] CHAMADO ABERTO 0000400
2023-03-02 17:02:26 [132@localhost]
Uma notificação do navegador para 142 foi adicionada a fila: [GLPI #0000400] CHAMADO ABERTO 0000400
2023-03-02 17:03:21 [135@localhost]
Uma notificação do navegador para 135 foi adicionada a fila: [GLPI #0000401] CHAMADO ABERTO 0000401
2023-03-02 17:03:21 [135@localhost]
Uma notificação do navegador para 2 foi adicionada a fila: [GLPI #0000401] CHAMADO ABERTO 0000401
2023-03-02 17:03:21 [135@localhost]
Uma notificação do navegador para 124 foi adicionada a fila: [GLPI #0000401] CHAMADO ABERTO 0000401
2023-03-02 17:03:21 [135@localhost]
Uma notificação do navegador para 142 foi adicionada a fila: [GLPI #0000401] CHAMADO ABERTO 0000401
2023-03-02 17:05:58 [132@localhost]
Uma notificação do navegador para 132 foi adicionada a fila: [GLPI #0000402] CHAMADO ABERTO 0000402
2023-03-02 17:05:58 [132@localhost]
Uma notificação do navegador para 2 foi adicionada a fila: [GLPI #0000402] CHAMADO ABERTO 0000402
2023-03-02 17:05:58 [132@localhost]
Uma notificação do navegador para 124 foi adicionada a fila: [GLPI #0000402] CHAMADO ABERTO 0000402
2023-03-02 17:05:58 [132@localhost]
Uma notificação do navegador para 142 foi adicionada a fila: [GLPI #0000402] CHAMADO ABERTO 0000402
2023-03-03 08:16:14 [124@localhost]
Uma notificação do navegador para 136 foi adicionada a fila: [GLPI #0000399] Você possui uma nova resposta
2023-03-03 08:20:02 [124@localhost]
Uma notificação do navegador para 132 foi adicionada a fila: [GLPI #0000400] Você possui uma nova resposta
2023-03-03 08:23:58 [2@localhost]
Uma notificação do navegador para 132 foi adicionada a fila: [GLPI #0000385] Você possui uma nova resposta
2023-03-03 08:56:30 [124@localhost]
Uma notificação do navegador para 132 foi adicionada a fila: [GLPI #0000400] Você possui uma nova resposta
2023-03-03 08:57:42 [124@localhost]
Uma notificação do navegador para 136 foi adicionada a fila: [GLPI #0000399] Você possui uma nova resposta
2023-03-03 08:58:49 [124@localhost]
Uma notificação do navegador para 132 foi adicionada a fila: [GLPI #0000402] Você possui uma nova resposta
2023-03-03 08:58:58 [124@localhost]
Uma notificação do navegador para 132 foi adicionada a fila: [GLPI #0000402] Você possui uma nova resposta
2023-03-03 09:06:25 [124@localhost]
Uma notificação do navegador para 135 foi adicionada a fila: [GLPI #0000401] Você possui uma nova resposta
2023-03-03 10:07:09 [124@localhost]
Uma notificação do navegador para 132 foi adicionada a fila: [GLPI #0000385] Você possui uma nova resposta
2023-03-03 12:34:00 [124@localhost]
Uma notificação do navegador para 22 foi adicionada a fila: [GLPI #0000287] Você possui uma nova resposta
2023-03-03 12:34:00 [124@localhost]
Uma notificação do navegador para 124 foi adicionada a fila: [GLPI #0000287] Você possui uma nova resposta
2023-03-03 15:25:46 [124@localhost]
Uma notificação do navegador para 138 foi adicionada a fila: [GLPI #0000398] Você possui uma nova resposta
2023-03-03 15:36:09 [55@localhost]
Uma notificação do navegador para 55 foi adicionada a fila: [GLPI #0000404] CHAMADO ABERTO 0000404
2023-03-03 15:36:10 [55@localhost]
Uma notificação do navegador para 2 foi adicionada a fila: [GLPI #0000404] CHAMADO ABERTO 0000404
2023-03-03 15:36:10 [55@localhost]
Uma notificação do navegador para 124 foi adicionada a fila: [GLPI #0000404] CHAMADO ABERTO 0000404
2023-03-03 15:36:10 [55@localhost]
Uma notificação do navegador para 142 foi adicionada a fila: [GLPI #0000404] CHAMADO ABERTO 0000404
2023-03-06 07:45:12 [124@localhost]
Uma notificação do navegador para 132 foi adicionada a fila: [GLPI #0000400] Você possui uma nova resposta
2023-03-06 08:29:50 [124@localhost]
Uma notificação do navegador para 132 foi adicionada a fila: [GLPI #0000402] Você possui uma nova resposta
2023-03-06 08:30:36 [124@localhost]
Uma notificação do navegador para 135 foi adicionada a fila: [GLPI #0000401] Você possui uma nova resposta
2023-03-06 08:31:03 [124@localhost]
Uma notificação do navegador para 136 foi adicionada a fila: [GLPI #0000399] Você possui uma nova resposta
2023-03-06 09:16:52 [137@localhost]
Uma notificação do navegador para 137 foi adicionada a fila: [GLPI #0000405] CHAMADO ABERTO 0000405
2023-03-06 09:16:52 [137@localhost]
Uma notificação do navegador para 2 foi adicionada a fila: [GLPI #0000405] CHAMADO ABERTO 0000405
2023-03-06 09:16:52 [137@localhost]
Uma notificação do navegador para 124 foi adicionada a fila: [GLPI #0000405] CHAMADO ABERTO 0000405
2023-03-06 09:16:52 [137@localhost]
Uma notificação do navegador para 142 foi adicionada a fila: [GLPI #0000405] CHAMADO ABERTO 0000405
2023-03-06 10:04:27 [124@localhost]
Uma notificação do navegador para 137 foi adicionada a fila: [GLPI #0000405] Você possui uma nova resposta
2023-03-06 10:04:37 [124@localhost]
Uma notificação do navegador para 137 foi adicionada a fila: [GLPI #0000405] Você possui uma nova resposta
2023-03-06 12:23:14 [124@localhost]
Uma notificação do navegador para 135 foi adicionada a fila: [GLPI #0000401] Você possui uma nova resposta
2023-03-06 12:35:24 [17@localhost]
Uma notificação do navegador para 31 foi adicionada a fila: [GLPI #0000389] Você possui uma nova resposta
2023-03-06 12:47:43 [132@localhost]
Uma notificação do navegador para 132 foi adicionada a fila: [GLPI #0000406] CHAMADO ABERTO 0000406
2023-03-06 12:47:43 [132@localhost]
Uma notificação do navegador para 2 foi adicionada a fila: [GLPI #0000406] CHAMADO ABERTO 0000406
2023-03-06 12:47:43 [132@localhost]
Uma notificação do navegador para 124 foi adicionada a fila: [GLPI #0000406] CHAMADO ABERTO 0000406
2023-03-06 12:47:43 [132@localhost]
Uma notificação do navegador para 142 foi adicionada a fila: [GLPI #0000406] CHAMADO ABERTO 0000406
2023-03-06 14:31:35 [124@localhost]
Uma notificação do navegador para 132 foi adicionada a fila: [GLPI #0000406] Você possui uma nova resposta
2023-03-06 15:18:22 [132@localhost]
Uma notificação do navegador para 132 foi adicionada a fila: [GLPI #0000407] CHAMADO ABERTO 0000407
2023-03-06 15:18:22 [132@localhost]
Uma notificação do navegador para 2 foi adicionada a fila: [GLPI #0000407] CHAMADO ABERTO 0000407
2023-03-06 15:18:22 [132@localhost]
Uma notificação do navegador para 124 foi adicionada a fila: [GLPI #0000407] CHAMADO ABERTO 0000407
2023-03-06 15:18:22 [132@localhost]
Uma notificação do navegador para 142 foi adicionada a fila: [GLPI #0000407] CHAMADO ABERTO 0000407
2023-03-06 16:24:48 [2@localhost]
Uma notificação do navegador para 138 foi adicionada a fila: [GLPI #0000398] Você possui uma nova resposta
