[2022-11-03 16:43:42] glpisqllog.ERROR: DBmysql::query() in C:\wamp64\www\glpi104\src\DBmysql.php line 370
  *** MySQL query error:
  SQL: SELECT `rgfield` FROM `glpi_plugin_fields_userrgs` WHERE `items_id` = '2'
  Error: Table 'base_104.glpi_plugin_fields_userrgs' doesn't exist
  Backtrace :
  src\DBmysqlIterator.php:112                        
  src\DBmysql.php:1056                               DBmysqlIterator->execute()
  ...tplace\useditemsexport\inc\export.class.php:319 DBmysql->request()
  ...tplace\useditemsexport\front\export.form.php:38 PluginUseditemsexportExport::generatePDF()
  {"user":"2@GS003021"} 
[2022-11-03 16:43:43] glpisqllog.WARNING: DBmysql::query() in C:\wamp64\www\glpi104\src\DBmysql.php line 404
  *** MySQL query warnings:
  SQL: INSERT INTO `glpi_plugin_useditemsexport_exports` (`users_id`, `date_mod`, `num`, `refnumber`, `authors_id`, `documents_id`) VALUES ('2', '2022-11-03 16:43:43', '1', 'Termo de Responsabilidade', '2', '1')
  Warnings: 
1265: Data truncated for column 'refnumber' at row 1
  Backtrace :
  src\DBmysql.php:1320                               
  src\CommonDBTM.php:719                             DBmysql->insert()
  src\CommonDBTM.php:1324                            CommonDBTM->addToDB()
  ...tplace\useditemsexport\inc\export.class.php:474 CommonDBTM->add()
  ...tplace\useditemsexport\front\export.form.php:38 PluginUseditemsexportExport::generatePDF()
  {"user":"2@GS003021","mem_usage":"0.607\", 5.59Mio)"} 
[2022-11-03 16:44:23] glpisqllog.ERROR: DBmysql::query() in C:\wamp64\www\glpi104\src\DBmysql.php line 370
  *** MySQL query error:
  SQL: SELECT `rgfield` FROM `glpi_plugin_fields_userrgs` WHERE `items_id` = '2'
  Error: Table 'base_104.glpi_plugin_fields_userrgs' doesn't exist
  Backtrace :
  src\DBmysqlIterator.php:112                        
  src\DBmysql.php:1056                               DBmysqlIterator->execute()
  ...tplace\useditemsexport\inc\export.class.php:535 DBmysql->request()
  ...tplace\useditemsexport\front\export.form.php:45 PluginUseditemsexportExport::generateTermoDev()
  {"user":"2@GS003021"} 
[2022-11-03 16:44:23] glpisqllog.WARNING: DBmysql::query() in C:\wamp64\www\glpi104\src\DBmysql.php line 404
  *** MySQL query warnings:
  SQL: INSERT INTO `glpi_plugin_useditemsexport_exports` (`users_id`, `date_mod`, `num`, `refnumber`, `authors_id`, `documents_id`) VALUES ('2', '2022-11-03 16:44:23', '2', 'Termo de Devolução', '2', '2')
  Warnings: 
1265: Data truncated for column 'refnumber' at row 1
  Backtrace :
  src\DBmysql.php:1320                               
  src\CommonDBTM.php:719                             DBmysql->insert()
  src\CommonDBTM.php:1324                            CommonDBTM->addToDB()
  ...tplace\useditemsexport\inc\export.class.php:718 CommonDBTM->add()
  ...tplace\useditemsexport\front\export.form.php:45 PluginUseditemsexportExport::generateTermoDev()
  {"user":"2@GS003021","mem_usage":"0.651\", 5.60Mio)"} 
