2023-07-05 11:50:56 [2@GS003021]
Rights has been updated for reminder_public, you should review ACLs after update @ 2023-07-05 11:50:56 [2@GS003021]
Rights has been updated for rssfeed_public, you should review ACLs after update @ 2023-07-05 11:50:56 [2@GS003021]
New rights has been added for unmanaged, you should review ACLs after update @ 2023-07-05 14:40:36 [19@GS003021]
Rights has been updated for reminder_public, you should review ACLs after update @ 2023-07-05 14:40:36 [19@GS003021]
Rights has been updated for rssfeed_public, you should review ACLs after update @ 2023-07-05 14:40:36 [19@GS003021]
New rights has been added for unmanaged, you should review ACLs after update @ 2023-07-05 15:47:08 [25@GS003021]
Rights has been updated for reminder_public, you should review ACLs after update @ 2023-07-05 15:47:08 [25@GS003021]
Rights has been updated for rssfeed_public, you should review ACLs after update @ 2023-07-05 15:47:09 [25@GS003021]
New rights has been added for unmanaged, you should review ACLs after update @ 2023-07-05 15:47:46 [25@GS003021]
Rights has been updated for reminder_public, you should review ACLs after update @ 2023-07-05 15:47:46 [25@GS003021]
Rights has been updated for rssfeed_public, you should review ACLs after update @ 2023-07-05 15:48:37 [25@GS003021]
Rights has been updated for reminder_public, you should review ACLs after update @ 2023-07-05 15:48:37 [25@GS003021]
Rights has been updated for rssfeed_public, you should review ACLs after update @ 2023-07-05 15:50:13 [25@GS003021]
Rights has been updated for reminder_public, you should review ACLs after update @ 2023-07-05 15:50:13 [25@GS003021]
Rights has been updated for rssfeed_public, you should review ACLs after update @ 2023-07-05 15:51:42 [25@GS003021]
Rights has been updated for reminder_public, you should review ACLs after update @ 2023-07-05 15:51:42 [25@GS003021]
Rights has been updated for rssfeed_public, you should review ACLs after update @ 2023-07-05 16:12:03 [25@GS003021]
Rights has been updated for reminder_public, you should review ACLs after update @ 2023-07-05 16:12:03 [25@GS003021]
Rights has been updated for rssfeed_public, you should review ACLs after update @ 2023-07-05 16:12:03 [25@GS003021]
New rights has been added for unmanaged, you should review ACLs after update @ 2023-07-05 17:39:24 [2@GS003021]
Rights has been updated for reminder_public, you should review ACLs after update @ 2023-07-05 17:39:24 [2@GS003021]
Rights has been updated for rssfeed_public, you should review ACLs after update @ 2023-07-05 17:39:24 [2@GS003021]
New rights has been added for unmanaged, you should review ACLs after update @ 2023-07-05 17:40:51 [2@GS003021]
Rights has been updated for reminder_public, you should review ACLs after update @ 2023-07-05 17:40:51 [2@GS003021]
Rights has been updated for rssfeed_public, you should review ACLs after update @ 2023-07-06 14:30:06 [2@GS003021]
Rights has been updated for reminder_public, you should review ACLs after update @ 2023-07-06 14:30:06 [2@GS003021]
Rights has been updated for rssfeed_public, you should review ACLs after update @ 2023-07-06 14:30:06 [2@GS003021]
New rights has been added for unmanaged, you should review ACLs after update @ 