2023-02-02 15:02:55 [@GS003021]
Atenção: um e-mail não foi entregue para glpi@gruposolutions.com.br com mais 5 tentativas restantes. Mensagem: [GLPI] Monitoramento de ações automáticas, Erro: SMTP connect() failed. https://github.com/PHPMailer/PHPMailer/wiki/Troubleshooting
2023-02-03 14:33:57 [2@GS003021]
Atenção: um e-mail não foi entregue para glpi@gruposolutions.com.br com mais 5 tentativas restantes. Mensagem: [GLPI] Monitoramento de ações automáticas, Erro: SMTP connect() failed. https://github.com/PHPMailer/PHPMailer/wiki/Troubleshooting
2023-02-07 09:30:27 [2@localhost]
Atenção: um e-mail não foi entregue para glpi@gruposolutions.com.br com mais 6 tentativas restantes. Mensagem: [GLPI #0000221] NOVA RESPOSTA 0000221 - Solicitação de Material, Erro: SMTP connect() failed. https://github.com/PHPMailer/PHPMailer/wiki/Troubleshooting
2023-02-07 09:30:34 [2@localhost]
Atenção: um e-mail não foi entregue para thais.martins@gruposolutions.com.br com mais 6 tentativas restantes. Mensagem: [GLPI #0000221] NOVA RESPOSTA 0000221 - Solicitação de Material, Erro: SMTP connect() failed. https://github.com/PHPMailer/PHPMailer/wiki/Troubleshooting
2023-02-07 10:00:37 [2@localhost]
Atenção: um e-mail não foi entregue para adm_sda@gruposolutions.com com mais 6 tentativas restantes. Mensagem: [GLPI #0000276] NOVA RESPOSTA 0000276 - Manutenção do computador - Criação de PC Reversa SJC, Erro: SMTP Error: The following recipients failed: adm_sda@gruposolutions.com: <adm_sda@gruposolutions.com>: Recipient address rejected: You cannot send mails to this account

2023-02-07 10:01:28 [2@localhost]
Atenção: um e-mail não foi entregue para adm_sda@gruposolutions.com com mais 5 tentativas restantes. Mensagem: [GLPI #0000276] NOVA RESPOSTA 0000276 - Manutenção do computador - Criação de PC Reversa SJC, Erro: SMTP Error: The following recipients failed: adm_sda@gruposolutions.com: <adm_sda@gruposolutions.com>: Recipient address rejected: You cannot send mails to this account

2023-02-07 10:02:05 [2@localhost]
Atenção: um e-mail não foi entregue para adm_sda@gruposolutions.com com mais 4 tentativas restantes. Mensagem: [GLPI #0000276] NOVA RESPOSTA 0000276 - Manutenção do computador - Criação de PC Reversa SJC, Erro: SMTP Error: The following recipients failed: adm_sda@gruposolutions.com: <adm_sda@gruposolutions.com>: Recipient address rejected: You cannot send mails to this account

2023-02-07 10:08:42 [2@localhost]
Atenção: um e-mail não foi entregue para adm_sda@gruposolutions.com com mais 3 tentativas restantes. Mensagem: [GLPI #0000276] NOVA RESPOSTA 0000276 - Manutenção do computador - Criação de PC Reversa SJC, Erro: SMTP Error: The following recipients failed: adm_sda@gruposolutions.com: <adm_sda@gruposolutions.com>: Recipient address rejected: You cannot send mails to this account

2023-02-24 14:19:39 [34@localhost]
Atenção: um e-mail não foi entregue para brunnoavellar@gmail.com com mais 6 tentativas restantes. Mensagem: [GLPI #0000341] Novo chamado 0000341	, Erro: SMTP Error: The following recipients failed: brunnoavellar@gmail.com: <brunnoavellar@gmail.com>: Recipient address rejected: You cannot send mails to this account

2023-02-24 14:24:00 [2@localhost]
Atenção: um e-mail não foi entregue para brunnoavellar@gmail.com com mais 5 tentativas restantes. Mensagem: [GLPI #0000341] Novo chamado 0000341	, Erro: SMTP Error: The following recipients failed: brunnoavellar@gmail.com: <brunnoavellar@gmail.com>: Recipient address rejected: You cannot send mails to this account

2023-02-24 14:26:02 [34@localhost]
Atenção: um e-mail não foi entregue para brunnoavellar@gmail.com com mais 4 tentativas restantes. Mensagem: [GLPI #0000341] Novo chamado 0000341	, Erro: SMTP Error: The following recipients failed: brunnoavellar@gmail.com: <brunnoavellar@gmail.com>: Recipient address rejected: You cannot send mails to this account

2023-02-24 14:32:08 [@localhost]
Atenção: um e-mail não foi entregue para brunnoavellar@gmail.com com mais 3 tentativas restantes. Mensagem: [GLPI #0000341] Novo chamado 0000341	, Erro: SMTP Error: The following recipients failed: brunnoavellar@gmail.com: <brunnoavellar@gmail.com>: Recipient address rejected: You cannot send mails to this account

2023-02-24 14:32:10 [@localhost]
Atenção: um e-mail não foi entregue para brunnoavellar@gmail.com com mais 6 tentativas restantes. Mensagem: [GLPI #0000344] Novo chamado 0000344	, Erro: SMTP Error: The following recipients failed: brunnoavellar@gmail.com: <brunnoavellar@gmail.com>: Recipient address rejected: You cannot send mails to this account

2023-02-24 14:35:29 [60@localhost]
Atenção: um e-mail não foi entregue para brunnoavellar@gmail.com com mais 2 tentativas restantes. Mensagem: [GLPI #0000341] Novo chamado 0000341	, Erro: SMTP Error: The following recipients failed: brunnoavellar@gmail.com: <brunnoavellar@gmail.com>: Recipient address rejected: You cannot send mails to this account

2023-02-24 14:35:31 [60@localhost]
Atenção: um e-mail não foi entregue para brunnoavellar@gmail.com com mais 5 tentativas restantes. Mensagem: [GLPI #0000344] Novo chamado 0000344	, Erro: SMTP Error: The following recipients failed: brunnoavellar@gmail.com: <brunnoavellar@gmail.com>: Recipient address rejected: You cannot send mails to this account

2023-02-24 14:41:05 [30@localhost]
Atenção: um e-mail não foi entregue para brunnoavellar@gmail.com com mais 1 tentativas restantes. Mensagem: [GLPI #0000341] Novo chamado 0000341	, Erro: SMTP Error: The following recipients failed: brunnoavellar@gmail.com: <brunnoavellar@gmail.com>: Recipient address rejected: You cannot send mails to this account

2023-02-24 14:41:08 [30@localhost]
Atenção: um e-mail não foi entregue para brunnoavellar@gmail.com com mais 4 tentativas restantes. Mensagem: [GLPI #0000344] Novo chamado 0000344	, Erro: SMTP Error: The following recipients failed: brunnoavellar@gmail.com: <brunnoavellar@gmail.com>: Recipient address rejected: You cannot send mails to this account

2023-02-24 14:49:05 [30@localhost]
Atenção: um e-mail não foi entregue para brunnoavellar@gmail.com com mais 0 tentativas restantes. Mensagem: [GLPI #0000341] Novo chamado 0000341	, Erro: SMTP Error: The following recipients failed: brunnoavellar@gmail.com: <brunnoavellar@gmail.com>: Recipient address rejected: You cannot send mails to this account

2023-02-24 14:49:05 [30@localhost]
Erro fatal: desistindo da entrega do e-mail para brunnoavellar@gmail.com: [GLPI #0000341] Novo chamado 0000341	
2023-02-24 14:49:06 [30@localhost]
Atenção: um e-mail não foi entregue para brunnoavellar@gmail.com com mais 3 tentativas restantes. Mensagem: [GLPI #0000344] Novo chamado 0000344	, Erro: SMTP Error: The following recipients failed: brunnoavellar@gmail.com: <brunnoavellar@gmail.com>: Recipient address rejected: You cannot send mails to this account

2023-02-24 15:06:19 [@localhost]
Atenção: um e-mail não foi entregue para brunnoavellar@gmail.com com mais 2 tentativas restantes. Mensagem: [GLPI #0000344] Novo chamado 0000344	, Erro: SMTP Error: The following recipients failed: brunnoavellar@gmail.com: <brunnoavellar@gmail.com>: Recipient address rejected: You cannot send mails to this account

2023-02-24 15:06:24 [@localhost]
Atenção: um e-mail não foi entregue para brunnoavellar@gmail.com com mais 6 tentativas restantes. Mensagem: [GLPI #0000341] NOVA RESPOSTA 0000341 - Solicitação de Etiquetas e Lacres, Erro: SMTP Error: The following recipients failed: brunnoavellar@gmail.com: <brunnoavellar@gmail.com>: Recipient address rejected: You cannot send mails to this account

2023-02-24 15:17:38 [60@localhost]
Atenção: um e-mail não foi entregue para brunnoavellar@gmail.com com mais 1 tentativas restantes. Mensagem: [GLPI #0000344] Novo chamado 0000344	, Erro: SMTP Error: The following recipients failed: brunnoavellar@gmail.com: <brunnoavellar@gmail.com>: Recipient address rejected: You cannot send mails to this account

2023-02-24 15:17:39 [60@localhost]
Atenção: um e-mail não foi entregue para brunnoavellar@gmail.com com mais 5 tentativas restantes. Mensagem: [GLPI #0000341] NOVA RESPOSTA 0000341 - Solicitação de Etiquetas e Lacres, Erro: SMTP Error: The following recipients failed: brunnoavellar@gmail.com: <brunnoavellar@gmail.com>: Recipient address rejected: You cannot send mails to this account

2023-02-24 15:33:43 [@localhost]
Atenção: um e-mail não foi entregue para brunnoavellar@gmail.com com mais 0 tentativas restantes. Mensagem: [GLPI #0000344] Novo chamado 0000344	, Erro: SMTP Error: The following recipients failed: brunnoavellar@gmail.com: <brunnoavellar@gmail.com>: Recipient address rejected: You cannot send mails to this account

2023-02-24 15:33:43 [@localhost]
Erro fatal: desistindo da entrega do e-mail para brunnoavellar@gmail.com: [GLPI #0000344] Novo chamado 0000344	
2023-02-24 15:33:45 [@localhost]
Atenção: um e-mail não foi entregue para brunnoavellar@gmail.com com mais 4 tentativas restantes. Mensagem: [GLPI #0000341] NOVA RESPOSTA 0000341 - Solicitação de Etiquetas e Lacres, Erro: SMTP Error: The following recipients failed: brunnoavellar@gmail.com: <brunnoavellar@gmail.com>: Recipient address rejected: You cannot send mails to this account

2023-02-24 15:40:08 [60@localhost]
Atenção: um e-mail não foi entregue para brunnoavellar@gmail.com com mais 3 tentativas restantes. Mensagem: [GLPI #0000341] NOVA RESPOSTA 0000341 - Solicitação de Etiquetas e Lacres, Erro: SMTP Error: The following recipients failed: brunnoavellar@gmail.com: <brunnoavellar@gmail.com>: Recipient address rejected: You cannot send mails to this account

2023-02-24 15:47:54 [60@localhost]
Atenção: um e-mail não foi entregue para brunnoavellar@gmail.com com mais 2 tentativas restantes. Mensagem: [GLPI #0000341] NOVA RESPOSTA 0000341 - Solicitação de Etiquetas e Lacres, Erro: SMTP Error: The following recipients failed: brunnoavellar@gmail.com: <brunnoavellar@gmail.com>: Recipient address rejected: You cannot send mails to this account

2023-02-24 16:01:28 [34@localhost]
Atenção: um e-mail não foi entregue para brunnoavellar@gmail.com com mais 1 tentativas restantes. Mensagem: [GLPI #0000341] NOVA RESPOSTA 0000341 - Solicitação de Etiquetas e Lacres, Erro: SMTP Error: The following recipients failed: brunnoavellar@gmail.com: <brunnoavellar@gmail.com>: Recipient address rejected: You cannot send mails to this account

2023-02-24 16:20:40 [15@localhost]
Atenção: um e-mail não foi entregue para brunnoavellar@gmail.com com mais 0 tentativas restantes. Mensagem: [GLPI #0000341] NOVA RESPOSTA 0000341 - Solicitação de Etiquetas e Lacres, Erro: SMTP Error: The following recipients failed: brunnoavellar@gmail.com: <brunnoavellar@gmail.com>: Recipient address rejected: You cannot send mails to this account

2023-02-24 16:20:40 [15@localhost]
Erro fatal: desistindo da entrega do e-mail para brunnoavellar@gmail.com: [GLPI #0000341] NOVA RESPOSTA 0000341 - Solicitação de Etiquetas e Lacres
2023-02-28 08:20:18 [17@localhost]
Atenção: um e-mail não foi entregue para luizdepaulaped@gmail.com com mais 6 tentativas restantes. Mensagem: [GLPI #0000311] NOVA RESPOSTA 0000311 - Solicitação de Vestimenta, Erro: SMTP Error: The following recipients failed: luizdepaulaped@gmail.com: <luizdepaulaped@gmail.com>: Recipient address rejected: You cannot send mails to this account

2023-02-28 08:20:27 [17@localhost]
Atenção: um e-mail não foi entregue para luizdepaulaped@gmail.com com mais 6 tentativas restantes. Mensagem: [GLPI #0000310] NOVA RESPOSTA 0000310 - Solicitação de Material, Erro: SMTP Error: The following recipients failed: luizdepaulaped@gmail.com: <luizdepaulaped@gmail.com>: Recipient address rejected: You cannot send mails to this account

2023-02-28 08:29:57 [124@localhost]
Atenção: um e-mail não foi entregue para luizdepaulaped@gmail.com com mais 5 tentativas restantes. Mensagem: [GLPI #0000311] NOVA RESPOSTA 0000311 - Solicitação de Vestimenta, Erro: SMTP Error: The following recipients failed: luizdepaulaped@gmail.com: <luizdepaulaped@gmail.com>: Recipient address rejected: You cannot send mails to this account

2023-02-28 08:29:58 [124@localhost]
Atenção: um e-mail não foi entregue para luizdepaulaped@gmail.com com mais 5 tentativas restantes. Mensagem: [GLPI #0000310] NOVA RESPOSTA 0000310 - Solicitação de Material, Erro: SMTP Error: The following recipients failed: luizdepaulaped@gmail.com: <luizdepaulaped@gmail.com>: Recipient address rejected: You cannot send mails to this account

2023-02-28 08:37:04 [124@localhost]
Atenção: um e-mail não foi entregue para luizdepaulaped@gmail.com com mais 4 tentativas restantes. Mensagem: [GLPI #0000311] NOVA RESPOSTA 0000311 - Solicitação de Vestimenta, Erro: SMTP Error: The following recipients failed: luizdepaulaped@gmail.com: <luizdepaulaped@gmail.com>: Recipient address rejected: You cannot send mails to this account

2023-02-28 08:37:07 [124@localhost]
Atenção: um e-mail não foi entregue para luizdepaulaped@gmail.com com mais 4 tentativas restantes. Mensagem: [GLPI #0000310] NOVA RESPOSTA 0000310 - Solicitação de Material, Erro: SMTP Error: The following recipients failed: luizdepaulaped@gmail.com: <luizdepaulaped@gmail.com>: Recipient address rejected: You cannot send mails to this account

2023-02-28 08:50:02 [17@localhost]
Atenção: um e-mail não foi entregue para luizdepaulaped@gmail.com com mais 3 tentativas restantes. Mensagem: [GLPI #0000311] NOVA RESPOSTA 0000311 - Solicitação de Vestimenta, Erro: SMTP Error: The following recipients failed: luizdepaulaped@gmail.com: <luizdepaulaped@gmail.com>: Recipient address rejected: You cannot send mails to this account

2023-02-28 08:50:04 [17@localhost]
Atenção: um e-mail não foi entregue para luizdepaulaped@gmail.com com mais 3 tentativas restantes. Mensagem: [GLPI #0000310] NOVA RESPOSTA 0000310 - Solicitação de Material, Erro: SMTP Error: The following recipients failed: luizdepaulaped@gmail.com: <luizdepaulaped@gmail.com>: Recipient address rejected: You cannot send mails to this account

2023-02-28 09:01:44 [2@localhost]
Atenção: um e-mail não foi entregue para luizdepaulaped@gmail.com com mais 2 tentativas restantes. Mensagem: [GLPI #0000311] NOVA RESPOSTA 0000311 - Solicitação de Vestimenta, Erro: SMTP Error: The following recipients failed: luizdepaulaped@gmail.com: <luizdepaulaped@gmail.com>: Recipient address rejected: You cannot send mails to this account

2023-02-28 09:01:46 [2@localhost]
Atenção: um e-mail não foi entregue para luizdepaulaped@gmail.com com mais 2 tentativas restantes. Mensagem: [GLPI #0000310] NOVA RESPOSTA 0000310 - Solicitação de Material, Erro: SMTP Error: The following recipients failed: luizdepaulaped@gmail.com: <luizdepaulaped@gmail.com>: Recipient address rejected: You cannot send mails to this account

2023-02-28 09:05:07 [@localhost]
Atenção: um e-mail não foi entregue para luizdepaulaped@gmail.com com mais 1 tentativas restantes. Mensagem: [GLPI #0000311] NOVA RESPOSTA 0000311 - Solicitação de Vestimenta, Erro: SMTP Error: The following recipients failed: luizdepaulaped@gmail.com: <luizdepaulaped@gmail.com>: Recipient address rejected: You cannot send mails to this account

2023-02-28 09:05:09 [@localhost]
Atenção: um e-mail não foi entregue para luizdepaulaped@gmail.com com mais 1 tentativas restantes. Mensagem: [GLPI #0000310] NOVA RESPOSTA 0000310 - Solicitação de Material, Erro: SMTP Error: The following recipients failed: luizdepaulaped@gmail.com: <luizdepaulaped@gmail.com>: Recipient address rejected: You cannot send mails to this account

2023-02-28 09:10:30 [2@localhost]
Atenção: um e-mail não foi entregue para luizdepaulaped@gmail.com com mais 0 tentativas restantes. Mensagem: [GLPI #0000311] NOVA RESPOSTA 0000311 - Solicitação de Vestimenta, Erro: SMTP Error: The following recipients failed: luizdepaulaped@gmail.com: <luizdepaulaped@gmail.com>: Recipient address rejected: You cannot send mails to this account

2023-02-28 09:10:30 [2@localhost]
Erro fatal: desistindo da entrega do e-mail para luizdepaulaped@gmail.com: [GLPI #0000311] NOVA RESPOSTA 0000311 - Solicitação de Vestimenta
2023-02-28 09:10:32 [2@localhost]
Atenção: um e-mail não foi entregue para luizdepaulaped@gmail.com com mais 0 tentativas restantes. Mensagem: [GLPI #0000310] NOVA RESPOSTA 0000310 - Solicitação de Material, Erro: SMTP Error: The following recipients failed: luizdepaulaped@gmail.com: <luizdepaulaped@gmail.com>: Recipient address rejected: You cannot send mails to this account

2023-02-28 09:10:32 [2@localhost]
Erro fatal: desistindo da entrega do e-mail para luizdepaulaped@gmail.com: [GLPI #0000310] NOVA RESPOSTA 0000310 - Solicitação de Material
2023-02-28 09:23:35 [31@localhost]
Atenção: um e-mail não foi entregue para brunnoavellar@gmail.com com mais 6 tentativas restantes. Mensagem: [GLPI #0000344] NOVA RESPOSTA 0000344 - Solicitação de Material, Erro: SMTP Error: The following recipients failed: brunnoavellar@gmail.com: <brunnoavellar@gmail.com>: Recipient address rejected: You cannot send mails to this account

2023-02-28 09:24:06 [31@localhost]
Atenção: um e-mail não foi entregue para brunnoavellar@gmail.com com mais 6 tentativas restantes. Mensagem: [GLPI #0000341] NOVA RESPOSTA 0000341 - Solicitação de Etiquetas e Lacres, Erro: SMTP Error: The following recipients failed: brunnoavellar@gmail.com: <brunnoavellar@gmail.com>: Recipient address rejected: You cannot send mails to this account

2023-02-28 09:27:01 [17@localhost]
Atenção: um e-mail não foi entregue para brunnoavellar@gmail.com com mais 5 tentativas restantes. Mensagem: [GLPI #0000344] NOVA RESPOSTA 0000344 - Solicitação de Material, Erro: SMTP Error: The following recipients failed: brunnoavellar@gmail.com: <brunnoavellar@gmail.com>: Recipient address rejected: You cannot send mails to this account

2023-02-28 09:27:04 [17@localhost]
Atenção: um e-mail não foi entregue para brunnoavellar@gmail.com com mais 5 tentativas restantes. Mensagem: [GLPI #0000341] NOVA RESPOSTA 0000341 - Solicitação de Etiquetas e Lacres, Erro: SMTP Error: The following recipients failed: brunnoavellar@gmail.com: <brunnoavellar@gmail.com>: Recipient address rejected: You cannot send mails to this account

2023-02-28 09:32:01 [2@localhost]
Atenção: um e-mail não foi entregue para brunnoavellar@gmail.com com mais 4 tentativas restantes. Mensagem: [GLPI #0000344] NOVA RESPOSTA 0000344 - Solicitação de Material, Erro: SMTP Error: The following recipients failed: brunnoavellar@gmail.com: <brunnoavellar@gmail.com>: Recipient address rejected: You cannot send mails to this account

2023-02-28 09:32:03 [2@localhost]
Atenção: um e-mail não foi entregue para brunnoavellar@gmail.com com mais 4 tentativas restantes. Mensagem: [GLPI #0000341] NOVA RESPOSTA 0000341 - Solicitação de Etiquetas e Lacres, Erro: SMTP Error: The following recipients failed: brunnoavellar@gmail.com: <brunnoavellar@gmail.com>: Recipient address rejected: You cannot send mails to this account

2023-02-28 09:37:55 [2@localhost]
Atenção: um e-mail não foi entregue para brunnoavellar@gmail.com com mais 3 tentativas restantes. Mensagem: [GLPI #0000344] NOVA RESPOSTA 0000344 - Solicitação de Material, Erro: SMTP Error: The following recipients failed: brunnoavellar@gmail.com: <brunnoavellar@gmail.com>: Recipient address rejected: You cannot send mails to this account

2023-02-28 09:37:57 [2@localhost]
Atenção: um e-mail não foi entregue para brunnoavellar@gmail.com com mais 3 tentativas restantes. Mensagem: [GLPI #0000341] NOVA RESPOSTA 0000341 - Solicitação de Etiquetas e Lacres, Erro: SMTP Error: The following recipients failed: brunnoavellar@gmail.com: <brunnoavellar@gmail.com>: Recipient address rejected: You cannot send mails to this account

2023-02-28 09:45:07 [31@localhost]
Atenção: um e-mail não foi entregue para brunnoavellar@gmail.com com mais 2 tentativas restantes. Mensagem: [GLPI #0000344] NOVA RESPOSTA 0000344 - Solicitação de Material, Erro: SMTP Error: The following recipients failed: brunnoavellar@gmail.com: <brunnoavellar@gmail.com>: Recipient address rejected: You cannot send mails to this account

2023-02-28 09:45:10 [31@localhost]
Atenção: um e-mail não foi entregue para brunnoavellar@gmail.com com mais 2 tentativas restantes. Mensagem: [GLPI #0000341] NOVA RESPOSTA 0000341 - Solicitação de Etiquetas e Lacres, Erro: SMTP Error: The following recipients failed: brunnoavellar@gmail.com: <brunnoavellar@gmail.com>: Recipient address rejected: You cannot send mails to this account

2023-02-28 09:56:44 [17@localhost]
Atenção: um e-mail não foi entregue para brunnoavellar@gmail.com com mais 1 tentativas restantes. Mensagem: [GLPI #0000344] NOVA RESPOSTA 0000344 - Solicitação de Material, Erro: SMTP Error: The following recipients failed: brunnoavellar@gmail.com: <brunnoavellar@gmail.com>: Recipient address rejected: You cannot send mails to this account

2023-02-28 09:56:46 [17@localhost]
Atenção: um e-mail não foi entregue para brunnoavellar@gmail.com com mais 1 tentativas restantes. Mensagem: [GLPI #0000341] NOVA RESPOSTA 0000341 - Solicitação de Etiquetas e Lacres, Erro: SMTP Error: The following recipients failed: brunnoavellar@gmail.com: <brunnoavellar@gmail.com>: Recipient address rejected: You cannot send mails to this account

2023-02-28 10:13:41 [31@localhost]
Atenção: um e-mail não foi entregue para brunnoavellar@gmail.com com mais 0 tentativas restantes. Mensagem: [GLPI #0000344] NOVA RESPOSTA 0000344 - Solicitação de Material, Erro: SMTP Error: The following recipients failed: brunnoavellar@gmail.com: <brunnoavellar@gmail.com>: Recipient address rejected: You cannot send mails to this account

2023-02-28 10:13:41 [31@localhost]
Erro fatal: desistindo da entrega do e-mail para brunnoavellar@gmail.com: [GLPI #0000344] NOVA RESPOSTA 0000344 - Solicitação de Material
2023-02-28 10:13:45 [31@localhost]
Atenção: um e-mail não foi entregue para brunnoavellar@gmail.com com mais 0 tentativas restantes. Mensagem: [GLPI #0000341] NOVA RESPOSTA 0000341 - Solicitação de Etiquetas e Lacres, Erro: SMTP Error: The following recipients failed: brunnoavellar@gmail.com: <brunnoavellar@gmail.com>: Recipient address rejected: You cannot send mails to this account

2023-02-28 10:13:45 [31@localhost]
Erro fatal: desistindo da entrega do e-mail para brunnoavellar@gmail.com: [GLPI #0000341] NOVA RESPOSTA 0000341 - Solicitação de Etiquetas e Lacres
2023-05-02 10:15:58 [@GS003021]
Atenção: um e-mail não foi entregue para brunnoavellar@gmail.com com mais 6 tentativas restantes. Mensagem: [ATIVO #0000571] Novo chamado 0000571	, Erro: SMTP Error: The following recipients failed: brunnoavellar@gmail.com: <brunnoavellar@gmail.com>: Recipient address rejected: You cannot send mails to this account

2023-05-02 10:19:54 [@GS003021]
Atenção: um e-mail não foi entregue para brunnoavellar@gmail.com com mais 5 tentativas restantes. Mensagem: [ATIVO #0000571] Novo chamado 0000571	, Erro: SMTP Error: The following recipients failed: brunnoavellar@gmail.com: <brunnoavellar@gmail.com>: Recipient address rejected: You cannot send mails to this account

2023-05-02 10:21:08 [@GS003021]
Atenção: um e-mail não foi entregue para brunnoavellar@gmail.com com mais 4 tentativas restantes. Mensagem: [ATIVO #0000571] Novo chamado 0000571	, Erro: SMTP Error: The following recipients failed: brunnoavellar@gmail.com: <brunnoavellar@gmail.com>: Recipient address rejected: You cannot send mails to this account

2023-05-02 10:32:13 [@GS003021]
Atenção: um e-mail não foi entregue para brunnoavellar@gmail.com com mais 3 tentativas restantes. Mensagem: [ATIVO #0000571] Novo chamado 0000571	, Erro: SMTP Error: The following recipients failed: brunnoavellar@gmail.com: <brunnoavellar@gmail.com>: Recipient address rejected: You cannot send mails to this account

2023-05-02 12:34:30 [2@GS003021]
Atenção: um e-mail não foi entregue para brunnoavellar@gmail.com com mais 2 tentativas restantes. Mensagem: [ATIVO #0000571] Novo chamado 0000571	, Erro: SMTP Error: The following recipients failed: brunnoavellar@gmail.com: <brunnoavellar@gmail.com>: Recipient address rejected: You cannot send mails to this account

2023-05-02 14:20:45 [2@GS003021]
Atenção: um e-mail não foi entregue para brunnoavellar@gmail.com com mais 1 tentativas restantes. Mensagem: [ATIVO #0000571] Novo chamado 0000571	, Erro: SMTP Error: The following recipients failed: brunnoavellar@gmail.com: <brunnoavellar@gmail.com>: Recipient address rejected: You cannot send mails to this account

2023-05-02 15:01:26 [2@GS003021]
Atenção: um e-mail não foi entregue para brunnoavellar@gmail.com com mais 0 tentativas restantes. Mensagem: [ATIVO #0000571] Novo chamado 0000571	, Erro: SMTP Error: The following recipients failed: brunnoavellar@gmail.com: <brunnoavellar@gmail.com>: Recipient address rejected: You cannot send mails to this account

2023-05-02 15:01:26 [2@GS003021]
Erro fatal: desistindo da entrega do e-mail para brunnoavellar@gmail.com: [ATIVO #0000571] Novo chamado 0000571	
2023-05-11 15:08:22 [2@GS003021]
Atenção: um e-mail não foi entregue para analistaqualidade_whp@gruposolutions.com.br com mais 6 tentativas restantes. Mensagem: [ATIVO #0000558] SOLICITAÇÃO PENDENTE, Erro: SMTP connect() failed. https://github.com/PHPMailer/PHPMailer/wiki/Troubleshooting
2023-05-11 15:08:29 [2@GS003021]
Atenção: um e-mail não foi entregue para analistaqualidade_whp@gruposolutions.com.br com mais 6 tentativas restantes. Mensagem: [ATIVO #0000559] SOLICITAÇÃO PENDENTE, Erro: SMTP connect() failed. https://github.com/PHPMailer/PHPMailer/wiki/Troubleshooting
2023-05-11 15:08:36 [2@GS003021]
Atenção: um e-mail não foi entregue para supervisor1_sjc@gruposolutions.com.br com mais 6 tentativas restantes. Mensagem: [ATIVO #0000559] ATUALIZAÇÃO DA SOLICITAÇÃO, Erro: SMTP connect() failed. https://github.com/PHPMailer/PHPMailer/wiki/Troubleshooting
2023-05-11 16:00:05 [2@GS003021]
Atenção: um e-mail não foi entregue para analistaqualidade_whp@gruposolutions.com.br com mais 5 tentativas restantes. Mensagem: [ATIVO #0000558] SOLICITAÇÃO PENDENTE, Erro: SMTP connect() failed. https://github.com/PHPMailer/PHPMailer/wiki/Troubleshooting
2023-05-11 16:00:11 [2@GS003021]
Atenção: um e-mail não foi entregue para analistaqualidade_whp@gruposolutions.com.br com mais 5 tentativas restantes. Mensagem: [ATIVO #0000559] SOLICITAÇÃO PENDENTE, Erro: SMTP connect() failed. https://github.com/PHPMailer/PHPMailer/wiki/Troubleshooting
2023-05-11 16:00:18 [2@GS003021]
Atenção: um e-mail não foi entregue para supervisor1_sjc@gruposolutions.com.br com mais 5 tentativas restantes. Mensagem: [ATIVO #0000559] ATUALIZAÇÃO DA SOLICITAÇÃO, Erro: SMTP connect() failed. https://github.com/PHPMailer/PHPMailer/wiki/Troubleshooting
2023-05-11 16:50:36 [2@GS003021]
Atenção: um e-mail não foi entregue para analistaqualidade_whp@gruposolutions.com.br com mais 4 tentativas restantes. Mensagem: [ATIVO #0000558] SOLICITAÇÃO PENDENTE, Erro: SMTP connect() failed. https://github.com/PHPMailer/PHPMailer/wiki/Troubleshooting
2023-05-11 16:50:44 [2@GS003021]
Atenção: um e-mail não foi entregue para analistaqualidade_whp@gruposolutions.com.br com mais 4 tentativas restantes. Mensagem: [ATIVO #0000559] SOLICITAÇÃO PENDENTE, Erro: SMTP connect() failed. https://github.com/PHPMailer/PHPMailer/wiki/Troubleshooting
2023-05-11 16:50:51 [2@GS003021]
Atenção: um e-mail não foi entregue para supervisor1_sjc@gruposolutions.com.br com mais 4 tentativas restantes. Mensagem: [ATIVO #0000559] ATUALIZAÇÃO DA SOLICITAÇÃO, Erro: SMTP connect() failed. https://github.com/PHPMailer/PHPMailer/wiki/Troubleshooting
2023-05-12 09:31:35 [2@GS003021]
Atenção: um e-mail não foi entregue para analistaqualidade_whp@gruposolutions.com.br com mais 3 tentativas restantes. Mensagem: [ATIVO #0000558] SOLICITAÇÃO PENDENTE, Erro: SMTP connect() failed. https://github.com/PHPMailer/PHPMailer/wiki/Troubleshooting
2023-05-12 09:31:42 [2@GS003021]
Atenção: um e-mail não foi entregue para analistaqualidade_whp@gruposolutions.com.br com mais 3 tentativas restantes. Mensagem: [ATIVO #0000559] SOLICITAÇÃO PENDENTE, Erro: SMTP connect() failed. https://github.com/PHPMailer/PHPMailer/wiki/Troubleshooting
2023-05-12 09:31:49 [2@GS003021]
Atenção: um e-mail não foi entregue para supervisor1_sjc@gruposolutions.com.br com mais 3 tentativas restantes. Mensagem: [ATIVO #0000559] ATUALIZAÇÃO DA SOLICITAÇÃO, Erro: SMTP connect() failed. https://github.com/PHPMailer/PHPMailer/wiki/Troubleshooting
2023-05-12 16:08:37 [2@GS003021]
Atenção: um e-mail não foi entregue para analistaqualidade_whp@gruposolutions.com.br com mais 2 tentativas restantes. Mensagem: [ATIVO #0000558] SOLICITAÇÃO PENDENTE, Erro: SMTP connect() failed. https://github.com/PHPMailer/PHPMailer/wiki/Troubleshooting
2023-05-12 16:08:44 [2@GS003021]
Atenção: um e-mail não foi entregue para analistaqualidade_whp@gruposolutions.com.br com mais 2 tentativas restantes. Mensagem: [ATIVO #0000559] SOLICITAÇÃO PENDENTE, Erro: SMTP connect() failed. https://github.com/PHPMailer/PHPMailer/wiki/Troubleshooting
2023-05-12 16:08:51 [2@GS003021]
Atenção: um e-mail não foi entregue para supervisor1_sjc@gruposolutions.com.br com mais 2 tentativas restantes. Mensagem: [ATIVO #0000559] ATUALIZAÇÃO DA SOLICITAÇÃO, Erro: SMTP connect() failed. https://github.com/PHPMailer/PHPMailer/wiki/Troubleshooting
2023-05-13 01:34:41 [2@GS003021]
Atenção: um e-mail não foi entregue para analistaqualidade_whp@gruposolutions.com.br com mais 1 tentativas restantes. Mensagem: [ATIVO #0000558] SOLICITAÇÃO PENDENTE, Erro: SMTP connect() failed. https://github.com/PHPMailer/PHPMailer/wiki/Troubleshooting
2023-05-13 01:34:48 [2@GS003021]
Atenção: um e-mail não foi entregue para analistaqualidade_whp@gruposolutions.com.br com mais 1 tentativas restantes. Mensagem: [ATIVO #0000559] SOLICITAÇÃO PENDENTE, Erro: SMTP connect() failed. https://github.com/PHPMailer/PHPMailer/wiki/Troubleshooting
2023-05-13 01:34:56 [2@GS003021]
Atenção: um e-mail não foi entregue para supervisor1_sjc@gruposolutions.com.br com mais 1 tentativas restantes. Mensagem: [ATIVO #0000559] ATUALIZAÇÃO DA SOLICITAÇÃO, Erro: SMTP connect() failed. https://github.com/PHPMailer/PHPMailer/wiki/Troubleshooting
2023-05-13 02:21:27 [2@GS003021]
Atenção: um e-mail não foi entregue para analistaqualidade_whp@gruposolutions.com.br com mais 0 tentativas restantes. Mensagem: [ATIVO #0000558] SOLICITAÇÃO PENDENTE, Erro: SMTP connect() failed. https://github.com/PHPMailer/PHPMailer/wiki/Troubleshooting
2023-05-13 02:21:27 [2@GS003021]
Erro fatal: desistindo da entrega do e-mail para analistaqualidade_whp@gruposolutions.com.br: [ATIVO #0000558] SOLICITAÇÃO PENDENTE
2023-05-13 02:21:34 [2@GS003021]
Atenção: um e-mail não foi entregue para analistaqualidade_whp@gruposolutions.com.br com mais 0 tentativas restantes. Mensagem: [ATIVO #0000559] SOLICITAÇÃO PENDENTE, Erro: SMTP connect() failed. https://github.com/PHPMailer/PHPMailer/wiki/Troubleshooting
2023-05-13 02:21:34 [2@GS003021]
Erro fatal: desistindo da entrega do e-mail para analistaqualidade_whp@gruposolutions.com.br: [ATIVO #0000559] SOLICITAÇÃO PENDENTE
2023-05-13 02:21:41 [2@GS003021]
Atenção: um e-mail não foi entregue para supervisor1_sjc@gruposolutions.com.br com mais 0 tentativas restantes. Mensagem: [ATIVO #0000559] ATUALIZAÇÃO DA SOLICITAÇÃO, Erro: SMTP connect() failed. https://github.com/PHPMailer/PHPMailer/wiki/Troubleshooting
2023-05-13 02:21:41 [2@GS003021]
Erro fatal: desistindo da entrega do e-mail para supervisor1_sjc@gruposolutions.com.br: [ATIVO #0000559] ATUALIZAÇÃO DA SOLICITAÇÃO
2023-05-24 14:33:34 [22@GS003021]
Atenção: um e-mail não foi entregue para supervisor1_jundiai@gruposolutions.com.br com mais 6 tentativas restantes. Mensagem: [ATIVO #0000573] Novo chamado 0000573	, Erro: SMTP connect() failed. https://github.com/PHPMailer/PHPMailer/wiki/Troubleshooting
2023-05-24 14:33:41 [22@GS003021]
Atenção: um e-mail não foi entregue para supervisor1_jundiai@gruposolutions.com.br com mais 6 tentativas restantes. Mensagem: [ATIVO #0000574] Novo chamado 0000574	, Erro: SMTP connect() failed. https://github.com/PHPMailer/PHPMailer/wiki/Troubleshooting
2023-05-24 14:33:48 [22@GS003021]
Atenção: um e-mail não foi entregue para supervisor1_jundiai@gruposolutions.com.br com mais 6 tentativas restantes. Mensagem: [ATIVO #0000575] Novo chamado 0000575	, Erro: SMTP connect() failed. https://github.com/PHPMailer/PHPMailer/wiki/Troubleshooting
2023-05-24 14:33:51 [22@GS003021]
Atenção: um e-mail não foi entregue para supervisor1_jundiai@gruposolutions.com.br com mais 6 tentativas restantes. Mensagem: [ATIVO #0000576] Novo chamado 0000576	, Erro: SMTP connect() failed. https://github.com/PHPMailer/PHPMailer/wiki/Troubleshooting
2023-05-24 14:33:54 [22@GS003021]
Atenção: um e-mail não foi entregue para supervisor1_jundiai@gruposolutions.com.br com mais 6 tentativas restantes. Mensagem: [ATIVO #0000577] Novo chamado 0000577	, Erro: SMTP connect() failed. https://github.com/PHPMailer/PHPMailer/wiki/Troubleshooting
2023-05-24 14:33:57 [22@GS003021]
Atenção: um e-mail não foi entregue para supervisor1_jundiai@gruposolutions.com.br com mais 6 tentativas restantes. Mensagem: [ATIVO #0000578] Novo chamado 0000578	, Erro: SMTP connect() failed. https://github.com/PHPMailer/PHPMailer/wiki/Troubleshooting
2023-05-30 11:36:02 [2@GS003021]
Atenção: um e-mail não foi entregue para supervisor1_jundiai@gruposolutions.com.br com mais 5 tentativas restantes. Mensagem: [ATIVO #0000573] Novo chamado 0000573	, Erro: SMTP connect() failed. https://github.com/PHPMailer/PHPMailer/wiki/Troubleshooting
2023-05-30 11:36:09 [2@GS003021]
Atenção: um e-mail não foi entregue para supervisor1_jundiai@gruposolutions.com.br com mais 5 tentativas restantes. Mensagem: [ATIVO #0000574] Novo chamado 0000574	, Erro: SMTP connect() failed. https://github.com/PHPMailer/PHPMailer/wiki/Troubleshooting
2023-05-30 11:36:16 [2@GS003021]
Atenção: um e-mail não foi entregue para supervisor1_jundiai@gruposolutions.com.br com mais 5 tentativas restantes. Mensagem: [ATIVO #0000575] Novo chamado 0000575	, Erro: SMTP connect() failed. https://github.com/PHPMailer/PHPMailer/wiki/Troubleshooting
2023-05-30 11:36:19 [2@GS003021]
Atenção: um e-mail não foi entregue para supervisor1_jundiai@gruposolutions.com.br com mais 5 tentativas restantes. Mensagem: [ATIVO #0000576] Novo chamado 0000576	, Erro: SMTP connect() failed. https://github.com/PHPMailer/PHPMailer/wiki/Troubleshooting
2023-05-30 11:36:22 [2@GS003021]
Atenção: um e-mail não foi entregue para supervisor1_jundiai@gruposolutions.com.br com mais 5 tentativas restantes. Mensagem: [ATIVO #0000577] Novo chamado 0000577	, Erro: SMTP connect() failed. https://github.com/PHPMailer/PHPMailer/wiki/Troubleshooting
2023-05-30 11:36:25 [2@GS003021]
Atenção: um e-mail não foi entregue para supervisor1_jundiai@gruposolutions.com.br com mais 5 tentativas restantes. Mensagem: [ATIVO #0000578] Novo chamado 0000578	, Erro: SMTP connect() failed. https://github.com/PHPMailer/PHPMailer/wiki/Troubleshooting
2023-05-30 11:36:28 [2@GS003021]
Atenção: um e-mail não foi entregue para supervisor1_jundiai@gruposolutions.com.br com mais 6 tentativas restantes. Mensagem: [ATIVO #0000579] Novo chamado 0000579	, Erro: SMTP connect() failed. https://github.com/PHPMailer/PHPMailer/wiki/Troubleshooting
2023-05-30 11:36:31 [2@GS003021]
Atenção: um e-mail não foi entregue para supervisor1_jundiai@gruposolutions.com.br com mais 6 tentativas restantes. Mensagem: [ATIVO #0000580] Novo chamado 0000580	, Erro: SMTP connect() failed. https://github.com/PHPMailer/PHPMailer/wiki/Troubleshooting
2023-05-30 11:36:34 [2@GS003021]
Atenção: um e-mail não foi entregue para supervisor1_jundiai@gruposolutions.com.br com mais 6 tentativas restantes. Mensagem: [ATIVO #0000581] Novo chamado 0000581	, Erro: SMTP connect() failed. https://github.com/PHPMailer/PHPMailer/wiki/Troubleshooting
2023-05-30 11:36:37 [2@GS003021]
Atenção: um e-mail não foi entregue para supervisor1_jundiai@gruposolutions.com.br com mais 6 tentativas restantes. Mensagem: [ATIVO #0000582] Novo chamado 0000582	, Erro: SMTP connect() failed. https://github.com/PHPMailer/PHPMailer/wiki/Troubleshooting
2023-06-17 21:35:06 [2@GS003021]
Atenção: um e-mail não foi entregue para glpi@gruposolutions.com.br com mais 6 tentativas restantes. Mensagem: [ATIVO #0000680] NOVA RESPOSTA 0000680 - Solicitação de Material, Erro: SMTP connect() failed. https://github.com/PHPMailer/PHPMailer/wiki/Troubleshooting
2023-06-17 21:35:13 [2@GS003021]
Atenção: um e-mail não foi entregue para barbara.silva@gruposolutions.com.br com mais 6 tentativas restantes. Mensagem: [ATIVO #0000680] NOVA RESPOSTA 0000680 - Solicitação de Material, Erro: SMTP connect() failed. https://github.com/PHPMailer/PHPMailer/wiki/Troubleshooting
2023-06-17 21:35:20 [2@GS003021]
Atenção: um e-mail não foi entregue para glpi@gruposolutions.com.br com mais 6 tentativas restantes. Mensagem: [ATIVO #0000680] NOVA RESPOSTA 0000680 - Solicitação de Material, Erro: SMTP connect() failed. https://github.com/PHPMailer/PHPMailer/wiki/Troubleshooting
2023-06-17 21:35:23 [2@GS003021]
Atenção: um e-mail não foi entregue para barbara.silva@gruposolutions.com.br com mais 6 tentativas restantes. Mensagem: [ATIVO #0000680] NOVA RESPOSTA 0000680 - Solicitação de Material, Erro: SMTP connect() failed. https://github.com/PHPMailer/PHPMailer/wiki/Troubleshooting
2023-06-17 21:35:26 [2@GS003021]
Atenção: um e-mail não foi entregue para glpi@gruposolutions.com.br com mais 6 tentativas restantes. Mensagem: [ATIVO #0000680] NOVA RESPOSTA 0000680 - Solicitação de Material, Erro: SMTP connect() failed. https://github.com/PHPMailer/PHPMailer/wiki/Troubleshooting
2023-06-17 21:35:29 [2@GS003021]
Atenção: um e-mail não foi entregue para barbara.silva@gruposolutions.com.br com mais 6 tentativas restantes. Mensagem: [ATIVO #0000680] NOVA RESPOSTA 0000680 - Solicitação de Material, Erro: SMTP connect() failed. https://github.com/PHPMailer/PHPMailer/wiki/Troubleshooting
2023-06-17 21:35:32 [2@GS003021]
Atenção: um e-mail não foi entregue para glpi@gruposolutions.com.br com mais 6 tentativas restantes. Mensagem: [ATIVO #0000680] NOVA RESPOSTA 0000680 - Solicitação de Material, Erro: SMTP connect() failed. https://github.com/PHPMailer/PHPMailer/wiki/Troubleshooting
2023-06-17 21:35:35 [2@GS003021]
Atenção: um e-mail não foi entregue para barbara.silva@gruposolutions.com.br com mais 6 tentativas restantes. Mensagem: [ATIVO #0000680] NOVA RESPOSTA 0000680 - Solicitação de Material, Erro: SMTP connect() failed. https://github.com/PHPMailer/PHPMailer/wiki/Troubleshooting
2023-06-17 21:35:38 [2@GS003021]
Atenção: um e-mail não foi entregue para glpi@gruposolutions.com.br com mais 6 tentativas restantes. Mensagem: [ATIVO #0000680] NOVA RESPOSTA 0000680 - Solicitação de Material, Erro: SMTP connect() failed. https://github.com/PHPMailer/PHPMailer/wiki/Troubleshooting
2023-06-17 21:35:41 [2@GS003021]
Atenção: um e-mail não foi entregue para barbara.silva@gruposolutions.com.br com mais 6 tentativas restantes. Mensagem: [ATIVO #0000680] NOVA RESPOSTA 0000680 - Solicitação de Material, Erro: SMTP connect() failed. https://github.com/PHPMailer/PHPMailer/wiki/Troubleshooting
2023-06-17 21:35:44 [2@GS003021]
Atenção: um e-mail não foi entregue para glpi@gruposolutions.com.br com mais 6 tentativas restantes. Mensagem: [ATIVO #0000680] NOVA RESPOSTA 0000680 - Solicitação de Material, Erro: SMTP connect() failed. https://github.com/PHPMailer/PHPMailer/wiki/Troubleshooting
2023-06-17 21:35:47 [2@GS003021]
Atenção: um e-mail não foi entregue para barbara.silva@gruposolutions.com.br com mais 6 tentativas restantes. Mensagem: [ATIVO #0000680] NOVA RESPOSTA 0000680 - Solicitação de Material, Erro: SMTP connect() failed. https://github.com/PHPMailer/PHPMailer/wiki/Troubleshooting
2023-06-17 21:35:50 [2@GS003021]
Atenção: um e-mail não foi entregue para glpi@gruposolutions.com.br com mais 6 tentativas restantes. Mensagem: [ATIVO #0000680] NOVA RESPOSTA 0000680 - Solicitação de Material, Erro: SMTP connect() failed. https://github.com/PHPMailer/PHPMailer/wiki/Troubleshooting
2023-06-17 21:35:53 [2@GS003021]
Atenção: um e-mail não foi entregue para barbara.silva@gruposolutions.com.br com mais 6 tentativas restantes. Mensagem: [ATIVO #0000680] NOVA RESPOSTA 0000680 - Solicitação de Material, Erro: SMTP connect() failed. https://github.com/PHPMailer/PHPMailer/wiki/Troubleshooting
2023-06-17 21:35:56 [2@GS003021]
Atenção: um e-mail não foi entregue para glpi@gruposolutions.com.br com mais 6 tentativas restantes. Mensagem: [ATIVO #0000680] NOVA RESPOSTA 0000680 - Solicitação de Material, Erro: SMTP connect() failed. https://github.com/PHPMailer/PHPMailer/wiki/Troubleshooting
2023-06-17 21:35:59 [2@GS003021]
Atenção: um e-mail não foi entregue para barbara.silva@gruposolutions.com.br com mais 6 tentativas restantes. Mensagem: [ATIVO #0000680] NOVA RESPOSTA 0000680 - Solicitação de Material, Erro: SMTP connect() failed. https://github.com/PHPMailer/PHPMailer/wiki/Troubleshooting
2023-06-17 21:36:02 [2@GS003021]
Atenção: um e-mail não foi entregue para glpi@gruposolutions.com.br com mais 6 tentativas restantes. Mensagem: [ATIVO #0000680] NOVA RESPOSTA 0000680 - Solicitação de Material, Erro: SMTP connect() failed. https://github.com/PHPMailer/PHPMailer/wiki/Troubleshooting
2023-06-17 21:36:05 [2@GS003021]
Atenção: um e-mail não foi entregue para barbara.silva@gruposolutions.com.br com mais 6 tentativas restantes. Mensagem: [ATIVO #0000680] NOVA RESPOSTA 0000680 - Solicitação de Material, Erro: SMTP connect() failed. https://github.com/PHPMailer/PHPMailer/wiki/Troubleshooting
2023-06-17 21:36:08 [2@GS003021]
Atenção: um e-mail não foi entregue para glpi@gruposolutions.com.br com mais 6 tentativas restantes. Mensagem: [ATIVO #0000680] NOVA RESPOSTA 0000680 - Solicitação de Material, Erro: SMTP connect() failed. https://github.com/PHPMailer/PHPMailer/wiki/Troubleshooting
2023-06-17 21:36:11 [2@GS003021]
Atenção: um e-mail não foi entregue para barbara.silva@gruposolutions.com.br com mais 6 tentativas restantes. Mensagem: [ATIVO #0000680] NOVA RESPOSTA 0000680 - Solicitação de Material, Erro: SMTP connect() failed. https://github.com/PHPMailer/PHPMailer/wiki/Troubleshooting
2023-06-17 21:36:14 [2@GS003021]
Atenção: um e-mail não foi entregue para glpi@gruposolutions.com.br com mais 6 tentativas restantes. Mensagem: [ATIVO #0000680] NOVA RESPOSTA 0000680 - Solicitação de Material, Erro: SMTP connect() failed. https://github.com/PHPMailer/PHPMailer/wiki/Troubleshooting
2023-06-17 21:36:17 [2@GS003021]
Atenção: um e-mail não foi entregue para barbara.silva@gruposolutions.com.br com mais 6 tentativas restantes. Mensagem: [ATIVO #0000680] NOVA RESPOSTA 0000680 - Solicitação de Material, Erro: SMTP connect() failed. https://github.com/PHPMailer/PHPMailer/wiki/Troubleshooting
2023-06-17 21:36:20 [2@GS003021]
Atenção: um e-mail não foi entregue para glpi@gruposolutions.com.br com mais 6 tentativas restantes. Mensagem: [ATIVO #0000680] NOVA RESPOSTA 0000680 - Solicitação de Material, Erro: SMTP connect() failed. https://github.com/PHPMailer/PHPMailer/wiki/Troubleshooting
2023-06-17 21:36:23 [2@GS003021]
Atenção: um e-mail não foi entregue para barbara.silva@gruposolutions.com.br com mais 6 tentativas restantes. Mensagem: [ATIVO #0000680] NOVA RESPOSTA 0000680 - Solicitação de Material, Erro: SMTP connect() failed. https://github.com/PHPMailer/PHPMailer/wiki/Troubleshooting
2023-06-17 21:36:26 [2@GS003021]
Atenção: um e-mail não foi entregue para glpi@gruposolutions.com.br com mais 6 tentativas restantes. Mensagem: [ATIVO #0000681] NOVA RESPOSTA 0000681 - Solicitação de Material, Erro: SMTP connect() failed. https://github.com/PHPMailer/PHPMailer/wiki/Troubleshooting
2023-06-17 21:36:29 [2@GS003021]
Atenção: um e-mail não foi entregue para barbara.silva@gruposolutions.com.br com mais 6 tentativas restantes. Mensagem: [ATIVO #0000681] NOVA RESPOSTA 0000681 - Solicitação de Material, Erro: SMTP connect() failed. https://github.com/PHPMailer/PHPMailer/wiki/Troubleshooting
2023-06-17 21:36:32 [2@GS003021]
Atenção: um e-mail não foi entregue para glpi@gruposolutions.com.br com mais 6 tentativas restantes. Mensagem: [ATIVO #0000681] NOVA RESPOSTA 0000681 - Solicitação de Material, Erro: SMTP connect() failed. https://github.com/PHPMailer/PHPMailer/wiki/Troubleshooting
2023-06-17 21:36:35 [2@GS003021]
Atenção: um e-mail não foi entregue para barbara.silva@gruposolutions.com.br com mais 6 tentativas restantes. Mensagem: [ATIVO #0000681] NOVA RESPOSTA 0000681 - Solicitação de Material, Erro: SMTP connect() failed. https://github.com/PHPMailer/PHPMailer/wiki/Troubleshooting
2023-06-17 21:36:38 [2@GS003021]
Atenção: um e-mail não foi entregue para glpi@gruposolutions.com.br com mais 6 tentativas restantes. Mensagem: [ATIVO #0000681] NOVA RESPOSTA 0000681 - Solicitação de Material, Erro: SMTP connect() failed. https://github.com/PHPMailer/PHPMailer/wiki/Troubleshooting
2023-06-17 21:36:41 [2@GS003021]
Atenção: um e-mail não foi entregue para barbara.silva@gruposolutions.com.br com mais 6 tentativas restantes. Mensagem: [ATIVO #0000681] NOVA RESPOSTA 0000681 - Solicitação de Material, Erro: SMTP connect() failed. https://github.com/PHPMailer/PHPMailer/wiki/Troubleshooting
2023-06-17 21:36:44 [2@GS003021]
Atenção: um e-mail não foi entregue para glpi@gruposolutions.com.br com mais 6 tentativas restantes. Mensagem: [ATIVO #0000681] NOVA RESPOSTA 0000681 - Solicitação de Material, Erro: SMTP connect() failed. https://github.com/PHPMailer/PHPMailer/wiki/Troubleshooting
2023-06-17 21:36:47 [2@GS003021]
Atenção: um e-mail não foi entregue para barbara.silva@gruposolutions.com.br com mais 6 tentativas restantes. Mensagem: [ATIVO #0000681] NOVA RESPOSTA 0000681 - Solicitação de Material, Erro: SMTP connect() failed. https://github.com/PHPMailer/PHPMailer/wiki/Troubleshooting
2023-06-17 21:36:50 [2@GS003021]
Atenção: um e-mail não foi entregue para glpi@gruposolutions.com.br com mais 6 tentativas restantes. Mensagem: [ATIVO #0000681] NOVA RESPOSTA 0000681 - Solicitação de Material, Erro: SMTP connect() failed. https://github.com/PHPMailer/PHPMailer/wiki/Troubleshooting
2023-06-17 21:36:53 [2@GS003021]
Atenção: um e-mail não foi entregue para barbara.silva@gruposolutions.com.br com mais 6 tentativas restantes. Mensagem: [ATIVO #0000681] NOVA RESPOSTA 0000681 - Solicitação de Material, Erro: SMTP connect() failed. https://github.com/PHPMailer/PHPMailer/wiki/Troubleshooting
2023-06-17 21:36:56 [2@GS003021]
Atenção: um e-mail não foi entregue para glpi@gruposolutions.com.br com mais 6 tentativas restantes. Mensagem: [ATIVO #0000685] NOVA RESPOSTA 0000685 - Solicitação de Etiquetas e Lacres, Erro: SMTP connect() failed. https://github.com/PHPMailer/PHPMailer/wiki/Troubleshooting
2023-06-17 21:36:59 [2@GS003021]
Atenção: um e-mail não foi entregue para barbara.silva@gruposolutions.com.br com mais 6 tentativas restantes. Mensagem: [ATIVO #0000685] NOVA RESPOSTA 0000685 - Solicitação de Etiquetas e Lacres, Erro: SMTP connect() failed. https://github.com/PHPMailer/PHPMailer/wiki/Troubleshooting
2023-06-21 15:30:55 [2@GS003021]
Atenção: um e-mail não foi entregue para glpi@gruposolutions.com.br com mais 6 tentativas restantes. Mensagem: [ATIVO] Monitoramento de ações automáticas, Erro: SMTP connect() failed. https://github.com/PHPMailer/PHPMailer/wiki/Troubleshooting
