2023-02-02 13:16:11 [2@GS003021]
0 segundo for "Trabalho em progresso..." @ 2023-02-02 13:16:11 [2@GS003021]
0 segundo for "Add new configurations / user preferences" @ 2023-02-02 13:16:11 [2@GS003021]
0 segundo for "Migração de dados - glpi_displaypreferences" @ 2023-02-02 13:16:11 [2@GS003021]
0 segundo for "Alteração de layout do banco de dados - glpi_appliances" @ 2023-02-02 13:16:11 [2@GS003021]
0 segundo for "Alteração de layout do banco de dados - glpi_cables" @ 2023-02-02 13:16:11 [2@GS003021]
0 segundo for "Alteração de layout do banco de dados - glpi_users" @ 2023-02-02 13:16:11 [2@GS003021]
0 segundo for "Alteração de layout do banco de dados - glpi_items_devicesimcards" @ 2023-02-02 13:16:11 [2@GS003021]
0 segundo for "Alteração de layout do banco de dados - glpi_transfers" @ 2023-02-02 13:16:12 [2@GS003021]
1 segundo for "Alteração de layout do banco de dados - glpi_unmanageds" @ 2023-02-02 13:16:12 [2@GS003021]
0 segundo for "Valores de configuração adicionados para timeline_action_btn_layout, timeline_date_format, initialized_rules_collections (core)." @ 2023-02-02 13:16:12 [2@GS003021]
0 segundo for "Valores de configuração adicionados para entities_id_default, import_unmanaged (inventory)." @ 2023-02-02 13:16:12 [2@GS003021]
0 segundo for "Tarefa concluída." @ 2023-02-03 13:39:58 [2@GS003021]
0 segundo for "Trabalho em progresso..." @ 2023-02-03 13:39:58 [2@GS003021]
0 segundo for "Add new configurations / user preferences" @ 2023-02-03 13:39:58 [2@GS003021]
0 segundo for "Migração de dados - glpi_displaypreferences" @ 2023-02-03 13:39:58 [2@GS003021]
0 segundo for "Alteração de layout do banco de dados - glpi_appliances" @ 2023-02-03 13:39:58 [2@GS003021]
0 segundo for "Alteração de layout do banco de dados - glpi_cables" @ 2023-02-03 13:39:58 [2@GS003021]
0 segundo for "Alteração de layout do banco de dados - glpi_users" @ 2023-02-03 13:39:58 [2@GS003021]
0 segundo for "Alteração de layout do banco de dados - glpi_items_devicesimcards" @ 2023-02-03 13:39:58 [2@GS003021]
0 segundo for "Alteração de layout do banco de dados - glpi_transfers" @ 2023-02-03 13:39:58 [2@GS003021]
0 segundo for "Alteração de layout do banco de dados - glpi_unmanageds" @ 2023-02-03 13:39:58 [2@GS003021]
0 segundo for "Valores de configuração adicionados para timeline_action_btn_layout, timeline_date_format, initialized_rules_collections (core)." @ 2023-02-03 13:39:58 [2@GS003021]
0 segundo for "Valores de configuração adicionados para entities_id_default, import_unmanaged (inventory)." @ 2023-02-06 17:17:41 [@localhost]
0 segundo for "Trabalho em progresso..." @ 2023-02-06 17:17:41 [@localhost]
0 segundo for "Add new configurations / user preferences" @ 2023-02-06 17:17:41 [@localhost]
0 segundo for "Migração de dados - glpi_displaypreferences" @ 2023-02-06 17:17:41 [@localhost]
0 segundo for "Alteração de layout do banco de dados - glpi_appliances" @ 2023-02-06 17:17:41 [@localhost]
0 segundo for "Alteração de layout do banco de dados - glpi_cables" @ 2023-02-06 17:17:41 [@localhost]
0 segundo for "Alteração de layout do banco de dados - glpi_users" @ 2023-02-06 17:17:41 [@localhost]
0 segundo for "Alteração de layout do banco de dados - glpi_items_devicesimcards" @ 2023-02-06 17:17:41 [@localhost]
0 segundo for "Alteração de layout do banco de dados - glpi_transfers" @ 2023-02-06 17:17:41 [@localhost]
0 segundo for "Alteração de layout do banco de dados - glpi_unmanageds" @ 2023-02-06 17:17:41 [@localhost]
0 segundo for "Valores de configuração adicionados para timeline_action_btn_layout, timeline_date_format, initialized_rules_collections (core)." @ 2023-02-06 17:17:41 [@localhost]
0 segundo for "Valores de configuração adicionados para entities_id_default, import_unmanaged (inventory)." @ 