2022-07-06 19:18:33 [2@GS001376]
0 segundo for "GLPI Inventory plugin installation" @ 2022-07-06 19:18:33 [2@GS001376]
0 segundo for "Clean data from old installation of the plugin" @ 2022-07-06 19:18:33 [2@GS001376]
0 segundo for "Clean rules from old installation of the plugin" @ 2022-07-06 19:18:33 [2@GS001376]
0 segundo for "Creation tables in database" @ 2022-07-06 19:18:33 [2@GS001376]
0 segundo for "Creation of folders" @ 2022-07-06 19:18:34 [2@GS001376]
1 segundo for "Initialize profiles" @ 2022-07-06 19:18:34 [2@GS001376]
0 segundo for "Initialize configuration" @ 2022-07-06 19:18:34 [2@GS001376]
0 segundo for "Initialize agent TASKS" @ 2022-07-22 16:11:58 [2@GS001376]
0 segundo for "Alteração de layout do banco de dados - glpi_plugin_mydashboard_preferences" @ 2022-07-22 16:11:58 [2@GS001376]
0 segundo for "Alteração de layout do banco de dados - glpi_plugin_mydashboard_configs" @ 2022-08-01 20:16:50 [2@GS001376]
0 segundo for "Alteração de layout do banco de dados - glpi_plugin_mydashboard_preferences" @ 2022-08-01 20:16:50 [2@GS001376]
0 segundo for "Alteração de layout do banco de dados - glpi_plugin_mydashboard_configs" @ 2022-08-23 10:17:17 [2@GS001376]
0 segundo for "GLPI Inventory plugin installation" @ 2022-08-23 10:17:17 [2@GS001376]
0 segundo for "Clean data from old installation of the plugin" @ 2022-08-23 10:17:17 [2@GS001376]
0 segundo for "Clean rules from old installation of the plugin" @ 2022-08-23 10:17:18 [2@GS001376]
1 segundo for "Creation tables in database" @ 2022-08-23 10:17:18 [2@GS001376]
0 segundo for "Creation of folders" @ 2022-08-23 10:17:19 [2@GS001376]
1 segundo for "Initialize profiles" @ 2022-08-23 10:17:19 [2@GS001376]
0 segundo for "Initialize configuration" @ 2022-08-23 10:17:19 [2@GS001376]
0 segundo for "Initialize agent TASKS" @ 2022-08-23 10:17:36 [2@GS001376]
0 segundo for "Alteração de layout do banco de dados - glpi_plugin_mydashboard_preferences" @ 2022-08-23 10:17:36 [2@GS001376]
0 segundo for "Alteração de layout do banco de dados - glpi_plugin_mydashboard_configs" @ 2023-06-19 14:54:49 [2@GS003021]
0 segundo for "Migration Classname : Migration" @ 2023-06-19 14:54:51 [2@GS003021]
2 segundos for "Update of plugin GLPI Inventory" @ 2023-06-19 14:54:51 [2@GS003021]
0 segundo for "Alteração de layout do banco de dados - glpi_plugin_glpiinventory_agents" @ 2023-06-19 14:54:51 [2@GS003021]
0 segundo for "Alteração de layout do banco de dados - glpi_plugin_glpiinventory_agents" @ 2023-06-19 14:54:51 [2@GS003021]
0 segundo for "Alteração de layout do banco de dados - glpi_plugin_glpiinventory_agents" @ 2023-06-19 14:54:51 [2@GS003021]
0 segundo for "Alteração de layout do banco de dados - glpi_plugin_glpiinventory_agentmodules" @ 2023-06-19 14:54:52 [2@GS003021]
1 segundo for "Alteração de layout do banco de dados - glpi_plugin_glpiinventory_configs" @ 2023-06-19 14:54:52 [2@GS003021]
0 segundo for "Alteração de layout do banco de dados - glpi_plugin_glpiinventory_configs" @ 2023-06-19 14:54:52 [2@GS003021]
0 segundo for "Adicionando índice único - glpi_plugin_glpiinventory_configs" @ 2023-06-19 14:54:52 [2@GS003021]
0 segundo for "Alteração de layout do banco de dados - glpi_plugin_glpiinventory_entities" @ 2023-06-19 14:54:52 [2@GS003021]
0 segundo for "Alteração de layout do banco de dados - glpi_plugin_glpiinventory_entities" @ 2023-06-19 14:54:52 [2@GS003021]
0 segundo for "Alteração de layout do banco de dados - glpi_plugin_glpiinventory_entities" @ 2023-06-19 14:54:52 [2@GS003021]
0 segundo for "Alteração de layout do banco de dados - glpi_plugin_glpiinventory_locks" @ 2023-06-19 14:54:52 [2@GS003021]
0 segundo for "Alteração de layout do banco de dados - glpi_plugin_glpiinventory_locks" @ 2023-06-19 14:54:52 [2@GS003021]
0 segundo for "Alteração de layout do banco de dados - glpi_plugin_glpiinventory_locks" @ 2023-06-19 14:54:52 [2@GS003021]
0 segundo for "Alteração de layout do banco de dados - glpi_plugin_glpiinventory_locks" @ 2023-06-19 14:54:52 [2@GS003021]
0 segundo for "Adicionando índice único - glpi_plugin_glpiinventory_locks" @ 2023-06-19 14:54:52 [2@GS003021]
0 segundo for "Alteração de layout do banco de dados - glpi_plugin_glpiinventory_ignoredimportdevices" @ 2023-06-19 14:54:52 [2@GS003021]
0 segundo for "Alteração de layout do banco de dados - glpi_plugin_glpiinventory_ignoredimportdevices" @ 2023-06-19 14:54:53 [2@GS003021]
1 segundo for "Alteração de layout do banco de dados - glpi_plugin_glpiinventory_ignoredimportdevices" @ 2023-06-19 14:54:53 [2@GS003021]
0 segundo for "Alteração de layout do banco de dados - glpi_plugin_glpiinventory_rulematchedlogs" @ 2023-06-19 14:54:53 [2@GS003021]
0 segundo for "Alteração de layout do banco de dados - glpi_plugin_glpiinventory_rulematchedlogs" @ 2023-06-19 14:54:53 [2@GS003021]
0 segundo for "Alteração de layout do banco de dados - glpi_plugin_glpiinventory_unmanageds" @ 2023-06-19 14:54:53 [2@GS003021]
0 segundo for "Alteração de layout do banco de dados - glpi_plugin_glpiinventory_unmanageds" @ 2023-06-19 14:54:53 [2@GS003021]
0 segundo for "Alteração de layout do banco de dados - glpi_plugin_glpiinventory_unmanageds" @ 2023-06-19 14:54:53 [2@GS003021]
0 segundo for "Alteração de layout do banco de dados - glpi_plugin_glpiinventory_inventorycomputercriterias" @ 2023-06-19 14:54:53 [2@GS003021]
0 segundo for "Alteração de layout do banco de dados - glpi_plugin_glpiinventory_inventorycomputercriterias" @ 2023-06-19 14:54:53 [2@GS003021]
0 segundo for "Alteração de layout do banco de dados - glpi_plugin_glpiinventory_inventorycomputercriterias" @ 2023-06-19 14:54:53 [2@GS003021]
0 segundo for "Alteração de layout do banco de dados - glpi_plugin_glpiinventory_inventorycomputerblacklists" @ 2023-06-19 14:54:53 [2@GS003021]
0 segundo for "Alteração de layout do banco de dados - glpi_plugin_glpiinventory_inventorycomputerblacklists" @ 2023-06-19 14:54:54 [2@GS003021]
1 segundo for "Alteração de layout do banco de dados - glpi_plugin_glpiinventory_inventorycomputerblacklists" @ 2023-06-19 14:54:54 [2@GS003021]
0 segundo for "Alteração de layout do banco de dados - glpi_plugin_glpiinventory_inventorycomputercomputers" @ 2023-06-19 14:54:54 [2@GS003021]
0 segundo for "Alteração de layout do banco de dados - glpi_plugin_glpiinventory_inventorycomputercomputers" @ 2023-06-19 14:54:54 [2@GS003021]
0 segundo for "Alteração de layout do banco de dados - glpi_plugin_glpiinventory_inventorycomputercomputers" @ 2023-06-19 14:54:54 [2@GS003021]
0 segundo for "Alteração de layout do banco de dados - glpi_plugin_glpiinventory_computerlicenseinfos" @ 2023-06-19 14:54:54 [2@GS003021]
0 segundo for "Alteração de layout do banco de dados - glpi_plugin_glpiinventory_computerlicenseinfos" @ 2023-06-19 14:54:54 [2@GS003021]
0 segundo for "Alteração de layout do banco de dados - glpi_plugin_glpiinventory_computerlicenseinfos" @ 2023-06-19 14:54:54 [2@GS003021]
0 segundo for "Alteração de layout do banco de dados - glpi_plugin_glpiinventory_computerremotemanagements" @ 2023-06-19 14:54:54 [2@GS003021]
0 segundo for "Alteração de layout do banco de dados - glpi_plugin_glpiinventory_computerremotemanagements" @ 2023-06-19 14:54:54 [2@GS003021]
0 segundo for "Alteração de layout do banco de dados - glpi_plugin_glpiinventory_computerremotemanagements" @ 2023-06-19 14:54:54 [2@GS003021]
0 segundo for "Alteração de layout do banco de dados - glpi_plugin_glpiinventory_inventorycomputercomputers" @ 2023-06-19 14:54:55 [2@GS003021]
1 segundo for "Alteração de layout do banco de dados - glpi_plugin_glpiinventory_dblockinventorynames" @ 2023-06-19 14:54:55 [2@GS003021]
0 segundo for "Alteração de layout do banco de dados - glpi_plugin_glpiinventory_dblockinventorynames" @ 2023-06-19 14:54:55 [2@GS003021]
0 segundo for "Adicionando índice único - glpi_plugin_glpiinventory_dblockinventorynames" @ 2023-06-19 14:54:55 [2@GS003021]
0 segundo for "Alteração de layout do banco de dados - glpi_plugin_glpiinventory_dblockinventories" @ 2023-06-19 14:54:55 [2@GS003021]
0 segundo for "Alteração de layout do banco de dados - glpi_plugin_glpiinventory_dblockinventories" @ 2023-06-19 14:54:55 [2@GS003021]
0 segundo for "Adicionando índice único - glpi_plugin_glpiinventory_dblockinventories" @ 2023-06-19 14:54:55 [2@GS003021]
0 segundo for "Alteração de layout do banco de dados - glpi_plugin_glpiinventory_dblocksoftwares" @ 2023-06-19 14:54:55 [2@GS003021]
0 segundo for "Alteração de layout do banco de dados - glpi_plugin_glpiinventory_dblocksoftwares" @ 2023-06-19 14:54:55 [2@GS003021]
0 segundo for "Adicionando índice único - glpi_plugin_glpiinventory_dblocksoftwares" @ 2023-06-19 14:54:55 [2@GS003021]
0 segundo for "Alteração de layout do banco de dados - glpi_plugin_glpiinventory_dblocksoftwareversions" @ 2023-06-19 14:54:55 [2@GS003021]
0 segundo for "Alteração de layout do banco de dados - glpi_plugin_glpiinventory_dblocksoftwareversions" @ 2023-06-19 14:54:55 [2@GS003021]
0 segundo for "Adicionando índice único - glpi_plugin_glpiinventory_dblocksoftwareversions" @ 2023-06-19 14:54:56 [2@GS003021]
1 segundo for "Alteração de layout do banco de dados - glpi_plugin_glpiinventory_taskjobs" @ 2023-06-19 14:54:56 [2@GS003021]
0 segundo for "Alteração de layout do banco de dados - glpi_plugin_glpiinventory_ipranges" @ 2023-06-19 14:54:56 [2@GS003021]
0 segundo for "Alteração de layout do banco de dados - glpi_plugin_glpiinventory_ipranges_configsecurities" @ 2023-06-19 14:54:56 [2@GS003021]
0 segundo for "Alteração de layout do banco de dados - glpi_plugin_glpiinventory_ipranges_configsecurities" @ 2023-06-19 14:54:56 [2@GS003021]
0 segundo for "Alteração de layout do banco de dados - glpi_plugin_glpiinventory_configlogfields" @ 2023-06-19 14:54:56 [2@GS003021]
0 segundo for "Alteração de layout do banco de dados - glpi_plugin_glpiinventory_configlogfields" @ 2023-06-19 14:54:56 [2@GS003021]
0 segundo for "Alteração de layout do banco de dados - glpi_plugin_glpiinventory_networkportconnectionlogs" @ 2023-06-19 14:54:56 [2@GS003021]
0 segundo for "Alteração de layout do banco de dados - glpi_plugin_glpiinventory_networkportconnectionlogs" @ 2023-06-19 14:54:56 [2@GS003021]
0 segundo for "Alteração de layout do banco de dados - glpi_plugin_glpiinventory_networkporttypes" @ 2023-06-19 14:54:56 [2@GS003021]
0 segundo for "Alteração de layout do banco de dados - glpi_plugin_glpiinventory_networkporttypes" @ 2023-06-19 14:54:57 [2@GS003021]
1 segundo for "Alteração de layout do banco de dados - glpi_plugin_glpiinventory_networkports" @ 2023-06-19 14:54:57 [2@GS003021]
0 segundo for "Alteração de layout do banco de dados - glpi_plugin_glpiinventory_networkports" @ 2023-06-19 14:54:57 [2@GS003021]
0 segundo for "Alteração de layout do banco de dados - glpi_plugin_glpiinventory_networkportlogs" @ 2023-06-19 14:54:57 [2@GS003021]
0 segundo for "Alteração de layout do banco de dados - glpi_plugin_glpiinventory_networkportlogs" @ 2023-06-19 14:54:57 [2@GS003021]
0 segundo for "Alteração de layout do banco de dados - glpi_plugin_glpiinventory_networkportlogs" @ 2023-06-19 14:54:57 [2@GS003021]
0 segundo for "Alteração de layout do banco de dados - glpi_plugin_glpiinventory_printers" @ 2023-06-19 14:54:57 [2@GS003021]
0 segundo for "Alteração de layout do banco de dados - glpi_plugin_glpiinventory_printers" @ 2023-06-19 14:54:58 [2@GS003021]
1 segundo for "Alteração de layout do banco de dados - glpi_plugin_glpiinventory_printerlogs" @ 2023-06-19 14:54:58 [2@GS003021]
0 segundo for "Alteração de layout do banco de dados - glpi_plugin_glpiinventory_printerlogs" @ 2023-06-19 14:54:58 [2@GS003021]
0 segundo for "Alteração de layout do banco de dados - glpi_plugin_glpiinventory_printercartridges" @ 2023-06-19 14:54:58 [2@GS003021]
0 segundo for "Alteração de layout do banco de dados - glpi_plugin_glpiinventory_printercartridges" @ 2023-06-19 14:54:58 [2@GS003021]
0 segundo for "Alteração de layout do banco de dados - glpi_plugin_glpiinventory_printercartridges" @ 2023-06-19 14:54:58 [2@GS003021]
0 segundo for "Clean printers" @ 2023-06-19 14:54:58 [2@GS003021]
0 segundo for "Alteração de layout do banco de dados - glpi_plugin_glpiinventory_networkequipments" @ 2023-06-19 14:54:58 [2@GS003021]
0 segundo for "Alteração de layout do banco de dados - glpi_plugin_glpiinventory_networkequipments" @ 2023-06-19 14:54:58 [2@GS003021]
0 segundo for "Alteração de layout do banco de dados - glpi_plugin_glpiinventory_configsecurities" @ 2023-06-19 14:54:58 [2@GS003021]
0 segundo for "Alteração de layout do banco de dados - glpi_plugin_glpiinventory_configsecurities" @ 2023-06-19 14:54:59 [2@GS003021]
1 segundo for "Alteração de layout do banco de dados - glpi_plugin_glpiinventory_statediscoveries" @ 2023-06-19 14:54:59 [2@GS003021]
0 segundo for "Alteração de layout do banco de dados - glpi_plugin_glpiinventory_deployfiles" @ 2023-06-19 14:54:59 [2@GS003021]
0 segundo for "Alteração de layout do banco de dados - glpi_plugin_glpiinventory_deployfiles" @ 2023-06-19 14:54:59 [2@GS003021]
0 segundo for "Alteração de layout do banco de dados - glpi_plugin_glpiinventory_deploypackages" @ 2023-06-19 14:54:59 [2@GS003021]
0 segundo for "Alteração de layout do banco de dados - glpi_plugin_glpiinventory_deploypackages_entities" @ 2023-06-19 14:54:59 [2@GS003021]
0 segundo for "Alteração de layout do banco de dados - glpi_plugin_glpiinventory_deploypackages_groups" @ 2023-06-19 14:54:59 [2@GS003021]
0 segundo for "Alteração de layout do banco de dados - glpi_plugin_glpiinventory_deploypackages_profiles" @ 2023-06-19 14:54:59 [2@GS003021]
0 segundo for "Alteração de layout do banco de dados - glpi_plugin_glpiinventory_deploypackages_users" @ 2023-06-19 14:55:00 [2@GS003021]
1 segundo for "Alteração de layout do banco de dados - glpi_plugin_glpiinventory_deploymirrors" @ 2023-06-19 14:55:00 [2@GS003021]
0 segundo for "Alteração de layout do banco de dados - glpi_plugin_glpiinventory_deploygroups" @ 2023-06-19 14:55:00 [2@GS003021]
0 segundo for "Alteração de layout do banco de dados - glpi_plugin_glpiinventory_deploygroups_staticdatas" @ 2023-06-19 14:55:00 [2@GS003021]
0 segundo for "Alteração de layout do banco de dados - glpi_plugin_glpiinventory_deploygroups_dynamicdatas" @ 2023-06-19 14:55:00 [2@GS003021]
0 segundo for "Alteração de layout do banco de dados - glpi_plugin_glpiinventory_credentials" @ 2023-06-19 14:55:00 [2@GS003021]
0 segundo for "Alteração de layout do banco de dados - glpi_plugin_glpiinventory_credentialips" @ 2023-06-19 14:55:00 [2@GS003021]
0 segundo for "Alteração de layout do banco de dados - glpi_plugin_glpiinventory_collects" @ 2023-06-19 14:55:00 [2@GS003021]
0 segundo for "Alteração de layout do banco de dados - glpi_plugin_glpiinventory_collects_registries" @ 2023-06-19 14:55:00 [2@GS003021]
0 segundo for "Alteração de layout do banco de dados - glpi_plugin_glpiinventory_collects_registries_contents" @ 2023-06-19 14:55:00 [2@GS003021]
0 segundo for "Alteração de layout do banco de dados - glpi_plugin_glpiinventory_collects_wmis" @ 2023-06-19 14:55:01 [2@GS003021]
1 segundo for "Alteração de layout do banco de dados - glpi_plugin_glpiinventory_collects_wmis_contents" @ 2023-06-19 14:55:01 [2@GS003021]
0 segundo for "Alteração de layout do banco de dados - glpi_plugin_glpiinventory_collects_files" @ 2023-06-19 14:55:01 [2@GS003021]
0 segundo for "Alteração de layout do banco de dados - glpi_plugin_glpiinventory_collects_files_contents" @ 2023-06-19 14:55:01 [2@GS003021]
0 segundo for "Alteração de layout do banco de dados - glpi_plugin_glpiinventory_tasks" @ 2023-06-19 14:55:01 [2@GS003021]
0 segundo for "Alteração de layout do banco de dados - glpi_plugin_glpiinventory_taskjobs" @ 2023-06-19 14:55:01 [2@GS003021]
0 segundo for "Alteração de layout do banco de dados - glpi_plugin_glpiinventory_taskjoblogs" @ 2023-06-19 14:55:01 [2@GS003021]
0 segundo for "Alteração de layout do banco de dados - glpi_plugin_glpiinventory_taskjobstates" @ 2023-06-19 14:55:02 [2@GS003021]
1 segundo for "Alteração de layout do banco de dados - glpi_plugin_glpiinventory_taskjobstates" @ 2023-06-19 14:55:02 [2@GS003021]
0 segundo for "Alteração de layout do banco de dados - glpi_plugin_glpiinventory_timeslots" @ 2023-06-19 14:55:02 [2@GS003021]
0 segundo for "Alteração de layout do banco de dados - glpi_plugin_glpiinventory_timeslotentries" @ 2023-06-19 14:55:03 [2@GS003021]
1 segundo for "Add Crontasks" @ 2023-06-19 14:55:03 [2@GS003021]
0 segundo for "Alteração de layout do banco de dados - glpi_plugin_glpiinventory_taskjoblogs" @ 